2026-02-15 00:31:26,881 - __main__ - INFO - Orders API server starting
2026-02-15 00:33:30,920 - __main__ - INFO - Orders API server stopped
2026-02-15 00:34:08,456 - __main__ - INFO - Orders API server starting
2026-02-15 00:34:31,804 - __main__ - INFO - Orders API server stopped
2026-02-15 00:34:54,941 - __main__ - INFO - Orders API server starting
2026-02-15 00:38:23,531 - execution.crm_service - INFO - Database connection pool initialized
2026-02-15 00:38:23,562 - execution.crm_service - INFO - Generated order number: ORD-2026-0001
2026-02-15 00:38:23,601 - execution.crm_service - INFO - Order created: ORD-2026-0001 (ID: 917d8898-83db-4fa3-b40d-800b8435205b)
2026-02-15 00:38:23,601 - __main__ - INFO - Order created: ORD-2026-0001
2026-02-15 00:45:16,810 - __main__ - INFO - Orders API server stopped
2026-02-15 00:46:04,908 - __main__ - INFO - Orders API server starting
2026-02-15 00:46:44,278 - execution.crm_service - INFO - Database connection pool initialized
2026-02-15 00:46:44,289 - execution.crm_service - INFO - Order 917d8898-83db-4fa3-b40d-800b8435205b status updated: new -> validated
2026-02-15 00:46:44,331 - __main__ - INFO - Order 917d8898-83db-4fa3-b40d-800b8435205b status updated to validated
2026-02-15 00:47:13,261 - execution.crm_service - INFO - Order 917d8898-83db-4fa3-b40d-800b8435205b status updated: validated -> invoice_created
2026-02-15 00:47:13,299 - __main__ - INFO - Order 917d8898-83db-4fa3-b40d-800b8435205b status updated to invoice_created
2026-02-15 00:47:38,993 - execution.crm_service - INFO - Order 917d8898-83db-4fa3-b40d-800b8435205b status updated: invoice_created -> paid
2026-02-15 00:47:39,133 - __main__ - INFO - Order 917d8898-83db-4fa3-b40d-800b8435205b status updated to paid
2026-02-15 00:47:53,393 - __main__ - INFO - Orders API server stopped
2026-02-15 01:00:55,338 - __main__ - INFO - Orders API server starting
2026-02-15 01:02:40,230 - __main__ - INFO - Orders API server stopped
2026-02-15 03:12:32,644 - execution.crm_service - INFO - Database connection pool initialized
2026-02-15 03:12:32,651 - execution.crm_service - ERROR - Error getting order 917d8898-83db-4fa3-b40d-800b8435205b: column "tracking_number" does not exist
LINE 4: ...                     total_amount, delivery_cost, tracking_n...
                                                             ^
Traceback (most recent call last):
  File "C:\Users\reg-81_new\Desktop\Sinchro_Yandex\reg-81_new\AI_Works_Tasks\SmartOrder Engine\execution\crm_service.py", line 351, in get_order
    cursor.execute("""
  File "C:\Users\reg-81_new\Desktop\Sinchro_Yandex\reg-81_new\AI_Works_Tasks\SmartOrder Engine\venv\Lib\site-packages\psycopg2\extras.py", line 236, in execute
    return super().execute(query, vars)
           ^^^^^^^^^^^^^^^^^^^^^^^^^^^^
psycopg2.errors.UndefinedColumn: column "tracking_number" does not exist
LINE 4: ...                     total_amount, delivery_cost, tracking_n...
                                                             ^

2026-02-15 03:17:33,605 - execution.crm_service - INFO - Database connection pool initialized
2026-02-15 03:17:33,605 - execution.crm_service - ERROR - Error getting order 917d8898-83db-4fa3-b40d-800b8435205b: column "invoice_exported_to_1c" does not exist
LINE 4: ..., delivery_cost, tracking_number, transaction_id, invoice_ex...
                                                             ^
Traceback (most recent call last):
  File "C:\Users\reg-81_new\Desktop\Sinchro_Yandex\reg-81_new\AI_Works_Tasks\SmartOrder Engine\execution\crm_service.py", line 351, in get_order
    cursor.execute("""
  File "C:\Users\reg-81_new\Desktop\Sinchro_Yandex\reg-81_new\AI_Works_Tasks\SmartOrder Engine\venv\Lib\site-packages\psycopg2\extras.py", line 236, in execute
    return super().execute(query, vars)
           ^^^^^^^^^^^^^^^^^^^^^^^^^^^^
psycopg2.errors.UndefinedColumn: column "invoice_exported_to_1c" does not exist
LINE 4: ..., delivery_cost, tracking_number, transaction_id, invoice_ex...
                                                             ^

2026-02-15 03:19:45,603 - execution.crm_service - INFO - Database connection pool initialized
2026-02-15 03:19:45,604 - execution.crm_service - ERROR - Error getting order 917d8898-83db-4fa3-b40d-800b8435205b: column "invoice_exported_to_1c" does not exist
LINE 4: ..., delivery_cost, tracking_number, transaction_id, invoice_ex...
                                                             ^
Traceback (most recent call last):
  File "C:\Users\reg-81_new\Desktop\Sinchro_Yandex\reg-81_new\AI_Works_Tasks\SmartOrder Engine\execution\crm_service.py", line 351, in get_order
    cursor.execute("""
  File "C:\Users\reg-81_new\Desktop\Sinchro_Yandex\reg-81_new\AI_Works_Tasks\SmartOrder Engine\venv\Lib\site-packages\psycopg2\extras.py", line 236, in execute
    return super().execute(query, vars)
           ^^^^^^^^^^^^^^^^^^^^^^^^^^^^
psycopg2.errors.UndefinedColumn: column "invoice_exported_to_1c" does not exist
LINE 4: ..., delivery_cost, tracking_number, transaction_id, invoice_ex...
                                                             ^

2026-02-15 03:20:26,025 - execution.crm_service - INFO - Database connection pool initialized
2026-02-15 03:20:26,047 - __main__ - INFO - Exporting invoice to 1C for order 917d8898-83db-4fa3-b40d-800b8435205b
2026-02-15 03:20:26,048 - __main__ - INFO - Sending invoice to 1C (attempt 1/3)
2026-02-15 03:20:41,316 - __main__ - INFO - 1C response (attempt 1): status=404
2026-02-15 03:20:41,316 - __main__ - WARNING - Export attempt 1 failed, retrying in 2s: 1C error: 404 - 
2026-02-15 03:20:43,317 - __main__ - INFO - Sending invoice to 1C (attempt 2/3)
2026-02-15 03:20:43,413 - __main__ - INFO - 1C response (attempt 2): status=404
2026-02-15 03:20:43,414 - __main__ - WARNING - Export attempt 2 failed, retrying in 5s: 1C error: 404 - 
2026-02-15 03:20:48,414 - __main__ - INFO - Sending invoice to 1C (attempt 3/3)
2026-02-15 03:20:48,535 - __main__ - INFO - 1C response (attempt 3): status=404
2026-02-15 03:20:48,536 - __main__ - ERROR - All export attempts failed for order 917d8898-83db-4fa3-b40d-800b8435205b
2026-02-15 03:20:48,536 - __main__ - ERROR - Failed to export invoice to 1C after 3 attempts
2026-02-15 03:23:11,403 - execution.crm_service - INFO - Database connection pool initialized
2026-02-15 03:23:11,412 - __main__ - INFO - Exporting invoice to 1C for order 917d8898-83db-4fa3-b40d-800b8435205b
2026-02-15 03:23:11,412 - __main__ - INFO - Sending invoice to 1C (attempt 1/3)
2026-02-15 03:23:11,536 - __main__ - INFO - 1C response (attempt 1): status=200
2026-02-15 03:23:11,536 - __main__ - INFO - Invoice exported successfully to 1C
2026-02-15 03:23:11,558 - __main__ - INFO - Invoice export flag updated for order 917d8898-83db-4fa3-b40d-800b8435205b: True
2026-02-15 03:23:11,559 - __main__ - INFO - Invoice exported successfully to 1C
2026-02-15 03:27:14,766 - execution.crm_service - INFO - Database connection pool initialized
2026-02-15 03:27:14,775 - __main__ - INFO - Invoice for order 917d8898-83db-4fa3-b40d-800b8435205b already exported to 1C
2026-02-15 03:29:51,073 - execution.crm_service - INFO - Database connection pool initialized
2026-02-15 03:29:51,082 - __main__ - INFO - Exporting invoice to 1C for order 917d8898-83db-4fa3-b40d-800b8435205b
2026-02-15 03:29:51,082 - __main__ - INFO - Sending invoice to 1C (attempt 1/3)
2026-02-15 03:29:51,947 - __main__ - INFO - 1C response (attempt 1): status=200
2026-02-15 03:29:51,948 - __main__ - INFO - Invoice exported successfully to 1C
2026-02-15 03:29:51,950 - __main__ - INFO - Invoice export flag updated for order 917d8898-83db-4fa3-b40d-800b8435205b: True
2026-02-15 03:29:51,950 - __main__ - INFO - Invoice exported successfully to 1C
2026-02-15 03:30:47,721 - execution.crm_service - INFO - Database connection pool initialized
2026-02-15 03:30:47,732 - __main__ - INFO - Invoice for order 917d8898-83db-4fa3-b40d-800b8435205b already exported to 1C
2026-02-15 03:30:58,959 - execution.crm_service - INFO - Database connection pool initialized
2026-02-15 03:30:58,968 - __main__ - INFO - Exporting invoice to 1C for order 917d8898-83db-4fa3-b40d-800b8435205b
2026-02-15 03:30:58,968 - __main__ - INFO - Sending invoice to 1C (attempt 1/3)
2026-02-15 03:30:59,044 - __main__ - INFO - 1C response (attempt 1): status=200
2026-02-15 03:30:59,044 - __main__ - INFO - Invoice exported successfully to 1C
2026-02-15 03:30:59,049 - __main__ - INFO - Invoice export flag updated for order 917d8898-83db-4fa3-b40d-800b8435205b: True
2026-02-15 03:30:59,049 - __main__ - INFO - Invoice exported successfully to 1C
2026-02-15 03:33:21,511 - execution.crm_service - INFO - Database connection pool initialized
2026-02-15 03:33:21,517 - __main__ - INFO - Invoice for order 917d8898-83db-4fa3-b40d-800b8435205b already exported to 1C
2026-02-15 03:34:03,309 - execution.crm_service - INFO - Database connection pool initialized
2026-02-15 03:34:03,317 - __main__ - INFO - Exporting invoice to 1C for order 917d8898-83db-4fa3-b40d-800b8435205b
2026-02-15 03:34:03,317 - __main__ - INFO - Sending invoice to 1C (attempt 1/3)
2026-02-15 03:34:04,826 - __main__ - INFO - 1C response (attempt 1): status=200
2026-02-15 03:34:04,826 - __main__ - INFO - Invoice exported successfully to 1C
2026-02-15 03:34:04,828 - __main__ - INFO - Invoice export flag updated for order 917d8898-83db-4fa3-b40d-800b8435205b: True
2026-02-15 03:34:04,828 - __main__ - INFO - Invoice exported successfully to 1C
2026-02-15 03:35:47,831 - execution.crm_service - INFO - Database connection pool initialized
2026-02-15 03:35:47,838 - __main__ - INFO - Exporting invoice to 1C for order 917d8898-83db-4fa3-b40d-800b8435205b
2026-02-15 03:35:47,839 - __main__ - INFO - Sending invoice to 1C (attempt 1/3)
2026-02-15 03:35:55,575 - __main__ - INFO - 1C response (attempt 1): status=200
2026-02-15 03:35:55,575 - __main__ - ERROR - 1C returned error in response (HTTP 200): {<Неизвестный модуль>(84)}: Поле объекта не обнаружено (Товары)
2026-02-15 03:35:55,576 - __main__ - WARNING - Export attempt 1 failed, retrying in 2s: 1C processing error: {<Неизвестный модуль>(84)}: Поле объекта не обнаружено (Товары)
2026-02-15 03:35:57,577 - __main__ - INFO - Sending invoice to 1C (attempt 2/3)
2026-02-15 03:35:57,631 - __main__ - INFO - 1C response (attempt 2): status=200
2026-02-15 03:35:57,631 - __main__ - ERROR - 1C returned error in response (HTTP 200): {<Неизвестный модуль>(84)}: Поле объекта не обнаружено (Товары)
2026-02-15 03:35:57,632 - __main__ - WARNING - Export attempt 2 failed, retrying in 5s: 1C processing error: {<Неизвестный модуль>(84)}: Поле объекта не обнаружено (Товары)
2026-02-15 03:36:02,633 - __main__ - INFO - Sending invoice to 1C (attempt 3/3)
2026-02-15 03:36:02,649 - __main__ - INFO - 1C response (attempt 3): status=200
2026-02-15 03:36:02,650 - __main__ - ERROR - 1C returned error in response (HTTP 200): {<Неизвестный модуль>(84)}: Поле объекта не обнаружено (Товары)
2026-02-15 03:36:02,650 - __main__ - ERROR - All export attempts failed for order 917d8898-83db-4fa3-b40d-800b8435205b
2026-02-15 03:36:02,650 - __main__ - ERROR - Failed to export invoice to 1C after 3 attempts
2026-02-15 03:36:52,834 - execution.crm_service - INFO - Database connection pool initialized
2026-02-15 03:36:52,843 - __main__ - INFO - Exporting invoice to 1C for order 917d8898-83db-4fa3-b40d-800b8435205b
2026-02-15 03:36:52,843 - __main__ - INFO - Sending invoice to 1C (attempt 1/3)
2026-02-15 03:36:58,330 - __main__ - INFO - 1C response (attempt 1): status=200
2026-02-15 03:36:58,330 - __main__ - INFO - Invoice exported successfully to 1C
2026-02-15 03:36:58,332 - __main__ - INFO - Invoice export flag updated for order 917d8898-83db-4fa3-b40d-800b8435205b: True
2026-02-15 03:36:58,333 - __main__ - INFO - Invoice exported successfully to 1C
2026-02-15 03:45:00,879 - execution.crm_service - INFO - Database connection pool initialized
2026-02-15 03:45:00,895 - __main__ - INFO - Exporting invoice to 1C for order 917d8898-83db-4fa3-b40d-800b8435205b
2026-02-15 03:45:00,896 - __main__ - INFO - Sending invoice to 1C (attempt 1/3)
2026-02-15 03:45:02,437 - __main__ - INFO - 1C response (attempt 1): status=200
2026-02-15 03:45:02,438 - __main__ - INFO - Invoice exported successfully to 1C
2026-02-15 03:45:02,442 - __main__ - INFO - Invoice export flag updated for order 917d8898-83db-4fa3-b40d-800b8435205b: True
2026-02-15 03:45:02,442 - __main__ - INFO - Invoice exported successfully to 1C
2026-02-15 04:08:58,253 - execution.crm_service - INFO - Database connection pool initialized
2026-02-15 04:08:58,270 - __main__ - INFO - Invoice for order 917d8898-83db-4fa3-b40d-800b8435205b already exported to 1C
2026-02-15 04:09:34,460 - execution.crm_service - INFO - Database connection pool initialized
2026-02-15 04:09:34,468 - __main__ - INFO - Exporting invoice to 1C for order 917d8898-83db-4fa3-b40d-800b8435205b
2026-02-15 04:09:34,468 - __main__ - INFO - Sending invoice to 1C (attempt 1/3)
2026-02-15 04:09:34,695 - __main__ - INFO - 1C response (attempt 1): status=200
2026-02-15 04:09:34,695 - __main__ - ERROR - 1C returned error in response (HTTP 200): {api ОбщийМодуль.api_ОбщегоНазначения.Модуль(72)}: Ошибка компиляции при вычислении выражения или выполнении фрагмента кода: {<Неизвестный модуль>(40,21)}: Переменная не определена (СправочникСсылка)
2026-02-15 04:09:34,695 - __main__ - WARNING - Export attempt 1 failed, retrying in 2s: 1C processing error: {api ОбщийМодуль.api_ОбщегоНазначения.Модуль(72)}: Ошибка компиляции при вычислении выражения или выполнении фрагмента кода: {<Неизвестный модуль>(40,21)}: Переменная не определена (СправочникСсылка)
2026-02-15 04:09:36,697 - __main__ - INFO - Sending invoice to 1C (attempt 2/3)
2026-02-15 04:09:36,731 - __main__ - INFO - 1C response (attempt 2): status=200
2026-02-15 04:09:36,731 - __main__ - ERROR - 1C returned error in response (HTTP 200): {api ОбщийМодуль.api_ОбщегоНазначения.Модуль(72)}: Ошибка компиляции при вычислении выражения или выполнении фрагмента кода: {<Неизвестный модуль>(40,21)}: Переменная не определена (СправочникСсылка)
2026-02-15 04:09:36,731 - __main__ - WARNING - Export attempt 2 failed, retrying in 5s: 1C processing error: {api ОбщийМодуль.api_ОбщегоНазначения.Модуль(72)}: Ошибка компиляции при вычислении выражения или выполнении фрагмента кода: {<Неизвестный модуль>(40,21)}: Переменная не определена (СправочникСсылка)
2026-02-15 04:09:41,733 - __main__ - INFO - Sending invoice to 1C (attempt 3/3)
2026-02-15 04:09:41,774 - __main__ - INFO - 1C response (attempt 3): status=200
2026-02-15 04:09:41,774 - __main__ - ERROR - 1C returned error in response (HTTP 200): {api ОбщийМодуль.api_ОбщегоНазначения.Модуль(72)}: Ошибка компиляции при вычислении выражения или выполнении фрагмента кода: {<Неизвестный модуль>(40,21)}: Переменная не определена (СправочникСсылка)
2026-02-15 04:09:41,775 - __main__ - ERROR - All export attempts failed for order 917d8898-83db-4fa3-b40d-800b8435205b
2026-02-15 04:09:41,775 - __main__ - ERROR - Failed to export invoice to 1C after 3 attempts
2026-02-15 04:10:08,038 - execution.crm_service - INFO - Database connection pool initialized
2026-02-15 04:10:08,048 - __main__ - INFO - Exporting invoice to 1C for order 917d8898-83db-4fa3-b40d-800b8435205b
2026-02-15 04:10:08,049 - __main__ - INFO - Sending invoice to 1C (attempt 1/3)
2026-02-15 04:10:08,128 - __main__ - INFO - 1C response (attempt 1): status=200
2026-02-15 04:10:08,128 - __main__ - ERROR - 1C returned error in response (HTTP 200): {<Неизвестный модуль>(40)}: Поле объекта не обнаружено (Розничная)
2026-02-15 04:10:08,128 - __main__ - WARNING - Export attempt 1 failed, retrying in 2s: 1C processing error: {<Неизвестный модуль>(40)}: Поле объекта не обнаружено (Розничная)
2026-02-15 04:10:10,130 - __main__ - INFO - Sending invoice to 1C (attempt 2/3)
2026-02-15 04:10:10,149 - __main__ - INFO - 1C response (attempt 2): status=200
2026-02-15 04:10:10,149 - __main__ - ERROR - 1C returned error in response (HTTP 200): {<Неизвестный модуль>(40)}: Поле объекта не обнаружено (Розничная)
2026-02-15 04:10:10,150 - __main__ - WARNING - Export attempt 2 failed, retrying in 5s: 1C processing error: {<Неизвестный модуль>(40)}: Поле объекта не обнаружено (Розничная)
2026-02-15 04:10:15,151 - __main__ - INFO - Sending invoice to 1C (attempt 3/3)
2026-02-15 04:10:15,181 - __main__ - INFO - 1C response (attempt 3): status=200
2026-02-15 04:10:15,182 - __main__ - ERROR - 1C returned error in response (HTTP 200): {<Неизвестный модуль>(40)}: Поле объекта не обнаружено (Розничная)
2026-02-15 04:10:15,182 - __main__ - ERROR - All export attempts failed for order 917d8898-83db-4fa3-b40d-800b8435205b
2026-02-15 04:10:15,182 - __main__ - ERROR - Failed to export invoice to 1C after 3 attempts
2026-02-15 04:16:58,109 - execution.crm_service - INFO - Database connection pool initialized
2026-02-15 04:16:58,117 - __main__ - INFO - Exporting invoice to 1C for order 917d8898-83db-4fa3-b40d-800b8435205b
2026-02-15 04:16:58,117 - __main__ - INFO - Sending invoice to 1C (attempt 1/3)
2026-02-15 04:16:58,202 - __main__ - INFO - 1C response (attempt 1): status=200
2026-02-15 04:16:58,203 - __main__ - ERROR - 1C returned error in response (HTTP 200): {api ОбщийМодуль.api_ОбщегоНазначения.Модуль(72)}: Ошибка компиляции при вычислении выражения или выполнении фрагмента кода: {<Неизвестный модуль>(113,1)}: Процедура или функция с указанным именем не определена (ОбработатьИзменениеДоговора)
2026-02-15 04:16:58,203 - __main__ - WARNING - Export attempt 1 failed, retrying in 2s: 1C processing error: {api ОбщийМодуль.api_ОбщегоНазначения.Модуль(72)}: Ошибка компиляции при вычислении выражения или выполнении фрагмента кода: {<Неизвестный модуль>(113,1)}: Процедура или функция с указанным именем не определена (ОбработатьИзменениеДоговора)
2026-02-15 04:17:00,204 - __main__ - INFO - Sending invoice to 1C (attempt 2/3)
2026-02-15 04:17:00,213 - __main__ - INFO - 1C response (attempt 2): status=200
2026-02-15 04:17:00,214 - __main__ - ERROR - 1C returned error in response (HTTP 200): {api ОбщийМодуль.api_ОбщегоНазначения.Модуль(72)}: Ошибка компиляции при вычислении выражения или выполнении фрагмента кода: {<Неизвестный модуль>(113,1)}: Процедура или функция с указанным именем не определена (ОбработатьИзменениеДоговора)
2026-02-15 04:17:00,214 - __main__ - WARNING - Export attempt 2 failed, retrying in 5s: 1C processing error: {api ОбщийМодуль.api_ОбщегоНазначения.Модуль(72)}: Ошибка компиляции при вычислении выражения или выполнении фрагмента кода: {<Неизвестный модуль>(113,1)}: Процедура или функция с указанным именем не определена (ОбработатьИзменениеДоговора)
2026-02-15 04:17:05,215 - __main__ - INFO - Sending invoice to 1C (attempt 3/3)
2026-02-15 04:17:05,246 - __main__ - INFO - 1C response (attempt 3): status=200
2026-02-15 04:17:05,247 - __main__ - ERROR - 1C returned error in response (HTTP 200): {api ОбщийМодуль.api_ОбщегоНазначения.Модуль(72)}: Ошибка компиляции при вычислении выражения или выполнении фрагмента кода: {<Неизвестный модуль>(113,1)}: Процедура или функция с указанным именем не определена (ОбработатьИзменениеДоговора)
2026-02-15 04:17:05,247 - __main__ - ERROR - All export attempts failed for order 917d8898-83db-4fa3-b40d-800b8435205b
2026-02-15 04:17:05,248 - __main__ - ERROR - Failed to export invoice to 1C after 3 attempts
2026-02-15 04:20:31,433 - execution.crm_service - INFO - Database connection pool initialized
2026-02-15 04:20:31,445 - __main__ - INFO - Exporting invoice to 1C for order 917d8898-83db-4fa3-b40d-800b8435205b
2026-02-15 04:20:31,446 - __main__ - INFO - Sending invoice to 1C (attempt 1/3)
2026-02-15 04:20:32,981 - __main__ - INFO - 1C response (attempt 1): status=200
2026-02-15 04:20:32,981 - __main__ - ERROR - 1C returned error in response (HTTP 200): {<Неизвестный модуль>(110)}: Метод объекта не обнаружен (ПересчитатьСуммы)
2026-02-15 04:20:32,981 - __main__ - WARNING - Export attempt 1 failed, retrying in 2s: 1C processing error: {<Неизвестный модуль>(110)}: Метод объекта не обнаружен (ПересчитатьСуммы)
2026-02-15 04:20:34,982 - __main__ - INFO - Sending invoice to 1C (attempt 2/3)
2026-02-15 04:20:35,005 - __main__ - INFO - 1C response (attempt 2): status=200
2026-02-15 04:20:35,005 - __main__ - ERROR - 1C returned error in response (HTTP 200): {<Неизвестный модуль>(110)}: Метод объекта не обнаружен (ПересчитатьСуммы)
2026-02-15 04:20:35,005 - __main__ - WARNING - Export attempt 2 failed, retrying in 5s: 1C processing error: {<Неизвестный модуль>(110)}: Метод объекта не обнаружен (ПересчитатьСуммы)
2026-02-15 04:20:40,007 - __main__ - INFO - Sending invoice to 1C (attempt 3/3)
2026-02-15 04:20:40,037 - __main__ - INFO - 1C response (attempt 3): status=200
2026-02-15 04:20:40,037 - __main__ - ERROR - 1C returned error in response (HTTP 200): {<Неизвестный модуль>(110)}: Метод объекта не обнаружен (ПересчитатьСуммы)
2026-02-15 04:20:40,037 - __main__ - ERROR - All export attempts failed for order 917d8898-83db-4fa3-b40d-800b8435205b
2026-02-15 04:20:40,038 - __main__ - ERROR - Failed to export invoice to 1C after 3 attempts
2026-02-15 04:21:34,029 - execution.crm_service - INFO - Database connection pool initialized
2026-02-15 04:21:34,039 - __main__ - INFO - Exporting invoice to 1C for order 917d8898-83db-4fa3-b40d-800b8435205b
2026-02-15 04:21:34,039 - __main__ - INFO - Sending invoice to 1C (attempt 1/3)
2026-02-15 04:21:34,208 - __main__ - INFO - 1C response (attempt 1): status=200
2026-02-15 04:21:34,208 - __main__ - ERROR - 1C returned error in response (HTTP 200): {<Неизвестный модуль>(109)}: Поле объекта не обнаружено (Товары)
2026-02-15 04:21:34,208 - __main__ - WARNING - Export attempt 1 failed, retrying in 2s: 1C processing error: {<Неизвестный модуль>(109)}: Поле объекта не обнаружено (Товары)
2026-02-15 04:21:36,209 - __main__ - INFO - Sending invoice to 1C (attempt 2/3)
2026-02-15 04:21:36,222 - __main__ - INFO - 1C response (attempt 2): status=200
2026-02-15 04:21:36,222 - __main__ - ERROR - 1C returned error in response (HTTP 200): {<Неизвестный модуль>(109)}: Поле объекта не обнаружено (Товары)
2026-02-15 04:21:36,222 - __main__ - WARNING - Export attempt 2 failed, retrying in 5s: 1C processing error: {<Неизвестный модуль>(109)}: Поле объекта не обнаружено (Товары)
2026-02-15 04:21:41,223 - __main__ - INFO - Sending invoice to 1C (attempt 3/3)
2026-02-15 04:21:41,249 - __main__ - INFO - 1C response (attempt 3): status=200
2026-02-15 04:21:41,249 - __main__ - ERROR - 1C returned error in response (HTTP 200): {<Неизвестный модуль>(109)}: Поле объекта не обнаружено (Товары)
2026-02-15 04:21:41,250 - __main__ - ERROR - All export attempts failed for order 917d8898-83db-4fa3-b40d-800b8435205b
2026-02-15 04:21:41,250 - __main__ - ERROR - Failed to export invoice to 1C after 3 attempts
2026-02-15 04:21:59,996 - execution.crm_service - INFO - Database connection pool initialized
2026-02-15 04:22:00,005 - __main__ - INFO - Exporting invoice to 1C for order 917d8898-83db-4fa3-b40d-800b8435205b
2026-02-15 04:22:00,005 - __main__ - INFO - Sending invoice to 1C (attempt 1/3)
2026-02-15 04:22:02,647 - __main__ - INFO - 1C response (attempt 1): status=200
2026-02-15 04:22:02,647 - __main__ - INFO - Invoice exported successfully to 1C
2026-02-15 04:22:02,663 - __main__ - INFO - Invoice export flag updated for order 917d8898-83db-4fa3-b40d-800b8435205b: True
2026-02-15 04:22:02,663 - __main__ - INFO - Invoice exported successfully to 1C
2026-02-15 04:27:12,899 - execution.crm_service - INFO - Database connection pool initialized
2026-02-15 04:27:12,911 - __main__ - INFO - Exporting invoice to 1C for order 917d8898-83db-4fa3-b40d-800b8435205b
2026-02-15 04:27:12,912 - __main__ - INFO - Sending invoice to 1C (attempt 1/3)
2026-02-15 04:27:14,408 - __main__ - INFO - 1C response (attempt 1): status=200
2026-02-15 04:27:14,409 - __main__ - INFO - Invoice exported successfully to 1C
2026-02-15 04:27:14,412 - __main__ - INFO - Invoice export flag updated for order 917d8898-83db-4fa3-b40d-800b8435205b: True
2026-02-15 04:27:14,412 - __main__ - INFO - Invoice exported successfully to 1C
2026-02-15 04:30:20,599 - execution.crm_service - INFO - Database connection pool initialized
2026-02-15 04:30:20,610 - __main__ - INFO - Exporting invoice to 1C for order 917d8898-83db-4fa3-b40d-800b8435205b
2026-02-15 04:30:20,610 - __main__ - INFO - Sending invoice to 1C (attempt 1/3)
2026-02-15 04:30:20,704 - __main__ - INFO - 1C response (attempt 1): status=200
2026-02-15 04:30:20,705 - __main__ - ERROR - 1C returned error in response (HTTP 200): {api ОбщийМодуль.api_ОбщегоНазначения.Модуль(72)}: Ошибка компиляции при вычислении выражения или выполнении фрагмента кода: {<Неизвестный модуль>(109,39)}: Переменная не определена (ЭтотОбъект)
2026-02-15 04:30:20,705 - __main__ - WARNING - Export attempt 1 failed, retrying in 2s: 1C processing error: {api ОбщийМодуль.api_ОбщегоНазначения.Модуль(72)}: Ошибка компиляции при вычислении выражения или выполнении фрагмента кода: {<Неизвестный модуль>(109,39)}: Переменная не определена (ЭтотОбъект)
2026-02-15 04:30:22,706 - __main__ - INFO - Sending invoice to 1C (attempt 2/3)
2026-02-15 04:30:22,732 - __main__ - INFO - 1C response (attempt 2): status=200
2026-02-15 04:30:22,732 - __main__ - ERROR - 1C returned error in response (HTTP 200): {api ОбщийМодуль.api_ОбщегоНазначения.Модуль(72)}: Ошибка компиляции при вычислении выражения или выполнении фрагмента кода: {<Неизвестный модуль>(109,39)}: Переменная не определена (ЭтотОбъект)
2026-02-15 04:30:22,732 - __main__ - WARNING - Export attempt 2 failed, retrying in 5s: 1C processing error: {api ОбщийМодуль.api_ОбщегоНазначения.Модуль(72)}: Ошибка компиляции при вычислении выражения или выполнении фрагмента кода: {<Неизвестный модуль>(109,39)}: Переменная не определена (ЭтотОбъект)
2026-02-15 04:30:27,734 - __main__ - INFO - Sending invoice to 1C (attempt 3/3)
2026-02-15 04:30:27,741 - __main__ - INFO - 1C response (attempt 3): status=200
2026-02-15 04:30:27,742 - __main__ - ERROR - 1C returned error in response (HTTP 200): {api ОбщийМодуль.api_ОбщегоНазначения.Модуль(72)}: Ошибка компиляции при вычислении выражения или выполнении фрагмента кода: {<Неизвестный модуль>(109,39)}: Переменная не определена (ЭтотОбъект)
2026-02-15 04:30:27,742 - __main__ - ERROR - All export attempts failed for order 917d8898-83db-4fa3-b40d-800b8435205b
2026-02-15 04:30:27,742 - __main__ - ERROR - Failed to export invoice to 1C after 3 attempts
2026-02-15 04:31:12,428 - execution.crm_service - INFO - Database connection pool initialized
2026-02-15 04:31:12,438 - __main__ - INFO - Exporting invoice to 1C for order 917d8898-83db-4fa3-b40d-800b8435205b
2026-02-15 04:31:12,439 - __main__ - INFO - Sending invoice to 1C (attempt 1/3)
2026-02-15 04:31:12,507 - __main__ - INFO - 1C response (attempt 1): status=200
2026-02-15 04:31:12,508 - __main__ - ERROR - 1C returned error in response (HTTP 200): {api ОбщийМодуль.api_ОбщегоНазначения.Модуль(72)}: Ошибка компиляции при вычислении выражения или выполнении фрагмента кода: {<Неизвестный модуль>(111,76)}: Переменная не определена (Объект)
2026-02-15 04:31:12,508 - __main__ - WARNING - Export attempt 1 failed, retrying in 2s: 1C processing error: {api ОбщийМодуль.api_ОбщегоНазначения.Модуль(72)}: Ошибка компиляции при вычислении выражения или выполнении фрагмента кода: {<Неизвестный модуль>(111,76)}: Переменная не определена (Объект)
2026-02-15 04:31:14,509 - __main__ - INFO - Sending invoice to 1C (attempt 2/3)
2026-02-15 04:31:14,532 - __main__ - INFO - 1C response (attempt 2): status=200
2026-02-15 04:31:14,532 - __main__ - ERROR - 1C returned error in response (HTTP 200): {api ОбщийМодуль.api_ОбщегоНазначения.Модуль(72)}: Ошибка компиляции при вычислении выражения или выполнении фрагмента кода: {<Неизвестный модуль>(111,76)}: Переменная не определена (Объект)
2026-02-15 04:31:14,533 - __main__ - WARNING - Export attempt 2 failed, retrying in 5s: 1C processing error: {api ОбщийМодуль.api_ОбщегоНазначения.Модуль(72)}: Ошибка компиляции при вычислении выражения или выполнении фрагмента кода: {<Неизвестный модуль>(111,76)}: Переменная не определена (Объект)
2026-02-15 04:31:19,534 - __main__ - INFO - Sending invoice to 1C (attempt 3/3)
2026-02-15 04:31:19,543 - __main__ - INFO - 1C response (attempt 3): status=200
2026-02-15 04:31:19,544 - __main__ - ERROR - 1C returned error in response (HTTP 200): {api ОбщийМодуль.api_ОбщегоНазначения.Модуль(72)}: Ошибка компиляции при вычислении выражения или выполнении фрагмента кода: {<Неизвестный модуль>(111,76)}: Переменная не определена (Объект)
2026-02-15 04:31:19,544 - __main__ - ERROR - All export attempts failed for order 917d8898-83db-4fa3-b40d-800b8435205b
2026-02-15 04:31:19,544 - __main__ - ERROR - Failed to export invoice to 1C after 3 attempts
2026-02-15 04:32:15,711 - execution.crm_service - INFO - Database connection pool initialized
2026-02-15 04:32:15,720 - __main__ - INFO - Exporting invoice to 1C for order 917d8898-83db-4fa3-b40d-800b8435205b
2026-02-15 04:32:15,720 - __main__ - INFO - Sending invoice to 1C (attempt 1/3)
2026-02-15 04:32:15,785 - __main__ - INFO - 1C response (attempt 1): status=200
2026-02-15 04:32:15,786 - __main__ - ERROR - 1C returned error in response (HTTP 200): {api ОбщийМодуль.api_ОбщегоНазначения.Модуль(72)}: Ошибка компиляции при вычислении выражения или выполнении фрагмента кода: {<Неизвестный модуль>(115,2)}: Переменная не определена (Объект)
2026-02-15 04:32:15,786 - __main__ - WARNING - Export attempt 1 failed, retrying in 2s: 1C processing error: {api ОбщийМодуль.api_ОбщегоНазначения.Модуль(72)}: Ошибка компиляции при вычислении выражения или выполнении фрагмента кода: {<Неизвестный модуль>(115,2)}: Переменная не определена (Объект)
2026-02-15 04:32:17,787 - __main__ - INFO - Sending invoice to 1C (attempt 2/3)
2026-02-15 04:32:17,798 - __main__ - INFO - 1C response (attempt 2): status=200
2026-02-15 04:32:17,798 - __main__ - ERROR - 1C returned error in response (HTTP 200): {api ОбщийМодуль.api_ОбщегоНазначения.Модуль(72)}: Ошибка компиляции при вычислении выражения или выполнении фрагмента кода: {<Неизвестный модуль>(115,2)}: Переменная не определена (Объект)
2026-02-15 04:32:17,799 - __main__ - WARNING - Export attempt 2 failed, retrying in 5s: 1C processing error: {api ОбщийМодуль.api_ОбщегоНазначения.Модуль(72)}: Ошибка компиляции при вычислении выражения или выполнении фрагмента кода: {<Неизвестный модуль>(115,2)}: Переменная не определена (Объект)
2026-02-15 04:32:22,800 - __main__ - INFO - Sending invoice to 1C (attempt 3/3)
2026-02-15 04:32:22,831 - __main__ - INFO - 1C response (attempt 3): status=200
2026-02-15 04:32:22,832 - __main__ - ERROR - 1C returned error in response (HTTP 200): {api ОбщийМодуль.api_ОбщегоНазначения.Модуль(72)}: Ошибка компиляции при вычислении выражения или выполнении фрагмента кода: {<Неизвестный модуль>(115,2)}: Переменная не определена (Объект)
2026-02-15 04:32:22,832 - __main__ - ERROR - All export attempts failed for order 917d8898-83db-4fa3-b40d-800b8435205b
2026-02-15 04:32:22,833 - __main__ - ERROR - Failed to export invoice to 1C after 3 attempts
2026-02-15 04:36:03,661 - execution.crm_service - INFO - Database connection pool initialized
2026-02-15 04:36:03,668 - __main__ - INFO - Exporting invoice to 1C for order 917d8898-83db-4fa3-b40d-800b8435205b
2026-02-15 04:36:03,668 - __main__ - INFO - Sending invoice to 1C (attempt 1/3)
2026-02-15 04:36:03,754 - __main__ - INFO - 1C response (attempt 1): status=200
2026-02-15 04:36:03,754 - __main__ - ERROR - 1C returned error in response (HTTP 200): {api ОбщийМодуль.api_ОбщегоНазначения.Модуль(72)}: Ошибка компиляции при вычислении выражения или выполнении фрагмента кода: {<Неизвестный модуль>(117,2)}: Переменная не определена (Объект)
2026-02-15 04:36:03,754 - __main__ - WARNING - Export attempt 1 failed, retrying in 2s: 1C processing error: {api ОбщийМодуль.api_ОбщегоНазначения.Модуль(72)}: Ошибка компиляции при вычислении выражения или выполнении фрагмента кода: {<Неизвестный модуль>(117,2)}: Переменная не определена (Объект)
2026-02-15 04:36:05,755 - __main__ - INFO - Sending invoice to 1C (attempt 2/3)
2026-02-15 04:36:05,782 - __main__ - INFO - 1C response (attempt 2): status=200
2026-02-15 04:36:05,782 - __main__ - ERROR - 1C returned error in response (HTTP 200): {api ОбщийМодуль.api_ОбщегоНазначения.Модуль(72)}: Ошибка компиляции при вычислении выражения или выполнении фрагмента кода: {<Неизвестный модуль>(117,2)}: Переменная не определена (Объект)
2026-02-15 04:36:05,782 - __main__ - WARNING - Export attempt 2 failed, retrying in 5s: 1C processing error: {api ОбщийМодуль.api_ОбщегоНазначения.Модуль(72)}: Ошибка компиляции при вычислении выражения или выполнении фрагмента кода: {<Неизвестный модуль>(117,2)}: Переменная не определена (Объект)
2026-02-15 04:36:10,784 - __main__ - INFO - Sending invoice to 1C (attempt 3/3)
2026-02-15 04:36:10,817 - __main__ - INFO - 1C response (attempt 3): status=200
2026-02-15 04:36:10,818 - __main__ - ERROR - 1C returned error in response (HTTP 200): {api ОбщийМодуль.api_ОбщегоНазначения.Модуль(72)}: Ошибка компиляции при вычислении выражения или выполнении фрагмента кода: {<Неизвестный модуль>(117,2)}: Переменная не определена (Объект)
2026-02-15 04:36:10,818 - __main__ - ERROR - All export attempts failed for order 917d8898-83db-4fa3-b40d-800b8435205b
2026-02-15 04:36:10,818 - __main__ - ERROR - Failed to export invoice to 1C after 3 attempts
2026-02-15 04:36:50,564 - execution.crm_service - INFO - Database connection pool initialized
2026-02-15 04:36:50,573 - __main__ - INFO - Exporting invoice to 1C for order 917d8898-83db-4fa3-b40d-800b8435205b
2026-02-15 04:36:50,574 - __main__ - INFO - Sending invoice to 1C (attempt 1/3)
2026-02-15 04:36:51,363 - __main__ - INFO - 1C response (attempt 1): status=200
2026-02-15 04:36:51,365 - __main__ - ERROR - 1C returned error in response (HTTP 200): {<Неизвестный модуль>(117)}: Ошибка при вызове метода контекста (Записать): Значение ''INV-2026-00'' поля ''Номер'' не уникально
2026-02-15 04:36:51,365 - __main__ - WARNING - Export attempt 1 failed, retrying in 2s: 1C processing error: {<Неизвестный модуль>(117)}: Ошибка при вызове метода контекста (Записать): Значение ''INV-2026-00'' поля ''Номер'' не уникально
2026-02-15 04:36:53,366 - __main__ - INFO - Sending invoice to 1C (attempt 2/3)
2026-02-15 04:36:53,400 - __main__ - INFO - 1C response (attempt 2): status=200
2026-02-15 04:36:53,400 - __main__ - WARNING - 1C returned 200 but non-JSON response: {"error":"{api ОбщийМодуль.api_ОбщегоНазначения.Модуль(107)}: Ошибка при вызове метода контекста (Выполнить): {(4, 4)}: Таблица не найдена ''Справочник.api_ПроизвольныйКодДляВнешнихМетодов''
<<?>>Спра
2026-02-15 04:36:53,404 - __main__ - INFO - Invoice export flag updated for order 917d8898-83db-4fa3-b40d-800b8435205b: True
2026-02-15 04:36:53,404 - __main__ - INFO - Invoice exported successfully to 1C
2026-02-15 04:37:46,078 - execution.crm_service - INFO - Database connection pool initialized
2026-02-15 04:37:46,088 - __main__ - INFO - Exporting invoice to 1C for order 917d8898-83db-4fa3-b40d-800b8435205b
2026-02-15 04:37:46,089 - __main__ - INFO - Sending invoice to 1C (attempt 1/3)
2026-02-15 04:37:46,529 - __main__ - INFO - 1C response (attempt 1): status=200
2026-02-15 04:37:46,530 - __main__ - ERROR - 1C returned error in response (HTTP 200): {<Неизвестный модуль>(117)}: Ошибка при вызове метода контекста (Записать): Значение ''INV-2026-00'' поля ''Номер'' не уникально
2026-02-15 04:37:46,530 - __main__ - WARNING - Export attempt 1 failed, retrying in 2s: 1C processing error: {<Неизвестный модуль>(117)}: Ошибка при вызове метода контекста (Записать): Значение ''INV-2026-00'' поля ''Номер'' не уникально
2026-02-15 04:37:48,531 - __main__ - INFO - Sending invoice to 1C (attempt 2/3)
2026-02-15 04:37:48,593 - __main__ - INFO - 1C response (attempt 2): status=200
2026-02-15 04:37:48,594 - __main__ - ERROR - 1C returned error in response (HTTP 200): {<Неизвестный модуль>(117)}: Ошибка при вызове метода контекста (Записать): Значение ''INV-2026-00'' поля ''Номер'' не уникально
2026-02-15 04:37:48,594 - __main__ - WARNING - Export attempt 2 failed, retrying in 5s: 1C processing error: {<Неизвестный модуль>(117)}: Ошибка при вызове метода контекста (Записать): Значение ''INV-2026-00'' поля ''Номер'' не уникально
2026-02-15 04:37:53,595 - __main__ - INFO - Sending invoice to 1C (attempt 3/3)
2026-02-15 04:37:53,683 - __main__ - INFO - 1C response (attempt 3): status=200
2026-02-15 04:37:53,684 - __main__ - ERROR - 1C returned error in response (HTTP 200): {<Неизвестный модуль>(117)}: Ошибка при вызове метода контекста (Записать): Значение ''INV-2026-00'' поля ''Номер'' не уникально
2026-02-15 04:37:53,684 - __main__ - ERROR - All export attempts failed for order 917d8898-83db-4fa3-b40d-800b8435205b
2026-02-15 04:37:53,684 - __main__ - ERROR - Failed to export invoice to 1C after 3 attempts
2026-02-15 04:38:36,935 - execution.crm_service - INFO - Database connection pool initialized
2026-02-15 04:38:36,943 - __main__ - INFO - Exporting invoice to 1C for order 917d8898-83db-4fa3-b40d-800b8435205b
2026-02-15 04:38:36,944 - __main__ - INFO - Sending invoice to 1C (attempt 1/3)
2026-02-15 04:38:37,002 - __main__ - INFO - 1C response (attempt 1): status=200
2026-02-15 04:38:37,002 - __main__ - ERROR - 1C returned error in response (HTTP 200): {api ОбщийМодуль.api_ОбщегоНазначения.Модуль(72)}: Ошибка компиляции при вычислении выражения или выполнении фрагмента кода: {<Неизвестный модуль>(117,2)}: Переменная не определена (Объект)
2026-02-15 04:38:37,003 - __main__ - WARNING - Export attempt 1 failed, retrying in 2s: 1C processing error: {api ОбщийМодуль.api_ОбщегоНазначения.Модуль(72)}: Ошибка компиляции при вычислении выражения или выполнении фрагмента кода: {<Неизвестный модуль>(117,2)}: Переменная не определена (Объект)
2026-02-15 04:38:39,004 - __main__ - INFO - Sending invoice to 1C (attempt 2/3)
2026-02-15 04:38:39,035 - __main__ - INFO - 1C response (attempt 2): status=200
2026-02-15 04:38:39,036 - __main__ - ERROR - 1C returned error in response (HTTP 200): {api ОбщийМодуль.api_ОбщегоНазначения.Модуль(72)}: Ошибка компиляции при вычислении выражения или выполнении фрагмента кода: {<Неизвестный модуль>(117,2)}: Переменная не определена (Объект)
2026-02-15 04:38:39,036 - __main__ - WARNING - Export attempt 2 failed, retrying in 5s: 1C processing error: {api ОбщийМодуль.api_ОбщегоНазначения.Модуль(72)}: Ошибка компиляции при вычислении выражения или выполнении фрагмента кода: {<Неизвестный модуль>(117,2)}: Переменная не определена (Объект)
2026-02-15 04:38:44,038 - __main__ - INFO - Sending invoice to 1C (attempt 3/3)
2026-02-15 04:38:44,070 - __main__ - INFO - 1C response (attempt 3): status=200
2026-02-15 04:38:44,071 - __main__ - ERROR - 1C returned error in response (HTTP 200): {api ОбщийМодуль.api_ОбщегоНазначения.Модуль(72)}: Ошибка компиляции при вычислении выражения или выполнении фрагмента кода: {<Неизвестный модуль>(117,2)}: Переменная не определена (Объект)
2026-02-15 04:38:44,071 - __main__ - ERROR - All export attempts failed for order 917d8898-83db-4fa3-b40d-800b8435205b
2026-02-15 04:38:44,072 - __main__ - ERROR - Failed to export invoice to 1C after 3 attempts
2026-02-15 04:41:13,241 - execution.crm_service - INFO - Database connection pool initialized
2026-02-15 04:41:13,250 - __main__ - INFO - Exporting invoice to 1C for order 917d8898-83db-4fa3-b40d-800b8435205b
2026-02-15 04:41:13,250 - __main__ - INFO - Sending invoice to 1C (attempt 1/3)
2026-02-15 04:41:14,665 - __main__ - INFO - 1C response (attempt 1): status=200
2026-02-15 04:41:14,666 - __main__ - INFO - Invoice exported successfully to 1C
2026-02-15 04:41:14,668 - __main__ - INFO - Invoice export flag updated for order 917d8898-83db-4fa3-b40d-800b8435205b: True
2026-02-15 04:41:14,669 - __main__ - INFO - Invoice exported successfully to 1C
2026-02-15 04:46:41,194 - execution.crm_service - INFO - Database connection pool initialized
2026-02-15 04:46:41,206 - __main__ - INFO - Exporting invoice to 1C for order 917d8898-83db-4fa3-b40d-800b8435205b
2026-02-15 04:46:41,206 - __main__ - INFO - Sending invoice to 1C (attempt 1/3)
2026-02-15 04:46:42,440 - __main__ - INFO - 1C response (attempt 1): status=200
2026-02-15 04:46:42,441 - __main__ - INFO - Invoice exported successfully to 1C
2026-02-15 04:46:42,443 - __main__ - INFO - Invoice export flag updated for order 917d8898-83db-4fa3-b40d-800b8435205b: True
2026-02-15 04:46:42,443 - __main__ - INFO - Invoice exported successfully to 1C
2026-02-15 04:50:14,981 - execution.crm_service - INFO - Database connection pool initialized
2026-02-15 04:50:14,991 - __main__ - INFO - Exporting invoice to 1C for order 917d8898-83db-4fa3-b40d-800b8435205b
2026-02-15 04:50:14,991 - __main__ - INFO - Sending invoice to 1C (attempt 1/3)
2026-02-15 04:50:16,213 - __main__ - INFO - 1C response (attempt 1): status=200
2026-02-15 04:50:16,214 - __main__ - INFO - Invoice exported successfully to 1C
2026-02-15 04:50:16,216 - __main__ - INFO - Invoice export flag updated for order 917d8898-83db-4fa3-b40d-800b8435205b: True
2026-02-15 04:50:16,217 - __main__ - INFO - Invoice exported successfully to 1C
2026-02-15 04:55:49,517 - execution.crm_service - INFO - Database connection pool initialized
2026-02-15 04:55:49,524 - __main__ - INFO - Exporting invoice to 1C for order 917d8898-83db-4fa3-b40d-800b8435205b
2026-02-15 04:55:49,525 - __main__ - INFO - Sending invoice to 1C (attempt 1/3)
2026-02-15 04:55:49,628 - __main__ - INFO - 1C response (attempt 1): status=200
2026-02-15 04:55:49,628 - __main__ - ERROR - 1C returned error in response (HTTP 200): {api ОбщийМодуль.api_ОбщегоНазначения.Модуль(72)}: Ошибка компиляции при вычислении выражения или выполнении фрагмента кода: {<Неизвестный модуль>(101,61)}: Ожидается символ ';'
2026-02-15 04:55:49,628 - __main__ - WARNING - Export attempt 1 failed, retrying in 2s: 1C processing error: {api ОбщийМодуль.api_ОбщегоНазначения.Модуль(72)}: Ошибка компиляции при вычислении выражения или выполнении фрагмента кода: {<Неизвестный модуль>(101,61)}: Ожидается символ ';'
2026-02-15 04:55:51,629 - __main__ - INFO - Sending invoice to 1C (attempt 2/3)
2026-02-15 04:55:51,652 - __main__ - INFO - 1C response (attempt 2): status=200
2026-02-15 04:55:51,652 - __main__ - ERROR - 1C returned error in response (HTTP 200): {api ОбщийМодуль.api_ОбщегоНазначения.Модуль(72)}: Ошибка компиляции при вычислении выражения или выполнении фрагмента кода: {<Неизвестный модуль>(101,61)}: Ожидается символ ';'
2026-02-15 04:55:51,653 - __main__ - WARNING - Export attempt 2 failed, retrying in 5s: 1C processing error: {api ОбщийМодуль.api_ОбщегоНазначения.Модуль(72)}: Ошибка компиляции при вычислении выражения или выполнении фрагмента кода: {<Неизвестный модуль>(101,61)}: Ожидается символ ';'
2026-02-15 04:55:56,653 - __main__ - INFO - Sending invoice to 1C (attempt 3/3)
2026-02-15 04:55:56,679 - __main__ - INFO - 1C response (attempt 3): status=200
2026-02-15 04:55:56,681 - __main__ - ERROR - 1C returned error in response (HTTP 200): {api ОбщийМодуль.api_ОбщегоНазначения.Модуль(72)}: Ошибка компиляции при вычислении выражения или выполнении фрагмента кода: {<Неизвестный модуль>(101,61)}: Ожидается символ ';'
2026-02-15 04:55:56,682 - __main__ - ERROR - All export attempts failed for order 917d8898-83db-4fa3-b40d-800b8435205b
2026-02-15 04:55:56,683 - __main__ - ERROR - Failed to export invoice to 1C after 3 attempts
2026-02-15 04:56:05,196 - execution.crm_service - INFO - Database connection pool initialized
2026-02-15 04:56:05,205 - __main__ - INFO - Exporting invoice to 1C for order 917d8898-83db-4fa3-b40d-800b8435205b
2026-02-15 04:56:05,206 - __main__ - INFO - Sending invoice to 1C (attempt 1/3)
2026-02-15 04:56:06,563 - __main__ - INFO - 1C response (attempt 1): status=200
2026-02-15 04:56:06,563 - __main__ - INFO - Invoice exported successfully to 1C
2026-02-15 04:56:06,567 - __main__ - INFO - Invoice export flag updated for order 917d8898-83db-4fa3-b40d-800b8435205b: True
2026-02-15 04:56:06,567 - __main__ - INFO - Invoice exported successfully to 1C
2026-02-15 04:57:29,467 - execution.crm_service - INFO - Database connection pool initialized
2026-02-15 04:57:29,476 - __main__ - INFO - Exporting invoice to 1C for order 917d8898-83db-4fa3-b40d-800b8435205b
2026-02-15 04:57:29,476 - __main__ - INFO - Sending invoice to 1C (attempt 1/3)
2026-02-15 04:57:29,551 - __main__ - INFO - 1C response (attempt 1): status=200
2026-02-15 04:57:29,551 - __main__ - ERROR - 1C returned error in response (HTTP 200): {api ОбщийМодуль.api_ОбщегоНазначения.Модуль(72)}: Ошибка компиляции при вычислении выражения или выполнении фрагмента кода: {<Неизвестный модуль>(101,78)}: Ожидается символ ';'
2026-02-15 04:57:29,552 - __main__ - WARNING - Export attempt 1 failed, retrying in 2s: 1C processing error: {api ОбщийМодуль.api_ОбщегоНазначения.Модуль(72)}: Ошибка компиляции при вычислении выражения или выполнении фрагмента кода: {<Неизвестный модуль>(101,78)}: Ожидается символ ';'
2026-02-15 04:57:31,553 - __main__ - INFO - Sending invoice to 1C (attempt 2/3)
2026-02-15 04:57:31,560 - __main__ - INFO - 1C response (attempt 2): status=200
2026-02-15 04:57:31,560 - __main__ - ERROR - 1C returned error in response (HTTP 200): {api ОбщийМодуль.api_ОбщегоНазначения.Модуль(72)}: Ошибка компиляции при вычислении выражения или выполнении фрагмента кода: {<Неизвестный модуль>(101,78)}: Ожидается символ ';'
2026-02-15 04:57:31,560 - __main__ - WARNING - Export attempt 2 failed, retrying in 5s: 1C processing error: {api ОбщийМодуль.api_ОбщегоНазначения.Модуль(72)}: Ошибка компиляции при вычислении выражения или выполнении фрагмента кода: {<Неизвестный модуль>(101,78)}: Ожидается символ ';'
2026-02-15 04:57:36,561 - __main__ - INFO - Sending invoice to 1C (attempt 3/3)
2026-02-15 04:57:36,574 - __main__ - INFO - 1C response (attempt 3): status=200
2026-02-15 04:57:36,574 - __main__ - ERROR - 1C returned error in response (HTTP 200): {api ОбщийМодуль.api_ОбщегоНазначения.Модуль(72)}: Ошибка компиляции при вычислении выражения или выполнении фрагмента кода: {<Неизвестный модуль>(101,78)}: Ожидается символ ';'
2026-02-15 04:57:36,575 - __main__ - ERROR - All export attempts failed for order 917d8898-83db-4fa3-b40d-800b8435205b
2026-02-15 04:57:36,575 - __main__ - ERROR - Failed to export invoice to 1C after 3 attempts
2026-02-15 04:57:57,783 - execution.crm_service - INFO - Database connection pool initialized
2026-02-15 04:57:57,793 - __main__ - INFO - Exporting invoice to 1C for order 917d8898-83db-4fa3-b40d-800b8435205b
2026-02-15 04:57:57,793 - __main__ - INFO - Sending invoice to 1C (attempt 1/3)
2026-02-15 04:57:58,627 - __main__ - INFO - 1C response (attempt 1): status=200
2026-02-15 04:57:58,628 - __main__ - INFO - Invoice exported successfully to 1C
2026-02-15 04:57:58,631 - __main__ - INFO - Invoice export flag updated for order 917d8898-83db-4fa3-b40d-800b8435205b: True
2026-02-15 04:57:58,631 - __main__ - INFO - Invoice exported successfully to 1C
2026-02-15 05:00:58,875 - execution.crm_service - INFO - Database connection pool initialized
2026-02-15 05:00:58,886 - __main__ - INFO - Exporting invoice to 1C for order 917d8898-83db-4fa3-b40d-800b8435205b
2026-02-15 05:00:58,886 - __main__ - INFO - Sending invoice to 1C (attempt 1/3)
2026-02-15 05:00:59,120 - __main__ - INFO - 1C response (attempt 1): status=200
2026-02-15 05:00:59,120 - __main__ - ERROR - 1C returned error in response (HTTP 200): {<Неизвестный модуль>(103)}: Метод объекта не обнаружен (ЗаписатьОбъект)
2026-02-15 05:00:59,120 - __main__ - WARNING - Export attempt 1 failed, retrying in 2s: 1C processing error: {<Неизвестный модуль>(103)}: Метод объекта не обнаружен (ЗаписатьОбъект)
2026-02-15 05:01:01,121 - __main__ - INFO - Sending invoice to 1C (attempt 2/3)
2026-02-15 05:01:01,154 - __main__ - INFO - 1C response (attempt 2): status=200
2026-02-15 05:01:01,154 - __main__ - ERROR - 1C returned error in response (HTTP 200): {<Неизвестный модуль>(103)}: Метод объекта не обнаружен (ЗаписатьОбъект)
2026-02-15 05:01:01,155 - __main__ - WARNING - Export attempt 2 failed, retrying in 5s: 1C processing error: {<Неизвестный модуль>(103)}: Метод объекта не обнаружен (ЗаписатьОбъект)
2026-02-15 05:01:06,155 - __main__ - INFO - Sending invoice to 1C (attempt 3/3)
2026-02-15 05:01:06,188 - __main__ - INFO - 1C response (attempt 3): status=200
2026-02-15 05:01:06,189 - __main__ - ERROR - 1C returned error in response (HTTP 200): {<Неизвестный модуль>(103)}: Метод объекта не обнаружен (ЗаписатьОбъект)
2026-02-15 05:01:06,189 - __main__ - ERROR - All export attempts failed for order 917d8898-83db-4fa3-b40d-800b8435205b
2026-02-15 05:01:06,189 - __main__ - ERROR - Failed to export invoice to 1C after 3 attempts
2026-02-15 05:03:48,113 - execution.crm_service - INFO - Database connection pool initialized
2026-02-15 05:03:48,123 - __main__ - INFO - Exporting invoice to 1C for order 917d8898-83db-4fa3-b40d-800b8435205b
2026-02-15 05:03:48,123 - __main__ - INFO - Sending invoice to 1C (attempt 1/3)
2026-02-15 05:03:48,192 - __main__ - INFO - 1C response (attempt 1): status=200
2026-02-15 05:03:48,193 - __main__ - ERROR - 1C returned error in response (HTTP 200): {api ОбщийМодуль.api_ОбщегоНазначения.Модуль(72)}: Ошибка компиляции при вычислении выражения или выполнении фрагмента кода: {<Неизвестный модуль>(101,14)}: Процедура или функция с указанным именем не определена (ЗаписьJSONВСтроку)
2026-02-15 05:03:48,193 - __main__ - WARNING - Export attempt 1 failed, retrying in 2s: 1C processing error: {api ОбщийМодуль.api_ОбщегоНазначения.Модуль(72)}: Ошибка компиляции при вычислении выражения или выполнении фрагмента кода: {<Неизвестный модуль>(101,14)}: Процедура или функция с указанным именем не определена (ЗаписьJSONВСтроку)
2026-02-15 05:03:50,194 - __main__ - INFO - Sending invoice to 1C (attempt 2/3)
2026-02-15 05:03:50,218 - __main__ - INFO - 1C response (attempt 2): status=200
2026-02-15 05:03:50,218 - __main__ - ERROR - 1C returned error in response (HTTP 200): {api ОбщийМодуль.api_ОбщегоНазначения.Модуль(72)}: Ошибка компиляции при вычислении выражения или выполнении фрагмента кода: {<Неизвестный модуль>(101,14)}: Процедура или функция с указанным именем не определена (ЗаписьJSONВСтроку)
2026-02-15 05:03:50,218 - __main__ - WARNING - Export attempt 2 failed, retrying in 5s: 1C processing error: {api ОбщийМодуль.api_ОбщегоНазначения.Модуль(72)}: Ошибка компиляции при вычислении выражения или выполнении фрагмента кода: {<Неизвестный модуль>(101,14)}: Процедура или функция с указанным именем не определена (ЗаписьJSONВСтроку)
2026-02-15 05:03:55,220 - __main__ - INFO - Sending invoice to 1C (attempt 3/3)
2026-02-15 05:03:55,254 - __main__ - INFO - 1C response (attempt 3): status=200
2026-02-15 05:03:55,255 - __main__ - ERROR - 1C returned error in response (HTTP 200): {api ОбщийМодуль.api_ОбщегоНазначения.Модуль(72)}: Ошибка компиляции при вычислении выражения или выполнении фрагмента кода: {<Неизвестный модуль>(101,14)}: Процедура или функция с указанным именем не определена (ЗаписьJSONВСтроку)
2026-02-15 05:03:55,256 - __main__ - ERROR - All export attempts failed for order 917d8898-83db-4fa3-b40d-800b8435205b
2026-02-15 05:03:55,256 - __main__ - ERROR - Failed to export invoice to 1C after 3 attempts
2026-02-15 05:05:52,474 - execution.crm_service - INFO - Database connection pool initialized
2026-02-15 05:05:52,485 - __main__ - INFO - Exporting invoice to 1C for order 917d8898-83db-4fa3-b40d-800b8435205b
2026-02-15 05:05:52,485 - __main__ - INFO - Sending invoice to 1C (attempt 1/3)
2026-02-15 05:05:53,428 - __main__ - INFO - 1C response (attempt 1): status=200
2026-02-15 05:05:53,428 - __main__ - INFO - Invoice exported successfully to 1C
2026-02-15 05:05:53,432 - __main__ - INFO - Invoice export flag updated for order 917d8898-83db-4fa3-b40d-800b8435205b: True
2026-02-15 05:05:53,432 - __main__ - INFO - Invoice exported successfully to 1C
2026-02-15 05:09:37,240 - execution.crm_service - INFO - Database connection pool initialized
2026-02-15 05:09:37,251 - __main__ - INFO - Exporting invoice to 1C for order 917d8898-83db-4fa3-b40d-800b8435205b
2026-02-15 05:09:37,251 - __main__ - INFO - Sending invoice to 1C (attempt 1/3)
2026-02-15 05:09:37,340 - __main__ - INFO - 1C response (attempt 1): status=200
2026-02-15 05:09:37,340 - __main__ - ERROR - 1C returned error in response (HTTP 200): {<Неизвестный модуль>(53)}: Преобразование значения к типу Дата не может быть выполнено
2026-02-15 05:09:37,340 - __main__ - WARNING - Export attempt 1 failed, retrying in 2s: 1C processing error: {<Неизвестный модуль>(53)}: Преобразование значения к типу Дата не может быть выполнено
2026-02-15 05:09:39,341 - __main__ - INFO - Sending invoice to 1C (attempt 2/3)
2026-02-15 05:09:39,371 - __main__ - INFO - 1C response (attempt 2): status=200
2026-02-15 05:09:39,371 - __main__ - ERROR - 1C returned error in response (HTTP 200): {<Неизвестный модуль>(53)}: Преобразование значения к типу Дата не может быть выполнено
2026-02-15 05:09:39,371 - __main__ - WARNING - Export attempt 2 failed, retrying in 5s: 1C processing error: {<Неизвестный модуль>(53)}: Преобразование значения к типу Дата не может быть выполнено
2026-02-15 05:09:44,372 - __main__ - INFO - Sending invoice to 1C (attempt 3/3)
2026-02-15 05:09:44,379 - __main__ - INFO - 1C response (attempt 3): status=200
2026-02-15 05:09:44,379 - __main__ - ERROR - 1C returned error in response (HTTP 200): {<Неизвестный модуль>(53)}: Преобразование значения к типу Дата не может быть выполнено
2026-02-15 05:09:44,379 - __main__ - ERROR - All export attempts failed for order 917d8898-83db-4fa3-b40d-800b8435205b
2026-02-15 05:09:44,380 - __main__ - ERROR - Failed to export invoice to 1C after 3 attempts
2026-02-15 05:12:18,103 - execution.crm_service - INFO - Database connection pool initialized
2026-02-15 05:12:18,113 - __main__ - INFO - Exporting invoice to 1C for order 917d8898-83db-4fa3-b40d-800b8435205b
2026-02-15 05:12:18,113 - __main__ - INFO - Sending invoice to 1C (attempt 1/3)
2026-02-15 05:12:19,307 - __main__ - INFO - 1C response (attempt 1): status=200
2026-02-15 05:12:19,307 - __main__ - INFO - Invoice exported successfully to 1C
2026-02-15 05:12:19,309 - __main__ - INFO - Invoice export flag updated for order 917d8898-83db-4fa3-b40d-800b8435205b: True
2026-02-15 05:12:19,310 - __main__ - INFO - Invoice exported successfully to 1C
2026-02-15 05:16:00,234 - execution.crm_service - INFO - Database connection pool initialized
2026-02-15 05:16:00,245 - __main__ - INFO - Exporting invoice to 1C for order 917d8898-83db-4fa3-b40d-800b8435205b
2026-02-15 05:16:00,245 - __main__ - INFO - Sending invoice to 1C (attempt 1/3)
2026-02-15 05:16:00,345 - __main__ - INFO - 1C response (attempt 1): status=200
2026-02-15 05:16:00,345 - __main__ - ERROR - 1C returned error in response (HTTP 200): {api ОбщийМодуль.api_ОбщегоНазначения.Модуль(72)}: Ошибка компиляции при вычислении выражения или выполнении фрагмента кода: {<Неизвестный модуль>(94,116)}: Переменная не определена (ТекстJSON)
2026-02-15 05:16:00,345 - __main__ - WARNING - Export attempt 1 failed, retrying in 2s: 1C processing error: {api ОбщийМодуль.api_ОбщегоНазначения.Модуль(72)}: Ошибка компиляции при вычислении выражения или выполнении фрагмента кода: {<Неизвестный модуль>(94,116)}: Переменная не определена (ТекстJSON)
2026-02-15 05:16:02,347 - __main__ - INFO - Sending invoice to 1C (attempt 2/3)
2026-02-15 05:16:02,354 - __main__ - INFO - 1C response (attempt 2): status=200
2026-02-15 05:16:02,356 - __main__ - ERROR - 1C returned error in response (HTTP 200): {api ОбщийМодуль.api_ОбщегоНазначения.Модуль(72)}: Ошибка компиляции при вычислении выражения или выполнении фрагмента кода: {<Неизвестный модуль>(94,116)}: Переменная не определена (ТекстJSON)
2026-02-15 05:16:02,356 - __main__ - WARNING - Export attempt 2 failed, retrying in 5s: 1C processing error: {api ОбщийМодуль.api_ОбщегоНазначения.Модуль(72)}: Ошибка компиляции при вычислении выражения или выполнении фрагмента кода: {<Неизвестный модуль>(94,116)}: Переменная не определена (ТекстJSON)
2026-02-15 05:16:07,357 - __main__ - INFO - Sending invoice to 1C (attempt 3/3)
2026-02-15 05:16:07,367 - __main__ - INFO - 1C response (attempt 3): status=200
2026-02-15 05:16:07,368 - __main__ - ERROR - 1C returned error in response (HTTP 200): {api ОбщийМодуль.api_ОбщегоНазначения.Модуль(72)}: Ошибка компиляции при вычислении выражения или выполнении фрагмента кода: {<Неизвестный модуль>(94,116)}: Переменная не определена (ТекстJSON)
2026-02-15 05:16:07,368 - __main__ - ERROR - All export attempts failed for order 917d8898-83db-4fa3-b40d-800b8435205b
2026-02-15 05:16:07,368 - __main__ - ERROR - Failed to export invoice to 1C after 3 attempts
2026-02-15 05:16:21,521 - execution.crm_service - INFO - Database connection pool initialized
2026-02-15 05:16:21,531 - __main__ - INFO - Exporting invoice to 1C for order 917d8898-83db-4fa3-b40d-800b8435205b
2026-02-15 05:16:21,531 - __main__ - INFO - Sending invoice to 1C (attempt 1/3)
2026-02-15 05:16:22,928 - __main__ - INFO - 1C response (attempt 1): status=200
2026-02-15 05:16:22,929 - __main__ - INFO - Invoice exported successfully to 1C
2026-02-15 05:16:22,932 - __main__ - INFO - Invoice export flag updated for order 917d8898-83db-4fa3-b40d-800b8435205b: True
2026-02-15 05:16:22,932 - __main__ - INFO - Invoice exported successfully to 1C
2026-02-15 05:17:40,404 - execution.crm_service - INFO - Database connection pool initialized
2026-02-15 05:17:40,413 - __main__ - INFO - Exporting invoice to 1C for order 917d8898-83db-4fa3-b40d-800b8435205b
2026-02-15 05:17:40,413 - __main__ - INFO - Sending invoice to 1C (attempt 1/3)
2026-02-15 05:17:41,311 - __main__ - INFO - 1C response (attempt 1): status=200
2026-02-15 05:17:41,312 - __main__ - INFO - Invoice exported successfully to 1C
2026-02-15 05:17:41,315 - __main__ - INFO - Invoice export flag updated for order 917d8898-83db-4fa3-b40d-800b8435205b: True
2026-02-15 05:17:41,315 - __main__ - INFO - Invoice exported successfully to 1C
2026-02-15 05:22:30,202 - execution.crm_service - INFO - Database connection pool initialized
2026-02-15 05:22:30,212 - __main__ - INFO - Exporting invoice to 1C for order 917d8898-83db-4fa3-b40d-800b8435205b
2026-02-15 05:22:30,213 - __main__ - INFO - Sending invoice to 1C (attempt 1/3)
2026-02-15 05:22:31,452 - __main__ - INFO - 1C response (attempt 1): status=200
2026-02-15 05:22:31,452 - __main__ - INFO - Invoice exported successfully to 1C
2026-02-15 05:22:31,455 - __main__ - INFO - Invoice export flag updated for order 917d8898-83db-4fa3-b40d-800b8435205b: True
2026-02-15 05:22:31,456 - __main__ - INFO - Invoice exported successfully to 1C
2026-02-15 05:40:55,688 - __main__ - INFO - Dashboard API server starting
2026-02-15 05:43:33,301 - __main__ - INFO - Dashboard API server stopped
2026-02-15 05:43:45,395 - __main__ - INFO - Dashboard API server starting
2026-02-15 05:43:48,818 - execution.crm_service - INFO - Database connection pool initialized
2026-02-15 05:50:52,723 - __main__ - INFO - Dashboard API server stopped
2026-02-15 05:52:10,531 - __main__ - INFO - Dashboard API server starting
2026-02-15 05:52:14,068 - execution.crm_service - INFO - Database connection pool initialized
2026-02-15 05:53:04,430 - execution.crm_service - INFO - Order e9ce4db3-7df1-423d-8b93-893707d9530b status updated: invoice_created -> cancelled
2026-02-15 05:54:07,034 - __main__ - INFO - Dashboard API server stopped
2026-02-15 05:55:39,522 - __main__ - INFO - Dashboard API server starting
2026-02-15 05:55:44,174 - execution.crm_service - INFO - Database connection pool initialized
2026-02-15 05:57:03,519 - __main__ - INFO - Dashboard API server stopped
2026-02-15 06:01:24,394 - __main__ - INFO - Dashboard API server starting
2026-02-15 06:01:31,326 - execution.crm_service - INFO - Database connection pool initialized
2026-02-15 06:01:31,369 - __main__ - ERROR - Error getting analytics: tuple index out of range
Traceback (most recent call last):
  File "C:\Users\reg-81_new\Desktop\Sinchro_Yandex\reg-81_new\AI_Works_Tasks\SmartOrder Engine\execution\dashboard_api.py", line 690, in get_analytics_from_db
    cursor.execute("""
  File "C:\Users\reg-81_new\Desktop\Sinchro_Yandex\reg-81_new\AI_Works_Tasks\SmartOrder Engine\venv\Lib\site-packages\psycopg2\extras.py", line 236, in execute
    return super().execute(query, vars)
           ^^^^^^^^^^^^^^^^^^^^^^^^^^^^
IndexError: tuple index out of range
2026-02-15 06:01:31,376 - __main__ - ERROR - Error getting analytics: tuple index out of range
Traceback (most recent call last):
  File "C:\Users\reg-81_new\Desktop\Sinchro_Yandex\reg-81_new\AI_Works_Tasks\SmartOrder Engine\execution\dashboard_api.py", line 745, in get_analytics
    analytics = get_analytics_from_db(days=days)
                ^^^^^^^^^^^^^^^^^^^^^^^^^^^^^^^^
  File "C:\Users\reg-81_new\Desktop\Sinchro_Yandex\reg-81_new\AI_Works_Tasks\SmartOrder Engine\execution\dashboard_api.py", line 690, in get_analytics_from_db
    cursor.execute("""
  File "C:\Users\reg-81_new\Desktop\Sinchro_Yandex\reg-81_new\AI_Works_Tasks\SmartOrder Engine\venv\Lib\site-packages\psycopg2\extras.py", line 236, in execute
    return super().execute(query, vars)
           ^^^^^^^^^^^^^^^^^^^^^^^^^^^^
IndexError: tuple index out of range
2026-02-15 06:01:31,377 - __main__ - ERROR - HTTP 500: Failed to get analytics
2026-02-15 06:01:34,510 - __main__ - ERROR - Error getting analytics: tuple index out of range
Traceback (most recent call last):
  File "C:\Users\reg-81_new\Desktop\Sinchro_Yandex\reg-81_new\AI_Works_Tasks\SmartOrder Engine\execution\dashboard_api.py", line 690, in get_analytics_from_db
    cursor.execute("""
  File "C:\Users\reg-81_new\Desktop\Sinchro_Yandex\reg-81_new\AI_Works_Tasks\SmartOrder Engine\venv\Lib\site-packages\psycopg2\extras.py", line 236, in execute
    return super().execute(query, vars)
           ^^^^^^^^^^^^^^^^^^^^^^^^^^^^
IndexError: tuple index out of range
2026-02-15 06:01:34,512 - __main__ - ERROR - Error getting analytics: tuple index out of range
Traceback (most recent call last):
  File "C:\Users\reg-81_new\Desktop\Sinchro_Yandex\reg-81_new\AI_Works_Tasks\SmartOrder Engine\execution\dashboard_api.py", line 745, in get_analytics
    analytics = get_analytics_from_db(days=days)
                ^^^^^^^^^^^^^^^^^^^^^^^^^^^^^^^^
  File "C:\Users\reg-81_new\Desktop\Sinchro_Yandex\reg-81_new\AI_Works_Tasks\SmartOrder Engine\execution\dashboard_api.py", line 690, in get_analytics_from_db
    cursor.execute("""
  File "C:\Users\reg-81_new\Desktop\Sinchro_Yandex\reg-81_new\AI_Works_Tasks\SmartOrder Engine\venv\Lib\site-packages\psycopg2\extras.py", line 236, in execute
    return super().execute(query, vars)
           ^^^^^^^^^^^^^^^^^^^^^^^^^^^^
IndexError: tuple index out of range
2026-02-15 06:01:34,513 - __main__ - ERROR - HTTP 500: Failed to get analytics
2026-02-15 06:01:44,265 - __main__ - ERROR - Error getting analytics: tuple index out of range
Traceback (most recent call last):
  File "C:\Users\reg-81_new\Desktop\Sinchro_Yandex\reg-81_new\AI_Works_Tasks\SmartOrder Engine\execution\dashboard_api.py", line 690, in get_analytics_from_db
    cursor.execute("""
  File "C:\Users\reg-81_new\Desktop\Sinchro_Yandex\reg-81_new\AI_Works_Tasks\SmartOrder Engine\venv\Lib\site-packages\psycopg2\extras.py", line 236, in execute
    return super().execute(query, vars)
           ^^^^^^^^^^^^^^^^^^^^^^^^^^^^
IndexError: tuple index out of range
2026-02-15 06:01:44,267 - __main__ - ERROR - Error getting analytics: tuple index out of range
Traceback (most recent call last):
  File "C:\Users\reg-81_new\Desktop\Sinchro_Yandex\reg-81_new\AI_Works_Tasks\SmartOrder Engine\execution\dashboard_api.py", line 745, in get_analytics
    analytics = get_analytics_from_db(days=days)
                ^^^^^^^^^^^^^^^^^^^^^^^^^^^^^^^^
  File "C:\Users\reg-81_new\Desktop\Sinchro_Yandex\reg-81_new\AI_Works_Tasks\SmartOrder Engine\execution\dashboard_api.py", line 690, in get_analytics_from_db
    cursor.execute("""
  File "C:\Users\reg-81_new\Desktop\Sinchro_Yandex\reg-81_new\AI_Works_Tasks\SmartOrder Engine\venv\Lib\site-packages\psycopg2\extras.py", line 236, in execute
    return super().execute(query, vars)
           ^^^^^^^^^^^^^^^^^^^^^^^^^^^^
IndexError: tuple index out of range
2026-02-15 06:01:44,267 - __main__ - ERROR - HTTP 500: Failed to get analytics
2026-02-15 06:02:04,979 - __main__ - ERROR - Error getting analytics: tuple index out of range
Traceback (most recent call last):
  File "C:\Users\reg-81_new\Desktop\Sinchro_Yandex\reg-81_new\AI_Works_Tasks\SmartOrder Engine\execution\dashboard_api.py", line 690, in get_analytics_from_db
    cursor.execute("""
  File "C:\Users\reg-81_new\Desktop\Sinchro_Yandex\reg-81_new\AI_Works_Tasks\SmartOrder Engine\venv\Lib\site-packages\psycopg2\extras.py", line 236, in execute
    return super().execute(query, vars)
           ^^^^^^^^^^^^^^^^^^^^^^^^^^^^
IndexError: tuple index out of range
2026-02-15 06:02:04,980 - __main__ - ERROR - Error getting analytics: tuple index out of range
Traceback (most recent call last):
  File "C:\Users\reg-81_new\Desktop\Sinchro_Yandex\reg-81_new\AI_Works_Tasks\SmartOrder Engine\execution\dashboard_api.py", line 745, in get_analytics
    analytics = get_analytics_from_db(days=days)
                ^^^^^^^^^^^^^^^^^^^^^^^^^^^^^^^^
  File "C:\Users\reg-81_new\Desktop\Sinchro_Yandex\reg-81_new\AI_Works_Tasks\SmartOrder Engine\execution\dashboard_api.py", line 690, in get_analytics_from_db
    cursor.execute("""
  File "C:\Users\reg-81_new\Desktop\Sinchro_Yandex\reg-81_new\AI_Works_Tasks\SmartOrder Engine\venv\Lib\site-packages\psycopg2\extras.py", line 236, in execute
    return super().execute(query, vars)
           ^^^^^^^^^^^^^^^^^^^^^^^^^^^^
IndexError: tuple index out of range
2026-02-15 06:02:04,981 - __main__ - ERROR - HTTP 500: Failed to get analytics
2026-02-15 06:02:20,529 - __main__ - INFO - Dashboard API server stopped
2026-02-15 06:03:23,975 - __main__ - INFO - Dashboard API server starting
2026-02-15 06:03:31,322 - execution.crm_service - INFO - Database connection pool initialized
2026-02-15 06:04:13,802 - __main__ - INFO - Dashboard API server stopped
2026-02-15 06:06:45,598 - __main__ - INFO - Dashboard API server starting
2026-02-15 06:06:48,294 - execution.crm_service - INFO - Database connection pool initialized
2026-02-15 06:07:48,788 - __main__ - INFO - Dashboard API server stopped
2026-02-15 06:09:46,537 - __main__ - INFO - Dashboard API server starting
2026-02-15 06:09:52,627 - execution.crm_service - INFO - Database connection pool initialized
2026-02-15 06:10:03,954 - __main__ - INFO - Dashboard API server stopped
2026-02-15 06:11:13,390 - __main__ - INFO - Dashboard API server starting
2026-02-15 06:11:16,886 - execution.crm_service - INFO - Database connection pool initialized
2026-02-15 06:12:50,008 - __main__ - INFO - Dashboard API server stopped
2026-02-15 06:18:49,209 - __main__ - INFO - Dashboard API server starting
2026-02-15 06:18:53,859 - execution.crm_service - INFO - Database connection pool initialized
2026-02-15 06:18:58,081 - execution.data_exporter - INFO - Exported statistics to PDF: C:\Users\reg-81_new\Desktop\Sinchro_Yandex\reg-81_new\AI_Works_Tasks\SmartOrder Engine\.tmp\exports\stats_export_20260214_221858.pdf
2026-02-15 06:19:22,710 - __main__ - ERROR - Error exporting orders to Excel: OrderService.list_orders() got an unexpected keyword argument 'search'
Traceback (most recent call last):
  File "C:\Users\reg-81_new\Desktop\Sinchro_Yandex\reg-81_new\AI_Works_Tasks\SmartOrder Engine\execution\dashboard_api.py", line 1002, in export_orders_excel
    orders_data = OrderService.list_orders(
                  ^^^^^^^^^^^^^^^^^^^^^^^^^
TypeError: OrderService.list_orders() got an unexpected keyword argument 'search'
2026-02-15 06:19:22,712 - __main__ - ERROR - HTTP 500: Failed to export orders to Excel
2026-02-15 06:19:30,882 - __main__ - ERROR - Error exporting orders to CSV: OrderService.list_orders() got an unexpected keyword argument 'search'
Traceback (most recent call last):
  File "C:\Users\reg-81_new\Desktop\Sinchro_Yandex\reg-81_new\AI_Works_Tasks\SmartOrder Engine\execution\dashboard_api.py", line 1045, in export_orders_csv
    orders_data = OrderService.list_orders(
                  ^^^^^^^^^^^^^^^^^^^^^^^^^
TypeError: OrderService.list_orders() got an unexpected keyword argument 'search'
2026-02-15 06:19:30,882 - __main__ - ERROR - HTTP 500: Failed to export orders to CSV
2026-02-15 06:20:31,790 - __main__ - INFO - Dashboard API server stopped
2026-02-15 06:22:21,609 - __main__ - INFO - Dashboard API server starting
2026-02-15 06:22:25,510 - execution.crm_service - INFO - Database connection pool initialized
2026-02-15 06:22:31,056 - execution.data_exporter - INFO - Exported 3 orders to Excel: C:\Users\reg-81_new\Desktop\Sinchro_Yandex\reg-81_new\AI_Works_Tasks\SmartOrder Engine\.tmp\exports\orders_export_20260214_222231.xlsx
2026-02-15 06:22:46,262 - execution.data_exporter - INFO - Exported 3 orders to CSV: C:\Users\reg-81_new\Desktop\Sinchro_Yandex\reg-81_new\AI_Works_Tasks\SmartOrder Engine\.tmp\exports\orders_export_20260214_222246.csv
2026-02-15 06:22:56,864 - execution.data_exporter - INFO - Exported statistics to PDF: C:\Users\reg-81_new\Desktop\Sinchro_Yandex\reg-81_new\AI_Works_Tasks\SmartOrder Engine\.tmp\exports\stats_export_20260214_222256.pdf
2026-02-15 06:23:31,390 - __main__ - INFO - Dashboard API server stopped
2026-02-15 06:28:26,699 - __main__ - INFO - Dashboard API server starting
2026-02-15 06:28:31,487 - execution.crm_service - INFO - Database connection pool initialized
2026-02-15 06:31:09,347 - __main__ - INFO - Dashboard API server stopped
2026-02-15 06:32:24,877 - __main__ - INFO - Dashboard API server starting
2026-02-15 06:32:29,182 - execution.crm_service - INFO - Database connection pool initialized
2026-02-15 06:33:19,042 - execution.data_exporter - INFO - Exported statistics to PDF: C:\Users\reg-81_new\Desktop\Sinchro_Yandex\reg-81_new\AI_Works_Tasks\SmartOrder Engine\.tmp\exports\stats_export_20260214_223319.pdf
2026-02-15 06:33:48,575 - __main__ - INFO - Dashboard API server stopped
2026-02-15 06:36:34,146 - __main__ - INFO - Dashboard API server starting
2026-02-15 06:36:40,792 - execution.crm_service - INFO - Database connection pool initialized
2026-02-15 06:36:45,153 - execution.data_exporter - INFO - Exported analytics to PDF: C:\Users\reg-81_new\Desktop\Sinchro_Yandex\reg-81_new\AI_Works_Tasks\SmartOrder Engine\.tmp\exports\analytics_export_20260214_223645.pdf
2026-02-15 06:37:11,598 - execution.data_exporter - INFO - Exported 143 products to Excel: C:\Users\reg-81_new\Desktop\Sinchro_Yandex\reg-81_new\AI_Works_Tasks\SmartOrder Engine\.tmp\exports\catalog_export_20260214_223711.xlsx
2026-02-15 06:37:34,113 - execution.data_exporter - INFO - Exported 3 orders to CSV: C:\Users\reg-81_new\Desktop\Sinchro_Yandex\reg-81_new\AI_Works_Tasks\SmartOrder Engine\.tmp\exports\orders_export_20260214_223734.csv
2026-02-15 06:37:51,561 - __main__ - INFO - Dashboard API server stopped
2026-02-15 08:09:09,549 - __main__ - INFO - Dashboard API server starting
2026-02-15 08:09:09,552 - __main__ - INFO - Dashboard API server stopped
2026-02-15 08:21:20,718 - execution.crm_service - INFO - Database connection pool initialized
2026-02-15 08:22:11,472 - __main__ - INFO - Dashboard API server starting
2026-02-15 08:22:51,088 - execution.crm_service - INFO - Database connection pool initialized
2026-02-15 08:33:32,304 - __main__ - INFO - Dashboard API server starting
2026-02-15 08:34:35,919 - execution.crm_service - INFO - Database connection pool initialized
2026-02-15 08:38:13,256 - __main__ - INFO - Dashboard API server starting
2026-02-15 08:42:28,221 - execution.crm_service - INFO - Database connection pool initialized
2026-02-15 08:42:41,437 - execution.crm_service - INFO - Database connection pool initialized
2026-02-15 08:42:41,528 - execution.crm_service - INFO - Found 3 orders for phone +79001234567
2026-02-15 08:43:48,772 - __main__ - INFO - Dashboard API server starting
2026-02-15 08:46:57,955 - execution.crm_service - INFO - Database connection pool initialized
2026-02-15 08:56:30,862 - __main__ - INFO - Dashboard API server starting
2026-02-15 08:56:35,350 - execution.crm_service - INFO - Database connection pool initialized
2026-02-15 08:59:29,759 - __main__ - INFO - Dashboard API server starting
2026-02-15 08:59:29,840 - execution.crm_service - INFO - Database connection pool initialized
