2026-02-15 08:04:44,327 - __main__ - INFO - ============================================================
2026-02-15 08:04:44,327 - __main__ - INFO - SmartOrder Engine - Starting all services
2026-02-15 08:04:44,327 - __main__ - INFO - ============================================================
2026-02-15 08:04:44,329 - __main__ - INFO - Starting sync_1c_catalog: Синхронизация каталога 1С (с планировщиком)
2026-02-15 08:04:45,364 - __main__ - INFO - Starting api_catalog_server: API сервер каталога
2026-02-15 08:04:46,377 - __main__ - INFO - Starting telegram_bot: Telegram бот
2026-02-15 08:04:47,386 - __main__ - INFO - Starting yandex_mail_parser: Парсер Яндекс.Почты
2026-02-15 08:04:48,394 - __main__ - INFO - Starting yandex_forms_webhook: Webhook для Яндекс.Форм
2026-02-15 08:04:49,404 - __main__ - INFO - Starting queue_processor: Обработчик очереди Redis
2026-02-15 08:04:50,416 - __main__ - INFO - Starting dashboard_api: Dashboard API
2026-02-15 08:04:51,426 - __main__ - ERROR -   stdout: 
2026-02-15 08:04:51,426 - __main__ - ERROR -   stderr:   File "C:\Users\reg-81_new\Desktop\Sinchro_Yandex\reg-81_new\AI_Works_Tasks\SmartOrder Engine\execution\dashboard_api.py", line 135
    title="SmartOrder Engine - Dashboard API",
IndentationError: unexpected indent

2026-02-15 08:04:51,427 - __main__ - INFO - ============================================================
2026-02-15 08:04:51,427 - __main__ - INFO - All services started. Total: 6
2026-02-15 08:04:51,427 - __main__ - INFO - ============================================================
2026-02-15 08:04:51,427 - __main__ - INFO - Press Ctrl+C to stop all services
2026-02-15 08:04:51,427 - __main__ - INFO - 
2026-02-15 08:08:17,217 - __main__ - INFO - Received signal 2, shutting down...
2026-02-15 08:08:17,217 - __main__ - INFO - Stopping all services...
2026-02-15 08:08:17,217 - __main__ - INFO - Stopping sync_1c_catalog (PID: 35452)...
2026-02-15 08:08:17,226 - __main__ - INFO - Stopping api_catalog_server (PID: 24276)...
2026-02-15 08:08:17,230 - __main__ - INFO - Stopping telegram_bot (PID: 31384)...
2026-02-15 08:08:17,234 - __main__ - INFO - Stopping yandex_mail_parser (PID: 27964)...
2026-02-15 08:08:17,241 - __main__ - INFO - Stopping yandex_forms_webhook (PID: 24208)...
2026-02-15 08:08:17,247 - __main__ - INFO - Stopping queue_processor (PID: 7132)...
2026-02-15 08:08:17,253 - __main__ - INFO - Stopping all services...
2026-02-15 08:09:02,330 - __main__ - INFO - ============================================================
2026-02-15 08:09:02,330 - __main__ - INFO - SmartOrder Engine - Starting all services
2026-02-15 08:09:02,330 - __main__ - INFO - ============================================================
2026-02-15 08:09:02,330 - __main__ - INFO - Starting sync_1c_catalog: Синхронизация каталога 1С (с планировщиком)
2026-02-15 08:09:03,338 - __main__ - INFO - [OK] sync_1c_catalog started (PID: 27516)
2026-02-15 08:09:03,338 - __main__ - INFO - Starting api_catalog_server: API сервер каталога
2026-02-15 08:09:04,343 - __main__ - INFO - [OK] api_catalog_server started (PID: 35156)
2026-02-15 08:09:04,344 - __main__ - INFO - Starting telegram_bot: Telegram бот
2026-02-15 08:09:05,349 - __main__ - INFO - [OK] telegram_bot started (PID: 35384)
2026-02-15 08:09:05,349 - __main__ - INFO - Starting yandex_mail_parser: Парсер Яндекс.Почты
2026-02-15 08:09:06,355 - __main__ - INFO - [OK] yandex_mail_parser started (PID: 27792)
2026-02-15 08:09:06,356 - __main__ - INFO - Starting yandex_forms_webhook: Webhook для Яндекс.Форм
2026-02-15 08:09:07,361 - __main__ - INFO - [OK] yandex_forms_webhook started (PID: 21004)
2026-02-15 08:09:07,361 - __main__ - INFO - Starting queue_processor: Обработчик очереди Redis
2026-02-15 08:09:08,368 - __main__ - INFO - [OK] queue_processor started (PID: 29240)
2026-02-15 08:09:08,368 - __main__ - INFO - Starting dashboard_api: Dashboard API
2026-02-15 08:09:09,375 - __main__ - INFO - [OK] dashboard_api started (PID: 35096)
2026-02-15 08:09:09,375 - __main__ - INFO - ============================================================
2026-02-15 08:09:09,376 - __main__ - INFO - All services started. Total: 7
2026-02-15 08:09:09,376 - __main__ - INFO - ============================================================
2026-02-15 08:09:09,376 - __main__ - INFO - Press Ctrl+C to stop all services
2026-02-15 08:09:09,376 - __main__ - INFO - 
2026-02-15 08:09:19,377 - __main__ - ERROR - [ERROR] dashboard_api has stopped unexpectedly (exit code: 1)
2026-02-15 08:09:19,377 - __main__ - WARNING - Optional service dashboard_api stopped, continuing...
2026-02-15 08:09:29,378 - __main__ - ERROR - [ERROR] dashboard_api has stopped unexpectedly (exit code: 1)
2026-02-15 08:09:29,378 - __main__ - WARNING - Optional service dashboard_api stopped, continuing...
2026-02-15 08:09:39,380 - __main__ - ERROR - [ERROR] dashboard_api has stopped unexpectedly (exit code: 1)
2026-02-15 08:09:39,380 - __main__ - WARNING - Optional service dashboard_api stopped, continuing...
2026-02-15 08:09:49,380 - __main__ - ERROR - [ERROR] dashboard_api has stopped unexpectedly (exit code: 1)
2026-02-15 08:09:49,381 - __main__ - WARNING - Optional service dashboard_api stopped, continuing...
2026-02-15 08:09:59,382 - __main__ - ERROR - [ERROR] dashboard_api has stopped unexpectedly (exit code: 1)
2026-02-15 08:09:59,382 - __main__ - WARNING - Optional service dashboard_api stopped, continuing...
2026-02-15 08:10:09,383 - __main__ - ERROR - [ERROR] dashboard_api has stopped unexpectedly (exit code: 1)
2026-02-15 08:10:09,383 - __main__ - WARNING - Optional service dashboard_api stopped, continuing...
2026-02-15 08:10:19,385 - __main__ - ERROR - [ERROR] dashboard_api has stopped unexpectedly (exit code: 1)
2026-02-15 08:10:19,385 - __main__ - WARNING - Optional service dashboard_api stopped, continuing...
2026-02-15 08:10:29,386 - __main__ - ERROR - [ERROR] dashboard_api has stopped unexpectedly (exit code: 1)
2026-02-15 08:10:29,386 - __main__ - WARNING - Optional service dashboard_api stopped, continuing...
2026-02-15 08:10:39,387 - __main__ - ERROR - [ERROR] dashboard_api has stopped unexpectedly (exit code: 1)
2026-02-15 08:10:39,387 - __main__ - WARNING - Optional service dashboard_api stopped, continuing...
2026-02-15 08:10:49,389 - __main__ - ERROR - [ERROR] dashboard_api has stopped unexpectedly (exit code: 1)
2026-02-15 08:10:49,389 - __main__ - WARNING - Optional service dashboard_api stopped, continuing...
2026-02-15 08:10:59,390 - __main__ - ERROR - [ERROR] dashboard_api has stopped unexpectedly (exit code: 1)
2026-02-15 08:10:59,390 - __main__ - WARNING - Optional service dashboard_api stopped, continuing...
2026-02-15 08:11:09,391 - __main__ - ERROR - [ERROR] dashboard_api has stopped unexpectedly (exit code: 1)
2026-02-15 08:11:09,391 - __main__ - WARNING - Optional service dashboard_api stopped, continuing...
2026-02-15 08:11:19,392 - __main__ - ERROR - [ERROR] dashboard_api has stopped unexpectedly (exit code: 1)
2026-02-15 08:11:19,392 - __main__ - WARNING - Optional service dashboard_api stopped, continuing...
2026-02-15 08:11:29,393 - __main__ - ERROR - [ERROR] dashboard_api has stopped unexpectedly (exit code: 1)
2026-02-15 08:11:29,393 - __main__ - WARNING - Optional service dashboard_api stopped, continuing...
2026-02-15 08:11:39,394 - __main__ - ERROR - [ERROR] dashboard_api has stopped unexpectedly (exit code: 1)
2026-02-15 08:11:39,394 - __main__ - WARNING - Optional service dashboard_api stopped, continuing...
2026-02-15 08:11:49,395 - __main__ - ERROR - [ERROR] dashboard_api has stopped unexpectedly (exit code: 1)
2026-02-15 08:11:49,395 - __main__ - WARNING - Optional service dashboard_api stopped, continuing...
2026-02-15 08:11:59,396 - __main__ - ERROR - [ERROR] dashboard_api has stopped unexpectedly (exit code: 1)
2026-02-15 08:11:59,396 - __main__ - WARNING - Optional service dashboard_api stopped, continuing...
2026-02-15 08:12:09,397 - __main__ - ERROR - [ERROR] dashboard_api has stopped unexpectedly (exit code: 1)
2026-02-15 08:12:09,397 - __main__ - WARNING - Optional service dashboard_api stopped, continuing...
2026-02-15 08:12:19,399 - __main__ - ERROR - [ERROR] dashboard_api has stopped unexpectedly (exit code: 1)
2026-02-15 08:12:19,399 - __main__ - WARNING - Optional service dashboard_api stopped, continuing...
2026-02-15 08:12:29,400 - __main__ - ERROR - [ERROR] dashboard_api has stopped unexpectedly (exit code: 1)
2026-02-15 08:12:29,400 - __main__ - WARNING - Optional service dashboard_api stopped, continuing...
2026-02-15 08:12:39,401 - __main__ - ERROR - [ERROR] dashboard_api has stopped unexpectedly (exit code: 1)
2026-02-15 08:12:39,401 - __main__ - WARNING - Optional service dashboard_api stopped, continuing...
2026-02-15 08:12:49,402 - __main__ - ERROR - [ERROR] dashboard_api has stopped unexpectedly (exit code: 1)
2026-02-15 08:12:49,402 - __main__ - WARNING - Optional service dashboard_api stopped, continuing...
2026-02-15 08:12:59,403 - __main__ - ERROR - [ERROR] dashboard_api has stopped unexpectedly (exit code: 1)
2026-02-15 08:12:59,403 - __main__ - WARNING - Optional service dashboard_api stopped, continuing...
2026-02-15 08:13:09,404 - __main__ - ERROR - [ERROR] dashboard_api has stopped unexpectedly (exit code: 1)
2026-02-15 08:13:09,404 - __main__ - WARNING - Optional service dashboard_api stopped, continuing...
2026-02-15 08:13:19,406 - __main__ - ERROR - [ERROR] dashboard_api has stopped unexpectedly (exit code: 1)
2026-02-15 08:13:19,406 - __main__ - WARNING - Optional service dashboard_api stopped, continuing...
2026-02-15 08:13:29,408 - __main__ - ERROR - [ERROR] dashboard_api has stopped unexpectedly (exit code: 1)
2026-02-15 08:13:29,408 - __main__ - WARNING - Optional service dashboard_api stopped, continuing...
2026-02-15 08:13:39,409 - __main__ - ERROR - [ERROR] dashboard_api has stopped unexpectedly (exit code: 1)
2026-02-15 08:13:39,409 - __main__ - WARNING - Optional service dashboard_api stopped, continuing...
2026-02-15 08:13:49,409 - __main__ - ERROR - [ERROR] dashboard_api has stopped unexpectedly (exit code: 1)
2026-02-15 08:13:49,409 - __main__ - WARNING - Optional service dashboard_api stopped, continuing...
2026-02-15 08:13:59,411 - __main__ - ERROR - [ERROR] dashboard_api has stopped unexpectedly (exit code: 1)
2026-02-15 08:13:59,411 - __main__ - WARNING - Optional service dashboard_api stopped, continuing...
2026-02-15 08:14:09,412 - __main__ - ERROR - [ERROR] dashboard_api has stopped unexpectedly (exit code: 1)
2026-02-15 08:14:09,412 - __main__ - WARNING - Optional service dashboard_api stopped, continuing...
2026-02-15 08:14:19,413 - __main__ - ERROR - [ERROR] dashboard_api has stopped unexpectedly (exit code: 1)
2026-02-15 08:14:19,413 - __main__ - WARNING - Optional service dashboard_api stopped, continuing...
2026-02-15 08:14:29,413 - __main__ - ERROR - [ERROR] dashboard_api has stopped unexpectedly (exit code: 1)
2026-02-15 08:14:29,413 - __main__ - WARNING - Optional service dashboard_api stopped, continuing...
2026-02-15 08:14:39,415 - __main__ - ERROR - [ERROR] dashboard_api has stopped unexpectedly (exit code: 1)
2026-02-15 08:14:39,415 - __main__ - WARNING - Optional service dashboard_api stopped, continuing...
2026-02-15 08:14:49,416 - __main__ - ERROR - [ERROR] dashboard_api has stopped unexpectedly (exit code: 1)
2026-02-15 08:14:49,416 - __main__ - WARNING - Optional service dashboard_api stopped, continuing...
2026-02-15 08:14:59,417 - __main__ - ERROR - [ERROR] dashboard_api has stopped unexpectedly (exit code: 1)
2026-02-15 08:14:59,417 - __main__ - WARNING - Optional service dashboard_api stopped, continuing...
2026-02-15 08:15:09,418 - __main__ - ERROR - [ERROR] dashboard_api has stopped unexpectedly (exit code: 1)
2026-02-15 08:15:09,418 - __main__ - WARNING - Optional service dashboard_api stopped, continuing...
2026-02-15 08:15:19,419 - __main__ - ERROR - [ERROR] dashboard_api has stopped unexpectedly (exit code: 1)
2026-02-15 08:15:19,419 - __main__ - WARNING - Optional service dashboard_api stopped, continuing...
2026-02-15 08:15:29,420 - __main__ - ERROR - [ERROR] dashboard_api has stopped unexpectedly (exit code: 1)
2026-02-15 08:15:29,420 - __main__ - WARNING - Optional service dashboard_api stopped, continuing...
2026-02-15 08:15:39,421 - __main__ - ERROR - [ERROR] dashboard_api has stopped unexpectedly (exit code: 1)
2026-02-15 08:15:39,421 - __main__ - WARNING - Optional service dashboard_api stopped, continuing...
2026-02-15 08:15:49,422 - __main__ - ERROR - [ERROR] dashboard_api has stopped unexpectedly (exit code: 1)
2026-02-15 08:15:49,422 - __main__ - WARNING - Optional service dashboard_api stopped, continuing...
2026-02-15 08:15:59,423 - __main__ - ERROR - [ERROR] dashboard_api has stopped unexpectedly (exit code: 1)
2026-02-15 08:15:59,423 - __main__ - WARNING - Optional service dashboard_api stopped, continuing...
2026-02-15 08:16:09,424 - __main__ - ERROR - [ERROR] dashboard_api has stopped unexpectedly (exit code: 1)
2026-02-15 08:16:09,425 - __main__ - WARNING - Optional service dashboard_api stopped, continuing...
2026-02-15 08:16:19,425 - __main__ - ERROR - [ERROR] dashboard_api has stopped unexpectedly (exit code: 1)
2026-02-15 08:16:19,426 - __main__ - WARNING - Optional service dashboard_api stopped, continuing...
2026-02-15 08:16:29,427 - __main__ - ERROR - [ERROR] dashboard_api has stopped unexpectedly (exit code: 1)
2026-02-15 08:16:29,427 - __main__ - WARNING - Optional service dashboard_api stopped, continuing...
2026-02-15 08:16:39,428 - __main__ - ERROR - [ERROR] dashboard_api has stopped unexpectedly (exit code: 1)
2026-02-15 08:16:39,428 - __main__ - WARNING - Optional service dashboard_api stopped, continuing...
2026-02-15 08:16:49,429 - __main__ - ERROR - [ERROR] dashboard_api has stopped unexpectedly (exit code: 1)
2026-02-15 08:16:49,429 - __main__ - WARNING - Optional service dashboard_api stopped, continuing...
2026-02-15 08:16:59,430 - __main__ - ERROR - [ERROR] dashboard_api has stopped unexpectedly (exit code: 1)
2026-02-15 08:16:59,430 - __main__ - WARNING - Optional service dashboard_api stopped, continuing...
2026-02-15 08:17:09,431 - __main__ - ERROR - [ERROR] dashboard_api has stopped unexpectedly (exit code: 1)
2026-02-15 08:17:09,431 - __main__ - WARNING - Optional service dashboard_api stopped, continuing...
2026-02-15 08:17:19,432 - __main__ - ERROR - [ERROR] dashboard_api has stopped unexpectedly (exit code: 1)
2026-02-15 08:17:19,432 - __main__ - WARNING - Optional service dashboard_api stopped, continuing...
2026-02-15 08:17:29,434 - __main__ - ERROR - [ERROR] dashboard_api has stopped unexpectedly (exit code: 1)
2026-02-15 08:17:29,434 - __main__ - WARNING - Optional service dashboard_api stopped, continuing...
2026-02-15 08:17:39,434 - __main__ - ERROR - [ERROR] dashboard_api has stopped unexpectedly (exit code: 1)
2026-02-15 08:17:39,434 - __main__ - WARNING - Optional service dashboard_api stopped, continuing...
2026-02-15 08:17:49,436 - __main__ - ERROR - [ERROR] dashboard_api has stopped unexpectedly (exit code: 1)
2026-02-15 08:17:49,436 - __main__ - WARNING - Optional service dashboard_api stopped, continuing...
2026-02-15 08:17:59,436 - __main__ - ERROR - [ERROR] dashboard_api has stopped unexpectedly (exit code: 1)
2026-02-15 08:17:59,436 - __main__ - WARNING - Optional service dashboard_api stopped, continuing...
2026-02-15 08:18:09,437 - __main__ - ERROR - [ERROR] dashboard_api has stopped unexpectedly (exit code: 1)
2026-02-15 08:18:09,438 - __main__ - WARNING - Optional service dashboard_api stopped, continuing...
2026-02-15 08:18:19,439 - __main__ - ERROR - [ERROR] dashboard_api has stopped unexpectedly (exit code: 1)
2026-02-15 08:18:19,439 - __main__ - WARNING - Optional service dashboard_api stopped, continuing...
2026-02-15 08:18:20,369 - __main__ - INFO - Received signal 2, shutting down...
2026-02-15 08:18:20,369 - __main__ - INFO - Stopping all services...
2026-02-15 08:18:20,369 - __main__ - INFO - Stopping sync_1c_catalog (PID: 27516)...
2026-02-15 08:18:20,393 - __main__ - INFO - Stopping api_catalog_server (PID: 35156)...
2026-02-15 08:18:20,396 - __main__ - INFO - Stopping telegram_bot (PID: 35384)...
2026-02-15 08:18:20,401 - __main__ - INFO - Stopping yandex_mail_parser (PID: 27792)...
2026-02-15 08:18:20,406 - __main__ - INFO - Stopping yandex_forms_webhook (PID: 21004)...
2026-02-15 08:18:20,412 - __main__ - INFO - Stopping queue_processor (PID: 29240)...
2026-02-15 08:18:20,423 - __main__ - INFO - Stopping all services...
2026-02-15 08:27:55,489 - __main__ - INFO - ============================================================
2026-02-15 08:27:55,489 - __main__ - INFO - SmartOrder Engine - Starting all services
2026-02-15 08:27:55,489 - __main__ - INFO - ============================================================
2026-02-15 08:27:55,489 - __main__ - INFO - Starting sync_1c_catalog: Синхронизация каталога 1С (с планировщиком)
2026-02-15 08:27:57,497 - __main__ - INFO - [OK] sync_1c_catalog started (PID: 30040)
2026-02-15 08:27:57,497 - __main__ - INFO - Starting api_catalog_server: API сервер каталога
2026-02-15 08:27:59,505 - __main__ - ERROR - [FAIL] api_catalog_server failed to start
2026-02-15 08:27:59,506 - __main__ - ERROR -   stderr: INFO:     Started server process [35020]
INFO:     Waiting for application startup.
INFO:__main__:Database connection pool initialized
INFO:__main__:Redis client initialized
INFO:     Application startup complete.
ERROR:    [Errno 10048] error while attempting to bind on address ('0.0.0.0', 8025): обычно разрешается только одно использование адреса сокета (протокол/сетевой адрес/порт)
INFO:     Waiting for application shutdown.
INFO:     Application shutdown complete.

2026-02-15 08:27:59,506 - __main__ - ERROR - Failed to start required service api_catalog_server, aborting...
2026-02-15 08:27:59,507 - __main__ - INFO - Stopping all services...
2026-02-15 08:27:59,507 - __main__ - INFO - Stopping sync_1c_catalog (PID: 30040)...
2026-02-15 08:30:19,121 - __main__ - INFO - ============================================================
2026-02-15 08:30:19,121 - __main__ - INFO - SmartOrder Engine - Starting all services
2026-02-15 08:30:19,121 - __main__ - INFO - ============================================================
2026-02-15 08:30:19,121 - __main__ - INFO - Starting sync_1c_catalog: Синхронизация каталога 1С (с планировщиком)
2026-02-15 08:30:21,130 - __main__ - INFO - [OK] sync_1c_catalog started (PID: 28756)
2026-02-15 08:30:21,130 - __main__ - INFO - Starting api_catalog_server: API сервер каталога
2026-02-15 08:30:23,137 - __main__ - ERROR - [FAIL] api_catalog_server failed to start
2026-02-15 08:30:23,137 - __main__ - ERROR -   stderr: INFO:     Started server process [34048]
INFO:     Waiting for application startup.
INFO:__main__:Database connection pool initialized
INFO:__main__:Redis client initialized
INFO:     Application startup complete.
ERROR:    [Errno 10048] error while attempting to bind on address ('0.0.0.0', 8025): обычно разрешается только одно использование адреса сокета (протокол/сетевой адрес/порт)
INFO:     Waiting for application shutdown.
INFO:     Application shutdown complete.

2026-02-15 08:30:23,140 - __main__ - ERROR - Failed to start required service api_catalog_server, aborting...
2026-02-15 08:30:23,140 - __main__ - INFO - Stopping all services...
2026-02-15 08:30:23,140 - __main__ - INFO - Stopping sync_1c_catalog (PID: 28756)...
2026-02-15 08:30:23,140 - __main__ - INFO - [OK] sync_1c_catalog stopped
2026-02-15 08:33:19,107 - __main__ - INFO - ============================================================
2026-02-15 08:33:19,107 - __main__ - INFO - SmartOrder Engine - Starting all services
2026-02-15 08:33:19,107 - __main__ - INFO - ============================================================
2026-02-15 08:33:19,107 - __main__ - INFO - Starting sync_1c_catalog: Синхронизация каталога 1С (с планировщиком)
2026-02-15 08:33:21,116 - __main__ - INFO - [OK] sync_1c_catalog started (PID: 23848)
2026-02-15 08:33:21,116 - __main__ - INFO - Starting api_catalog_server: API сервер каталога
2026-02-15 08:33:23,135 - __main__ - INFO - [OK] api_catalog_server started (PID: 31048)
2026-02-15 08:33:23,137 - __main__ - INFO - Starting telegram_bot: Telegram бот
2026-02-15 08:33:25,148 - __main__ - INFO - [OK] telegram_bot started (PID: 21032)
2026-02-15 08:33:25,148 - __main__ - INFO - Starting yandex_mail_parser: Парсер Яндекс.Почты
2026-02-15 08:33:27,156 - __main__ - INFO - [OK] yandex_mail_parser started (PID: 31876)
2026-02-15 08:33:27,157 - __main__ - INFO - Starting yandex_forms_webhook: Webhook для Яндекс.Форм
2026-02-15 08:33:29,164 - __main__ - INFO - [OK] yandex_forms_webhook started (PID: 25388)
2026-02-15 08:33:29,164 - __main__ - INFO - Starting queue_processor: Обработчик очереди Redis
2026-02-15 08:33:31,170 - __main__ - INFO - [OK] queue_processor started (PID: 31920)
2026-02-15 08:33:31,170 - __main__ - INFO - Starting dashboard_api: Dashboard API
2026-02-15 08:33:33,176 - __main__ - INFO - [OK] dashboard_api started (PID: 26548)
2026-02-15 08:33:33,177 - __main__ - INFO - ============================================================
2026-02-15 08:33:33,177 - __main__ - INFO - All services started. Total: 7
2026-02-15 08:33:33,177 - __main__ - INFO - ============================================================
2026-02-15 08:33:33,177 - __main__ - INFO - Press Ctrl+C to stop all services
2026-02-15 08:33:33,177 - __main__ - INFO - 
2026-02-15 08:37:54,633 - __main__ - INFO - Received signal 2, shutting down...
2026-02-15 08:37:54,633 - __main__ - INFO - Stopping all services...
2026-02-15 08:37:54,634 - __main__ - INFO - Stopping sync_1c_catalog (PID: 23848)...
2026-02-15 08:37:54,634 - __main__ - INFO - [OK] sync_1c_catalog stopped
2026-02-15 08:37:54,634 - __main__ - INFO - Stopping api_catalog_server (PID: 31048)...
2026-02-15 08:37:54,637 - __main__ - INFO - [OK] api_catalog_server stopped
2026-02-15 08:37:54,637 - __main__ - INFO - Stopping telegram_bot (PID: 21032)...
2026-02-15 08:37:54,637 - __main__ - INFO - [OK] telegram_bot stopped
2026-02-15 08:37:54,637 - __main__ - INFO - Stopping yandex_mail_parser (PID: 31876)...
2026-02-15 08:37:54,637 - __main__ - INFO - [OK] yandex_mail_parser stopped
2026-02-15 08:37:54,637 - __main__ - INFO - Stopping yandex_forms_webhook (PID: 25388)...
2026-02-15 08:37:54,641 - __main__ - INFO - [OK] yandex_forms_webhook stopped
2026-02-15 08:37:54,643 - __main__ - INFO - Stopping queue_processor (PID: 31920)...
2026-02-15 08:37:54,643 - __main__ - INFO - [OK] queue_processor stopped
2026-02-15 08:37:54,643 - __main__ - INFO - Stopping dashboard_api (PID: 26548)...
2026-02-15 08:37:54,643 - __main__ - INFO - [OK] dashboard_api stopped
2026-02-15 08:37:54,643 - __main__ - INFO - Stopping all services...
2026-02-15 08:38:00,039 - __main__ - INFO - ============================================================
2026-02-15 08:38:00,039 - __main__ - INFO - SmartOrder Engine - Starting all services
2026-02-15 08:38:00,039 - __main__ - INFO - ============================================================
2026-02-15 08:38:00,039 - __main__ - INFO - Starting sync_1c_catalog: Синхронизация каталога 1С (с планировщиком)
2026-02-15 08:38:02,048 - __main__ - INFO - [OK] sync_1c_catalog started (PID: 14828)
2026-02-15 08:38:02,048 - __main__ - INFO - Starting api_catalog_server: API сервер каталога
2026-02-15 08:38:04,057 - __main__ - INFO - [OK] api_catalog_server started (PID: 32872)
2026-02-15 08:38:04,057 - __main__ - INFO - Starting telegram_bot: Telegram бот
2026-02-15 08:38:06,064 - __main__ - INFO - [OK] telegram_bot started (PID: 5436)
2026-02-15 08:38:06,064 - __main__ - INFO - Starting yandex_mail_parser: Парсер Яндекс.Почты
2026-02-15 08:38:08,071 - __main__ - INFO - [OK] yandex_mail_parser started (PID: 23896)
2026-02-15 08:38:08,071 - __main__ - INFO - Starting yandex_forms_webhook: Webhook для Яндекс.Форм
2026-02-15 08:38:10,077 - __main__ - INFO - [OK] yandex_forms_webhook started (PID: 25676)
2026-02-15 08:38:10,077 - __main__ - INFO - Starting queue_processor: Обработчик очереди Redis
2026-02-15 08:38:12,084 - __main__ - INFO - [OK] queue_processor started (PID: 8520)
2026-02-15 08:38:12,084 - __main__ - INFO - Starting dashboard_api: Dashboard API
2026-02-15 08:38:14,095 - __main__ - INFO - [OK] dashboard_api started (PID: 12272)
2026-02-15 08:38:14,095 - __main__ - INFO - ============================================================
2026-02-15 08:38:14,095 - __main__ - INFO - All services started. Total: 7
2026-02-15 08:38:14,095 - __main__ - INFO - ============================================================
2026-02-15 08:38:14,095 - __main__ - INFO - Press Ctrl+C to stop all services
2026-02-15 08:38:14,095 - __main__ - INFO - 
2026-02-15 08:39:41,528 - __main__ - INFO - Received signal 2, shutting down...
2026-02-15 08:39:41,533 - __main__ - INFO - Stopping all services...
2026-02-15 08:39:41,538 - __main__ - INFO - Stopping sync_1c_catalog (PID: 14828)...
2026-02-15 08:39:41,573 - __main__ - INFO - [OK] sync_1c_catalog stopped
2026-02-15 08:39:41,573 - __main__ - INFO - Stopping api_catalog_server (PID: 32872)...
2026-02-15 08:39:41,578 - __main__ - INFO - [OK] api_catalog_server stopped
2026-02-15 08:39:41,579 - __main__ - INFO - Stopping telegram_bot (PID: 5436)...
2026-02-15 08:39:41,587 - __main__ - INFO - [OK] telegram_bot stopped
2026-02-15 08:39:41,588 - __main__ - INFO - Stopping yandex_mail_parser (PID: 23896)...
2026-02-15 08:39:41,590 - __main__ - INFO - [OK] yandex_mail_parser stopped
2026-02-15 08:39:41,590 - __main__ - INFO - Stopping yandex_forms_webhook (PID: 25676)...
2026-02-15 08:39:41,593 - __main__ - INFO - [OK] yandex_forms_webhook stopped
2026-02-15 08:39:41,593 - __main__ - INFO - Stopping queue_processor (PID: 8520)...
2026-02-15 08:39:41,596 - __main__ - INFO - [OK] queue_processor stopped
2026-02-15 08:39:41,597 - __main__ - INFO - Stopping dashboard_api (PID: 12272)...
2026-02-15 08:39:41,600 - __main__ - INFO - [OK] dashboard_api stopped
2026-02-15 08:39:41,601 - __main__ - INFO - Stopping all services...
2026-02-15 08:43:35,720 - __main__ - INFO - ============================================================
2026-02-15 08:43:35,731 - __main__ - INFO - SmartOrder Engine - Starting all services
2026-02-15 08:43:35,731 - __main__ - INFO - ============================================================
2026-02-15 08:43:35,731 - __main__ - INFO - Starting sync_1c_catalog: Синхронизация каталога 1С (с планировщиком)
2026-02-15 08:43:37,737 - __main__ - INFO - [OK] sync_1c_catalog started (PID: 16036)
2026-02-15 08:43:37,737 - __main__ - INFO - Starting api_catalog_server: API сервер каталога
2026-02-15 08:43:39,744 - __main__ - INFO - [OK] api_catalog_server started (PID: 33072)
2026-02-15 08:43:39,745 - __main__ - INFO - Starting telegram_bot: Telegram бот
2026-02-15 08:43:41,751 - __main__ - INFO - [OK] telegram_bot started (PID: 35220)
2026-02-15 08:43:41,751 - __main__ - INFO - Starting yandex_mail_parser: Парсер Яндекс.Почты
2026-02-15 08:43:43,759 - __main__ - INFO - [OK] yandex_mail_parser started (PID: 33992)
2026-02-15 08:43:43,759 - __main__ - INFO - Starting yandex_forms_webhook: Webhook для Яндекс.Форм
2026-02-15 08:43:45,766 - __main__ - INFO - [OK] yandex_forms_webhook started (PID: 33708)
2026-02-15 08:43:45,767 - __main__ - INFO - Starting queue_processor: Обработчик очереди Redis
2026-02-15 08:43:47,772 - __main__ - INFO - [OK] queue_processor started (PID: 9804)
2026-02-15 08:43:47,772 - __main__ - INFO - Starting dashboard_api: Dashboard API
2026-02-15 08:43:49,778 - __main__ - INFO - [OK] dashboard_api started (PID: 20260)
2026-02-15 08:43:49,778 - __main__ - INFO - ============================================================
2026-02-15 08:43:49,778 - __main__ - INFO - All services started. Total: 7
2026-02-15 08:43:49,778 - __main__ - INFO - ============================================================
2026-02-15 08:43:49,778 - __main__ - INFO - Press Ctrl+C to stop all services
2026-02-15 08:43:49,778 - __main__ - INFO - 
2026-02-15 08:50:36,207 - __main__ - INFO - Received signal 2, shutting down...
2026-02-15 08:50:36,208 - __main__ - INFO - Stopping all services...
2026-02-15 08:50:36,208 - __main__ - INFO - Stopping sync_1c_catalog (PID: 16036)...
2026-02-15 08:50:36,209 - __main__ - INFO - [OK] sync_1c_catalog stopped
2026-02-15 08:50:36,210 - __main__ - INFO - Stopping api_catalog_server (PID: 33072)...
2026-02-15 08:50:36,212 - __main__ - INFO - [OK] api_catalog_server stopped
2026-02-15 08:50:36,212 - __main__ - INFO - Stopping telegram_bot (PID: 35220)...
2026-02-15 08:50:36,213 - __main__ - INFO - [OK] telegram_bot stopped
2026-02-15 08:50:36,214 - __main__ - INFO - Stopping yandex_mail_parser (PID: 33992)...
2026-02-15 08:50:36,224 - __main__ - INFO - [OK] yandex_mail_parser stopped
2026-02-15 08:50:36,225 - __main__ - INFO - Stopping yandex_forms_webhook (PID: 33708)...
2026-02-15 08:50:36,228 - __main__ - INFO - [OK] yandex_forms_webhook stopped
2026-02-15 08:50:36,229 - __main__ - INFO - Stopping queue_processor (PID: 9804)...
2026-02-15 08:50:36,230 - __main__ - INFO - [OK] queue_processor stopped
2026-02-15 08:50:36,231 - __main__ - INFO - Stopping dashboard_api (PID: 20260)...
2026-02-15 08:50:36,232 - __main__ - INFO - [OK] dashboard_api stopped
2026-02-15 08:50:36,234 - __main__ - INFO - Stopping all services...
2026-02-15 08:56:16,815 - __main__ - INFO - ============================================================
2026-02-15 08:56:16,815 - __main__ - INFO - SmartOrder Engine - Starting all services
2026-02-15 08:56:16,815 - __main__ - INFO - ============================================================
2026-02-15 08:56:16,816 - __main__ - INFO - Starting sync_1c_catalog: Синхронизация каталога 1С (с планировщиком)
2026-02-15 08:56:18,824 - __main__ - INFO - [OK] sync_1c_catalog started (PID: 7412)
2026-02-15 08:56:18,825 - __main__ - INFO - Starting api_catalog_server: API сервер каталога
2026-02-15 08:56:20,836 - __main__ - INFO - [OK] api_catalog_server started (PID: 3492)
2026-02-15 08:56:20,836 - __main__ - INFO - Starting telegram_bot: Telegram бот
2026-02-15 08:56:22,843 - __main__ - INFO - [OK] telegram_bot started (PID: 35264)
2026-02-15 08:56:22,843 - __main__ - INFO - Starting yandex_mail_parser: Парсер Яндекс.Почты
2026-02-15 08:56:24,851 - __main__ - INFO - [OK] yandex_mail_parser started (PID: 31408)
2026-02-15 08:56:24,851 - __main__ - INFO - Starting yandex_forms_webhook: Webhook для Яндекс.Форм
2026-02-15 08:56:26,861 - __main__ - INFO - [OK] yandex_forms_webhook started (PID: 25888)
2026-02-15 08:56:26,861 - __main__ - INFO - Starting queue_processor: Обработчик очереди Redis
2026-02-15 08:56:28,869 - __main__ - INFO - [OK] queue_processor started (PID: 27408)
2026-02-15 08:56:28,869 - __main__ - INFO - Starting dashboard_api: Dashboard API
2026-02-15 08:56:30,880 - __main__ - INFO - [OK] dashboard_api started (PID: 31496)
2026-02-15 08:56:30,880 - __main__ - INFO - ============================================================
2026-02-15 08:56:30,880 - __main__ - INFO - All services started. Total: 7
2026-02-15 08:56:30,881 - __main__ - INFO - ============================================================
2026-02-15 08:56:30,881 - __main__ - INFO - Press Ctrl+C to stop all services
2026-02-15 08:56:30,881 - __main__ - INFO - 
2026-02-15 08:59:12,559 - __main__ - INFO - Received signal 2, shutting down...
2026-02-15 08:59:12,559 - __main__ - INFO - Stopping all services...
2026-02-15 08:59:12,559 - __main__ - INFO - Stopping sync_1c_catalog (PID: 7412)...
2026-02-15 08:59:12,559 - __main__ - INFO - [OK] sync_1c_catalog stopped
2026-02-15 08:59:12,559 - __main__ - INFO - Stopping api_catalog_server (PID: 3492)...
2026-02-15 08:59:12,559 - __main__ - INFO - [OK] api_catalog_server stopped
2026-02-15 08:59:12,559 - __main__ - INFO - Stopping telegram_bot (PID: 35264)...
2026-02-15 08:59:12,559 - __main__ - INFO - [OK] telegram_bot stopped
2026-02-15 08:59:12,559 - __main__ - INFO - Stopping yandex_mail_parser (PID: 31408)...
2026-02-15 08:59:12,569 - __main__ - INFO - [OK] yandex_mail_parser stopped
2026-02-15 08:59:12,569 - __main__ - INFO - Stopping yandex_forms_webhook (PID: 25888)...
2026-02-15 08:59:12,571 - __main__ - INFO - [OK] yandex_forms_webhook stopped
2026-02-15 08:59:12,572 - __main__ - INFO - Stopping queue_processor (PID: 27408)...
2026-02-15 08:59:12,580 - __main__ - INFO - [OK] queue_processor stopped
2026-02-15 08:59:12,581 - __main__ - INFO - Stopping dashboard_api (PID: 31496)...
2026-02-15 08:59:12,582 - __main__ - INFO - [OK] dashboard_api stopped
2026-02-15 08:59:12,582 - __main__ - INFO - Stopping all services...
2026-02-15 08:59:15,504 - __main__ - INFO - ============================================================
2026-02-15 08:59:15,504 - __main__ - INFO - SmartOrder Engine - Starting all services
2026-02-15 08:59:15,504 - __main__ - INFO - ============================================================
2026-02-15 08:59:15,504 - __main__ - INFO - Starting sync_1c_catalog: Синхронизация каталога 1С (с планировщиком)
2026-02-15 08:59:17,513 - __main__ - INFO - [OK] sync_1c_catalog started (PID: 35092)
2026-02-15 08:59:17,513 - __main__ - INFO - Starting api_catalog_server: API сервер каталога
2026-02-15 08:59:19,519 - __main__ - INFO - [OK] api_catalog_server started (PID: 29904)
2026-02-15 08:59:19,519 - __main__ - INFO - Starting telegram_bot: Telegram бот
2026-02-15 08:59:21,529 - __main__ - INFO - [OK] telegram_bot started (PID: 20332)
2026-02-15 08:59:21,529 - __main__ - INFO - Starting yandex_mail_parser: Парсер Яндекс.Почты
2026-02-15 08:59:23,535 - __main__ - INFO - [OK] yandex_mail_parser started (PID: 35252)
2026-02-15 08:59:23,535 - __main__ - INFO - Starting yandex_forms_webhook: Webhook для Яндекс.Форм
2026-02-15 08:59:25,542 - __main__ - INFO - [OK] yandex_forms_webhook started (PID: 35260)
2026-02-15 08:59:25,542 - __main__ - INFO - Starting queue_processor: Обработчик очереди Redis
2026-02-15 08:59:27,550 - __main__ - INFO - [OK] queue_processor started (PID: 23140)
2026-02-15 08:59:27,550 - __main__ - INFO - Starting dashboard_api: Dashboard API
2026-02-15 08:59:29,558 - __main__ - INFO - [OK] dashboard_api started (PID: 3588)
2026-02-15 08:59:29,558 - __main__ - INFO - ============================================================
2026-02-15 08:59:29,558 - __main__ - INFO - All services started. Total: 7
2026-02-15 08:59:29,559 - __main__ - INFO - ============================================================
2026-02-15 08:59:29,559 - __main__ - INFO - Press Ctrl+C to stop all services
2026-02-15 08:59:29,559 - __main__ - INFO - 
2026-02-15 09:08:21,019 - __main__ - INFO - Received signal 2, shutting down...
2026-02-15 09:08:21,019 - __main__ - INFO - Stopping all services...
2026-02-15 09:08:21,019 - __main__ - INFO - Stopping sync_1c_catalog (PID: 35092)...
2026-02-15 09:08:21,021 - __main__ - INFO - [OK] sync_1c_catalog stopped
2026-02-15 09:08:21,021 - __main__ - INFO - Stopping api_catalog_server (PID: 29904)...
2026-02-15 09:08:21,023 - __main__ - INFO - [OK] api_catalog_server stopped
2026-02-15 09:08:21,024 - __main__ - INFO - Stopping telegram_bot (PID: 20332)...
2026-02-15 09:08:21,031 - __main__ - INFO - [OK] telegram_bot stopped
2026-02-15 09:08:21,031 - __main__ - INFO - Stopping yandex_mail_parser (PID: 35252)...
2026-02-15 09:08:21,033 - __main__ - INFO - [OK] yandex_mail_parser stopped
2026-02-15 09:08:21,042 - __main__ - INFO - Stopping yandex_forms_webhook (PID: 35260)...
2026-02-15 09:08:21,045 - __main__ - INFO - [OK] yandex_forms_webhook stopped
2026-02-15 09:08:21,045 - __main__ - INFO - Stopping queue_processor (PID: 23140)...
2026-02-15 09:08:21,048 - __main__ - INFO - [OK] queue_processor stopped
2026-02-15 09:08:21,048 - __main__ - INFO - Stopping dashboard_api (PID: 3588)...
2026-02-15 09:08:21,051 - __main__ - INFO - [OK] dashboard_api stopped
2026-02-15 09:08:21,051 - __main__ - INFO - Stopping all services...
