2026-02-14 20:04:23,719 - __main__ - INFO - Redis client initialized successfully
2026-02-14 20:04:24,199 - __main__ - INFO - Starting Telegram bot...
2026-02-14 20:04:24,747 - httpx - INFO - HTTP Request: POST https://api.telegram.org/bot8584134262:AAH8bJA3kw_9TbolWnoLzoTSWGIBUE9L888/getMe "HTTP/1.1 200 OK"
2026-02-14 20:04:24,866 - httpx - INFO - HTTP Request: POST https://api.telegram.org/bot8584134262:AAH8bJA3kw_9TbolWnoLzoTSWGIBUE9L888/deleteWebhook "HTTP/1.1 200 OK"
2026-02-14 20:04:24,872 - apscheduler.scheduler - INFO - Scheduler started
2026-02-14 20:04:24,872 - telegram.ext.Application - INFO - Application started
2026-02-14 20:04:35,933 - httpx - INFO - HTTP Request: POST https://api.telegram.org/bot8584134262:AAH8bJA3kw_9TbolWnoLzoTSWGIBUE9L888/getUpdates "HTTP/1.1 200 OK"
2026-02-14 20:04:46,061 - httpx - INFO - HTTP Request: POST https://api.telegram.org/bot8584134262:AAH8bJA3kw_9TbolWnoLzoTSWGIBUE9L888/getUpdates "HTTP/1.1 200 OK"
2026-02-14 20:04:56,785 - httpx - INFO - HTTP Request: POST https://api.telegram.org/bot8584134262:AAH8bJA3kw_9TbolWnoLzoTSWGIBUE9L888/getUpdates "HTTP/1.1 200 OK"
2026-02-14 20:05:06,906 - httpx - INFO - HTTP Request: POST https://api.telegram.org/bot8584134262:AAH8bJA3kw_9TbolWnoLzoTSWGIBUE9L888/getUpdates "HTTP/1.1 200 OK"
2026-02-14 20:05:17,901 - httpx - INFO - HTTP Request: POST https://api.telegram.org/bot8584134262:AAH8bJA3kw_9TbolWnoLzoTSWGIBUE9L888/getUpdates "HTTP/1.1 200 OK"
2026-02-14 20:05:21,308 - httpx - INFO - HTTP Request: POST https://api.telegram.org/bot8584134262:AAH8bJA3kw_9TbolWnoLzoTSWGIBUE9L888/getUpdates "HTTP/1.1 200 OK"
2026-02-14 20:05:22,289 - httpx - INFO - HTTP Request: POST https://api.telegram.org/bot8584134262:AAH8bJA3kw_9TbolWnoLzoTSWGIBUE9L888/sendMessage "HTTP/1.1 200 OK"
2026-02-14 20:05:30,388 - httpx - INFO - HTTP Request: POST https://api.telegram.org/bot8584134262:AAH8bJA3kw_9TbolWnoLzoTSWGIBUE9L888/getUpdates "HTTP/1.1 200 OK"
2026-02-14 20:05:31,225 - httpx - INFO - HTTP Request: POST https://api.telegram.org/bot8584134262:AAH8bJA3kw_9TbolWnoLzoTSWGIBUE9L888/sendMessage "HTTP/1.1 200 OK"
2026-02-14 20:05:40,910 - httpx - INFO - HTTP Request: POST https://api.telegram.org/bot8584134262:AAH8bJA3kw_9TbolWnoLzoTSWGIBUE9L888/getUpdates "HTTP/1.1 200 OK"
2026-02-14 20:05:41,498 - httpx - INFO - HTTP Request: POST https://api.telegram.org/bot8584134262:AAH8bJA3kw_9TbolWnoLzoTSWGIBUE9L888/getUpdates "HTTP/1.1 200 OK"
2026-02-14 20:05:42,439 - httpx - INFO - HTTP Request: POST https://api.telegram.org/bot8584134262:AAH8bJA3kw_9TbolWnoLzoTSWGIBUE9L888/sendMessage "HTTP/1.1 200 OK"
2026-02-14 20:05:51,631 - httpx - INFO - HTTP Request: POST https://api.telegram.org/bot8584134262:AAH8bJA3kw_9TbolWnoLzoTSWGIBUE9L888/getUpdates "HTTP/1.1 200 OK"
2026-02-14 20:05:53,754 - httpx - INFO - HTTP Request: POST https://api.telegram.org/bot8584134262:AAH8bJA3kw_9TbolWnoLzoTSWGIBUE9L888/getUpdates "HTTP/1.1 200 OK"
2026-02-14 20:05:53,757 - __main__ - INFO - Message sent to queue: 34
2026-02-14 20:05:54,755 - httpx - INFO - HTTP Request: POST https://api.telegram.org/bot8584134262:AAH8bJA3kw_9TbolWnoLzoTSWGIBUE9L888/sendMessage "HTTP/1.1 200 OK"
2026-02-14 20:06:04,688 - httpx - INFO - HTTP Request: POST https://api.telegram.org/bot8584134262:AAH8bJA3kw_9TbolWnoLzoTSWGIBUE9L888/getUpdates "HTTP/1.1 200 OK"
2026-02-14 20:06:14,805 - httpx - INFO - HTTP Request: POST https://api.telegram.org/bot8584134262:AAH8bJA3kw_9TbolWnoLzoTSWGIBUE9L888/getUpdates "HTTP/1.1 200 OK"
2026-02-14 20:06:25,242 - httpx - INFO - HTTP Request: POST https://api.telegram.org/bot8584134262:AAH8bJA3kw_9TbolWnoLzoTSWGIBUE9L888/getUpdates "HTTP/1.1 200 OK"
2026-02-14 20:06:35,721 - httpx - INFO - HTTP Request: POST https://api.telegram.org/bot8584134262:AAH8bJA3kw_9TbolWnoLzoTSWGIBUE9L888/getUpdates "HTTP/1.1 200 OK"
2026-02-14 20:06:43,951 - httpx - INFO - HTTP Request: POST https://api.telegram.org/bot8584134262:AAH8bJA3kw_9TbolWnoLzoTSWGIBUE9L888/getUpdates "HTTP/1.1 200 OK"
2026-02-14 20:06:43,952 - telegram.ext.Application - INFO - Application is stopping. This might take a moment.
2026-02-14 20:06:43,952 - apscheduler.scheduler - INFO - Scheduler has been shut down
2026-02-14 20:06:43,952 - telegram.ext.Application - INFO - Application.stop() complete
2026-02-15 00:06:18,322 - __main__ - INFO - Redis client initialized successfully
2026-02-15 00:06:18,877 - __main__ - INFO - Starting Telegram bot...
2026-02-15 00:06:19,501 - httpx - INFO - HTTP Request: POST https://api.telegram.org/bot8584134262:AAH8bJA3kw_9TbolWnoLzoTSWGIBUE9L888/getMe "HTTP/1.1 200 OK"
2026-02-15 00:06:19,614 - httpx - INFO - HTTP Request: POST https://api.telegram.org/bot8584134262:AAH8bJA3kw_9TbolWnoLzoTSWGIBUE9L888/deleteWebhook "HTTP/1.1 200 OK"
2026-02-15 00:06:19,615 - apscheduler.scheduler - INFO - Scheduler started
2026-02-15 00:06:19,615 - telegram.ext.Application - INFO - Application started
2026-02-15 00:06:20,594 - httpx - INFO - HTTP Request: POST https://api.telegram.org/bot8584134262:AAH8bJA3kw_9TbolWnoLzoTSWGIBUE9L888/getUpdates "HTTP/1.1 200 OK"
2026-02-15 00:06:20,741 - httpx - INFO - HTTP Request: POST https://api.telegram.org/bot8584134262:AAH8bJA3kw_9TbolWnoLzoTSWGIBUE9L888/sendMessage "HTTP/1.1 200 OK"
2026-02-15 00:06:21,082 - httpx - INFO - HTTP Request: POST https://api.telegram.org/bot8584134262:AAH8bJA3kw_9TbolWnoLzoTSWGIBUE9L888/sendMessage "HTTP/1.1 200 OK"
2026-02-15 00:06:27,028 - httpx - INFO - HTTP Request: POST https://api.telegram.org/bot8584134262:AAH8bJA3kw_9TbolWnoLzoTSWGIBUE9L888/getUpdates "HTTP/1.1 200 OK"
2026-02-15 00:06:27,040 - __main__ - INFO - Message sent to queue: 40
2026-02-15 00:06:28,023 - httpx - INFO - HTTP Request: POST https://api.telegram.org/bot8584134262:AAH8bJA3kw_9TbolWnoLzoTSWGIBUE9L888/sendMessage "HTTP/1.1 200 OK"
2026-02-15 00:06:37,536 - httpx - INFO - HTTP Request: POST https://api.telegram.org/bot8584134262:AAH8bJA3kw_9TbolWnoLzoTSWGIBUE9L888/getUpdates "HTTP/1.1 200 OK"
2026-02-15 00:06:48,120 - httpx - INFO - HTTP Request: POST https://api.telegram.org/bot8584134262:AAH8bJA3kw_9TbolWnoLzoTSWGIBUE9L888/getUpdates "HTTP/1.1 200 OK"
2026-02-15 00:06:58,818 - httpx - INFO - HTTP Request: POST https://api.telegram.org/bot8584134262:AAH8bJA3kw_9TbolWnoLzoTSWGIBUE9L888/getUpdates "HTTP/1.1 200 OK"
2026-02-15 00:07:08,957 - httpx - INFO - HTTP Request: POST https://api.telegram.org/bot8584134262:AAH8bJA3kw_9TbolWnoLzoTSWGIBUE9L888/getUpdates "HTTP/1.1 200 OK"
2026-02-15 00:07:19,422 - httpx - INFO - HTTP Request: POST https://api.telegram.org/bot8584134262:AAH8bJA3kw_9TbolWnoLzoTSWGIBUE9L888/getUpdates "HTTP/1.1 200 OK"
2026-02-15 00:07:29,922 - httpx - INFO - HTTP Request: POST https://api.telegram.org/bot8584134262:AAH8bJA3kw_9TbolWnoLzoTSWGIBUE9L888/getUpdates "HTTP/1.1 200 OK"
2026-02-15 00:07:38,197 - httpx - INFO - HTTP Request: POST https://api.telegram.org/bot8584134262:AAH8bJA3kw_9TbolWnoLzoTSWGIBUE9L888/getUpdates "HTTP/1.1 200 OK"
2026-02-15 00:07:38,197 - telegram.ext.Application - INFO - Application is stopping. This might take a moment.
2026-02-15 00:07:38,198 - apscheduler.scheduler - INFO - Scheduler has been shut down
2026-02-15 00:07:38,198 - telegram.ext.Application - INFO - Application.stop() complete
2026-02-15 00:11:32,705 - __main__ - INFO - Redis client initialized successfully
2026-02-15 00:11:33,202 - __main__ - INFO - Starting Telegram bot...
2026-02-15 00:11:33,885 - httpx - INFO - HTTP Request: POST https://api.telegram.org/bot8584134262:AAH8bJA3kw_9TbolWnoLzoTSWGIBUE9L888/getMe "HTTP/1.1 200 OK"
2026-02-15 00:11:33,999 - httpx - INFO - HTTP Request: POST https://api.telegram.org/bot8584134262:AAH8bJA3kw_9TbolWnoLzoTSWGIBUE9L888/deleteWebhook "HTTP/1.1 200 OK"
2026-02-15 00:11:34,000 - apscheduler.scheduler - INFO - Scheduler started
2026-02-15 00:11:34,000 - telegram.ext.Application - INFO - Application started
2026-02-15 00:11:41,118 - httpx - INFO - HTTP Request: POST https://api.telegram.org/bot8584134262:AAH8bJA3kw_9TbolWnoLzoTSWGIBUE9L888/getUpdates "HTTP/1.1 200 OK"
2026-02-15 00:11:41,121 - __main__ - INFO - Message sent to queue: 42
2026-02-15 00:11:42,656 - httpx - INFO - HTTP Request: POST https://api.telegram.org/bot8584134262:AAH8bJA3kw_9TbolWnoLzoTSWGIBUE9L888/sendMessage "HTTP/1.1 200 OK"
2026-02-15 00:11:46,296 - httpx - INFO - HTTP Request: POST https://api.telegram.org/bot8584134262:AAH8bJA3kw_9TbolWnoLzoTSWGIBUE9L888/getUpdates "HTTP/1.1 200 OK"
2026-02-15 00:11:46,296 - telegram.ext.Application - INFO - Application is stopping. This might take a moment.
2026-02-15 00:11:46,297 - apscheduler.scheduler - INFO - Scheduler has been shut down
2026-02-15 00:11:46,297 - telegram.ext.Application - INFO - Application.stop() complete
2026-02-15 01:03:03,004 - __main__ - INFO - Redis client initialized successfully
2026-02-15 01:03:03,735 - __main__ - INFO - Starting Telegram bot...
2026-02-15 01:03:04,658 - httpx - INFO - HTTP Request: POST https://api.telegram.org/bot8584134262:AAH8bJA3kw_9TbolWnoLzoTSWGIBUE9L888/getMe "HTTP/1.1 200 OK"
2026-02-15 01:03:04,783 - httpx - INFO - HTTP Request: POST https://api.telegram.org/bot8584134262:AAH8bJA3kw_9TbolWnoLzoTSWGIBUE9L888/deleteWebhook "HTTP/1.1 200 OK"
2026-02-15 01:03:04,785 - apscheduler.scheduler - INFO - Scheduler started
2026-02-15 01:03:04,785 - telegram.ext.Application - INFO - Application started
2026-02-15 01:03:15,964 - httpx - INFO - HTTP Request: POST https://api.telegram.org/bot8584134262:AAH8bJA3kw_9TbolWnoLzoTSWGIBUE9L888/getUpdates "HTTP/1.1 200 OK"
2026-02-15 01:03:26,157 - httpx - INFO - HTTP Request: POST https://api.telegram.org/bot8584134262:AAH8bJA3kw_9TbolWnoLzoTSWGIBUE9L888/getUpdates "HTTP/1.1 200 OK"
2026-02-15 01:03:36,893 - httpx - INFO - HTTP Request: POST https://api.telegram.org/bot8584134262:AAH8bJA3kw_9TbolWnoLzoTSWGIBUE9L888/getUpdates "HTTP/1.1 200 OK"
2026-02-15 01:03:47,029 - httpx - INFO - HTTP Request: POST https://api.telegram.org/bot8584134262:AAH8bJA3kw_9TbolWnoLzoTSWGIBUE9L888/getUpdates "HTTP/1.1 200 OK"
2026-02-15 01:03:48,031 - httpx - INFO - HTTP Request: POST https://api.telegram.org/bot8584134262:AAH8bJA3kw_9TbolWnoLzoTSWGIBUE9L888/getUpdates "HTTP/1.1 200 OK"
2026-02-15 01:03:48,038 - __main__ - INFO - Message sent to queue: 44
2026-02-15 01:03:49,095 - httpx - INFO - HTTP Request: POST https://api.telegram.org/bot8584134262:AAH8bJA3kw_9TbolWnoLzoTSWGIBUE9L888/sendMessage "HTTP/1.1 200 OK"
2026-02-15 01:03:58,191 - httpx - INFO - HTTP Request: POST https://api.telegram.org/bot8584134262:AAH8bJA3kw_9TbolWnoLzoTSWGIBUE9L888/getUpdates "HTTP/1.1 200 OK"
2026-02-15 01:04:08,815 - httpx - INFO - HTTP Request: POST https://api.telegram.org/bot8584134262:AAH8bJA3kw_9TbolWnoLzoTSWGIBUE9L888/getUpdates "HTTP/1.1 200 OK"
2026-02-15 01:04:19,329 - httpx - INFO - HTTP Request: POST https://api.telegram.org/bot8584134262:AAH8bJA3kw_9TbolWnoLzoTSWGIBUE9L888/getUpdates "HTTP/1.1 200 OK"
2026-02-15 01:04:29,744 - httpx - INFO - HTTP Request: POST https://api.telegram.org/bot8584134262:AAH8bJA3kw_9TbolWnoLzoTSWGIBUE9L888/getUpdates "HTTP/1.1 200 OK"
2026-02-15 01:04:40,669 - httpx - INFO - HTTP Request: POST https://api.telegram.org/bot8584134262:AAH8bJA3kw_9TbolWnoLzoTSWGIBUE9L888/getUpdates "HTTP/1.1 200 OK"
2026-02-15 01:04:51,220 - httpx - INFO - HTTP Request: POST https://api.telegram.org/bot8584134262:AAH8bJA3kw_9TbolWnoLzoTSWGIBUE9L888/getUpdates "HTTP/1.1 200 OK"
2026-02-15 01:05:01,358 - httpx - INFO - HTTP Request: POST https://api.telegram.org/bot8584134262:AAH8bJA3kw_9TbolWnoLzoTSWGIBUE9L888/getUpdates "HTTP/1.1 200 OK"
2026-02-15 01:05:12,289 - httpx - INFO - HTTP Request: POST https://api.telegram.org/bot8584134262:AAH8bJA3kw_9TbolWnoLzoTSWGIBUE9L888/getUpdates "HTTP/1.1 200 OK"
2026-02-15 01:05:22,411 - httpx - INFO - HTTP Request: POST https://api.telegram.org/bot8584134262:AAH8bJA3kw_9TbolWnoLzoTSWGIBUE9L888/getUpdates "HTTP/1.1 200 OK"
2026-02-15 01:05:32,850 - httpx - INFO - HTTP Request: POST https://api.telegram.org/bot8584134262:AAH8bJA3kw_9TbolWnoLzoTSWGIBUE9L888/getUpdates "HTTP/1.1 200 OK"
2026-02-15 01:05:42,973 - httpx - INFO - HTTP Request: POST https://api.telegram.org/bot8584134262:AAH8bJA3kw_9TbolWnoLzoTSWGIBUE9L888/getUpdates "HTTP/1.1 200 OK"
2026-02-15 01:05:53,919 - httpx - INFO - HTTP Request: POST https://api.telegram.org/bot8584134262:AAH8bJA3kw_9TbolWnoLzoTSWGIBUE9L888/getUpdates "HTTP/1.1 200 OK"
2026-02-15 01:06:04,048 - httpx - INFO - HTTP Request: POST https://api.telegram.org/bot8584134262:AAH8bJA3kw_9TbolWnoLzoTSWGIBUE9L888/getUpdates "HTTP/1.1 200 OK"
2026-02-15 01:06:14,489 - httpx - INFO - HTTP Request: POST https://api.telegram.org/bot8584134262:AAH8bJA3kw_9TbolWnoLzoTSWGIBUE9L888/getUpdates "HTTP/1.1 200 OK"
2026-02-15 01:06:25,416 - httpx - INFO - HTTP Request: POST https://api.telegram.org/bot8584134262:AAH8bJA3kw_9TbolWnoLzoTSWGIBUE9L888/getUpdates "HTTP/1.1 200 OK"
2026-02-15 01:06:35,570 - httpx - INFO - HTTP Request: POST https://api.telegram.org/bot8584134262:AAH8bJA3kw_9TbolWnoLzoTSWGIBUE9L888/getUpdates "HTTP/1.1 200 OK"
2026-02-15 01:06:45,997 - httpx - INFO - HTTP Request: POST https://api.telegram.org/bot8584134262:AAH8bJA3kw_9TbolWnoLzoTSWGIBUE9L888/getUpdates "HTTP/1.1 200 OK"
2026-02-15 01:06:56,771 - httpx - INFO - HTTP Request: POST https://api.telegram.org/bot8584134262:AAH8bJA3kw_9TbolWnoLzoTSWGIBUE9L888/getUpdates "HTTP/1.1 200 OK"
2026-02-15 01:07:06,898 - httpx - INFO - HTTP Request: POST https://api.telegram.org/bot8584134262:AAH8bJA3kw_9TbolWnoLzoTSWGIBUE9L888/getUpdates "HTTP/1.1 200 OK"
2026-02-15 01:07:17,338 - httpx - INFO - HTTP Request: POST https://api.telegram.org/bot8584134262:AAH8bJA3kw_9TbolWnoLzoTSWGIBUE9L888/getUpdates "HTTP/1.1 200 OK"
2026-02-15 01:07:27,781 - httpx - INFO - HTTP Request: POST https://api.telegram.org/bot8584134262:AAH8bJA3kw_9TbolWnoLzoTSWGIBUE9L888/getUpdates "HTTP/1.1 200 OK"
2026-02-15 01:07:37,989 - httpx - INFO - HTTP Request: POST https://api.telegram.org/bot8584134262:AAH8bJA3kw_9TbolWnoLzoTSWGIBUE9L888/getUpdates "HTTP/1.1 200 OK"
2026-02-15 01:07:37,994 - __main__ - INFO - Message sent to queue: 46
2026-02-15 01:07:40,303 - httpx - INFO - HTTP Request: POST https://api.telegram.org/bot8584134262:AAH8bJA3kw_9TbolWnoLzoTSWGIBUE9L888/sendMessage "HTTP/1.1 200 OK"
2026-02-15 01:07:48,386 - httpx - INFO - HTTP Request: POST https://api.telegram.org/bot8584134262:AAH8bJA3kw_9TbolWnoLzoTSWGIBUE9L888/getUpdates "HTTP/1.1 200 OK"
2026-02-15 01:07:58,507 - httpx - INFO - HTTP Request: POST https://api.telegram.org/bot8584134262:AAH8bJA3kw_9TbolWnoLzoTSWGIBUE9L888/getUpdates "HTTP/1.1 200 OK"
2026-02-15 01:08:09,258 - httpx - INFO - HTTP Request: POST https://api.telegram.org/bot8584134262:AAH8bJA3kw_9TbolWnoLzoTSWGIBUE9L888/getUpdates "HTTP/1.1 200 OK"
2026-02-15 01:08:19,381 - httpx - INFO - HTTP Request: POST https://api.telegram.org/bot8584134262:AAH8bJA3kw_9TbolWnoLzoTSWGIBUE9L888/getUpdates "HTTP/1.1 200 OK"
2026-02-15 01:08:29,863 - httpx - INFO - HTTP Request: POST https://api.telegram.org/bot8584134262:AAH8bJA3kw_9TbolWnoLzoTSWGIBUE9L888/getUpdates "HTTP/1.1 200 OK"
2026-02-15 01:08:40,291 - httpx - INFO - HTTP Request: POST https://api.telegram.org/bot8584134262:AAH8bJA3kw_9TbolWnoLzoTSWGIBUE9L888/getUpdates "HTTP/1.1 200 OK"
2026-02-15 01:08:50,790 - httpx - INFO - HTTP Request: POST https://api.telegram.org/bot8584134262:AAH8bJA3kw_9TbolWnoLzoTSWGIBUE9L888/getUpdates "HTTP/1.1 200 OK"
2026-02-15 01:08:55,882 - httpx - INFO - HTTP Request: POST https://api.telegram.org/bot8584134262:AAH8bJA3kw_9TbolWnoLzoTSWGIBUE9L888/getUpdates "HTTP/1.1 200 OK"
2026-02-15 01:08:55,882 - telegram.ext.Application - INFO - Application is stopping. This might take a moment.
2026-02-15 01:08:55,883 - apscheduler.scheduler - INFO - Scheduler has been shut down
2026-02-15 01:08:55,883 - telegram.ext.Application - INFO - Application.stop() complete
2026-02-15 01:17:03,572 - __main__ - INFO - Redis client initialized successfully
2026-02-15 01:17:04,093 - __main__ - INFO - Starting Telegram bot...
2026-02-15 01:17:04,917 - httpx - INFO - HTTP Request: POST https://api.telegram.org/bot8584134262:AAH8bJA3kw_9TbolWnoLzoTSWGIBUE9L888/getMe "HTTP/1.1 200 OK"
2026-02-15 01:17:05,049 - httpx - INFO - HTTP Request: POST https://api.telegram.org/bot8584134262:AAH8bJA3kw_9TbolWnoLzoTSWGIBUE9L888/deleteWebhook "HTTP/1.1 200 OK"
2026-02-15 01:17:05,053 - apscheduler.scheduler - INFO - Scheduler started
2026-02-15 01:17:05,054 - telegram.ext.Application - INFO - Application started
2026-02-15 01:17:15,824 - httpx - INFO - HTTP Request: POST https://api.telegram.org/bot8584134262:AAH8bJA3kw_9TbolWnoLzoTSWGIBUE9L888/getUpdates "HTTP/1.1 200 OK"
2026-02-15 01:17:15,827 - __main__ - INFO - Message sent to queue: 48
2026-02-15 01:17:17,212 - httpx - INFO - HTTP Request: POST https://api.telegram.org/bot8584134262:AAH8bJA3kw_9TbolWnoLzoTSWGIBUE9L888/sendMessage "HTTP/1.1 200 OK"
2026-02-15 01:17:25,959 - httpx - INFO - HTTP Request: POST https://api.telegram.org/bot8584134262:AAH8bJA3kw_9TbolWnoLzoTSWGIBUE9L888/getUpdates "HTTP/1.1 200 OK"
2026-02-15 01:17:36,610 - httpx - INFO - HTTP Request: POST https://api.telegram.org/bot8584134262:AAH8bJA3kw_9TbolWnoLzoTSWGIBUE9L888/getUpdates "HTTP/1.1 200 OK"
2026-02-15 01:17:46,742 - httpx - INFO - HTTP Request: POST https://api.telegram.org/bot8584134262:AAH8bJA3kw_9TbolWnoLzoTSWGIBUE9L888/getUpdates "HTTP/1.1 200 OK"
2026-02-15 01:17:57,658 - httpx - INFO - HTTP Request: POST https://api.telegram.org/bot8584134262:AAH8bJA3kw_9TbolWnoLzoTSWGIBUE9L888/getUpdates "HTTP/1.1 200 OK"
2026-02-15 01:18:07,795 - httpx - INFO - HTTP Request: POST https://api.telegram.org/bot8584134262:AAH8bJA3kw_9TbolWnoLzoTSWGIBUE9L888/getUpdates "HTTP/1.1 200 OK"
2026-02-15 01:18:18,246 - httpx - INFO - HTTP Request: POST https://api.telegram.org/bot8584134262:AAH8bJA3kw_9TbolWnoLzoTSWGIBUE9L888/getUpdates "HTTP/1.1 200 OK"
2026-02-15 01:18:28,729 - httpx - INFO - HTTP Request: POST https://api.telegram.org/bot8584134262:AAH8bJA3kw_9TbolWnoLzoTSWGIBUE9L888/getUpdates "HTTP/1.1 200 OK"
2026-02-15 01:18:39,290 - httpx - INFO - HTTP Request: POST https://api.telegram.org/bot8584134262:AAH8bJA3kw_9TbolWnoLzoTSWGIBUE9L888/getUpdates "HTTP/1.1 200 OK"
2026-02-15 01:18:49,786 - httpx - INFO - HTTP Request: POST https://api.telegram.org/bot8584134262:AAH8bJA3kw_9TbolWnoLzoTSWGIBUE9L888/getUpdates "HTTP/1.1 200 OK"
2026-02-15 01:19:00,164 - httpx - INFO - HTTP Request: POST https://api.telegram.org/bot8584134262:AAH8bJA3kw_9TbolWnoLzoTSWGIBUE9L888/getUpdates "HTTP/1.1 200 OK"
2026-02-15 01:19:10,600 - httpx - INFO - HTTP Request: POST https://api.telegram.org/bot8584134262:AAH8bJA3kw_9TbolWnoLzoTSWGIBUE9L888/getUpdates "HTTP/1.1 200 OK"
2026-02-15 01:19:15,008 - httpx - INFO - HTTP Request: POST https://api.telegram.org/bot8584134262:AAH8bJA3kw_9TbolWnoLzoTSWGIBUE9L888/getUpdates "HTTP/1.1 200 OK"
2026-02-15 01:19:15,008 - telegram.ext.Application - INFO - Application is stopping. This might take a moment.
2026-02-15 01:19:15,009 - apscheduler.scheduler - INFO - Scheduler has been shut down
2026-02-15 01:19:15,009 - telegram.ext.Application - INFO - Application.stop() complete
2026-02-15 01:24:52,121 - __main__ - INFO - Redis client initialized successfully
2026-02-15 01:24:52,645 - __main__ - INFO - Starting Telegram bot...
2026-02-15 01:24:53,428 - httpx - INFO - HTTP Request: POST https://api.telegram.org/bot8584134262:AAH8bJA3kw_9TbolWnoLzoTSWGIBUE9L888/getMe "HTTP/1.1 200 OK"
2026-02-15 01:24:53,543 - httpx - INFO - HTTP Request: POST https://api.telegram.org/bot8584134262:AAH8bJA3kw_9TbolWnoLzoTSWGIBUE9L888/deleteWebhook "HTTP/1.1 200 OK"
2026-02-15 01:24:53,545 - apscheduler.scheduler - INFO - Scheduler started
2026-02-15 01:24:53,545 - telegram.ext.Application - INFO - Application started
2026-02-15 01:24:59,136 - httpx - INFO - HTTP Request: POST https://api.telegram.org/bot8584134262:AAH8bJA3kw_9TbolWnoLzoTSWGIBUE9L888/getUpdates "HTTP/1.1 200 OK"
2026-02-15 01:24:59,140 - __main__ - INFO - Message sent to queue: 50
2026-02-15 01:25:00,253 - httpx - INFO - HTTP Request: POST https://api.telegram.org/bot8584134262:AAH8bJA3kw_9TbolWnoLzoTSWGIBUE9L888/sendMessage "HTTP/1.1 200 OK"
2026-02-15 01:25:09,265 - httpx - INFO - HTTP Request: POST https://api.telegram.org/bot8584134262:AAH8bJA3kw_9TbolWnoLzoTSWGIBUE9L888/getUpdates "HTTP/1.1 200 OK"
2026-02-15 01:25:19,874 - httpx - INFO - HTTP Request: POST https://api.telegram.org/bot8584134262:AAH8bJA3kw_9TbolWnoLzoTSWGIBUE9L888/getUpdates "HTTP/1.1 200 OK"
2026-02-15 01:25:29,993 - httpx - INFO - HTTP Request: POST https://api.telegram.org/bot8584134262:AAH8bJA3kw_9TbolWnoLzoTSWGIBUE9L888/getUpdates "HTTP/1.1 200 OK"
2026-02-15 01:25:40,897 - httpx - INFO - HTTP Request: POST https://api.telegram.org/bot8584134262:AAH8bJA3kw_9TbolWnoLzoTSWGIBUE9L888/getUpdates "HTTP/1.1 200 OK"
2026-02-15 01:25:51,025 - httpx - INFO - HTTP Request: POST https://api.telegram.org/bot8584134262:AAH8bJA3kw_9TbolWnoLzoTSWGIBUE9L888/getUpdates "HTTP/1.1 200 OK"
2026-02-15 01:26:01,450 - httpx - INFO - HTTP Request: POST https://api.telegram.org/bot8584134262:AAH8bJA3kw_9TbolWnoLzoTSWGIBUE9L888/getUpdates "HTTP/1.1 200 OK"
2026-02-15 01:26:07,275 - __main__ - INFO - Bot stopped by user
2026-02-15 01:27:44,257 - __main__ - INFO - Redis client initialized successfully
2026-02-15 01:27:44,781 - __main__ - INFO - Starting Telegram bot...
2026-02-15 01:27:45,352 - httpx - INFO - HTTP Request: POST https://api.telegram.org/bot8584134262:AAH8bJA3kw_9TbolWnoLzoTSWGIBUE9L888/getMe "HTTP/1.1 200 OK"
2026-02-15 01:27:45,472 - httpx - INFO - HTTP Request: POST https://api.telegram.org/bot8584134262:AAH8bJA3kw_9TbolWnoLzoTSWGIBUE9L888/deleteWebhook "HTTP/1.1 200 OK"
2026-02-15 01:27:45,474 - apscheduler.scheduler - INFO - Scheduler started
2026-02-15 01:27:45,474 - telegram.ext.Application - INFO - Application started
2026-02-15 01:27:55,368 - httpx - INFO - HTTP Request: POST https://api.telegram.org/bot8584134262:AAH8bJA3kw_9TbolWnoLzoTSWGIBUE9L888/getUpdates "HTTP/1.1 200 OK"
2026-02-15 01:27:55,372 - __main__ - INFO - Message sent to queue: 52
2026-02-15 01:27:56,698 - httpx - INFO - HTTP Request: POST https://api.telegram.org/bot8584134262:AAH8bJA3kw_9TbolWnoLzoTSWGIBUE9L888/sendMessage "HTTP/1.1 200 OK"
2026-02-15 01:28:05,500 - httpx - INFO - HTTP Request: POST https://api.telegram.org/bot8584134262:AAH8bJA3kw_9TbolWnoLzoTSWGIBUE9L888/getUpdates "HTTP/1.1 200 OK"
2026-02-15 01:28:16,127 - httpx - INFO - HTTP Request: POST https://api.telegram.org/bot8584134262:AAH8bJA3kw_9TbolWnoLzoTSWGIBUE9L888/getUpdates "HTTP/1.1 200 OK"
2026-02-15 01:28:23,400 - httpx - INFO - HTTP Request: POST https://api.telegram.org/bot8584134262:AAH8bJA3kw_9TbolWnoLzoTSWGIBUE9L888/getUpdates "HTTP/1.1 200 OK"
2026-02-15 01:28:23,401 - telegram.ext.Application - INFO - Application is stopping. This might take a moment.
2026-02-15 01:28:23,401 - apscheduler.scheduler - INFO - Scheduler has been shut down
2026-02-15 01:28:23,402 - telegram.ext.Application - INFO - Application.stop() complete
2026-02-15 01:29:09,129 - __main__ - INFO - Redis client initialized successfully
2026-02-15 01:29:09,704 - __main__ - INFO - Starting Telegram bot...
2026-02-15 01:29:10,275 - httpx - INFO - HTTP Request: POST https://api.telegram.org/bot8584134262:AAH8bJA3kw_9TbolWnoLzoTSWGIBUE9L888/getMe "HTTP/1.1 200 OK"
2026-02-15 01:29:10,403 - httpx - INFO - HTTP Request: POST https://api.telegram.org/bot8584134262:AAH8bJA3kw_9TbolWnoLzoTSWGIBUE9L888/deleteWebhook "HTTP/1.1 200 OK"
2026-02-15 01:29:10,405 - apscheduler.scheduler - INFO - Scheduler started
2026-02-15 01:29:10,405 - telegram.ext.Application - INFO - Application started
2026-02-15 01:29:20,722 - httpx - INFO - HTTP Request: POST https://api.telegram.org/bot8584134262:AAH8bJA3kw_9TbolWnoLzoTSWGIBUE9L888/getUpdates "HTTP/1.1 200 OK"
2026-02-15 01:29:20,726 - __main__ - INFO - Message sent to queue: 54
2026-02-15 01:29:21,891 - httpx - INFO - HTTP Request: POST https://api.telegram.org/bot8584134262:AAH8bJA3kw_9TbolWnoLzoTSWGIBUE9L888/sendMessage "HTTP/1.1 200 OK"
2026-02-15 01:29:30,849 - httpx - INFO - HTTP Request: POST https://api.telegram.org/bot8584134262:AAH8bJA3kw_9TbolWnoLzoTSWGIBUE9L888/getUpdates "HTTP/1.1 200 OK"
2026-02-15 01:29:41,549 - httpx - INFO - HTTP Request: POST https://api.telegram.org/bot8584134262:AAH8bJA3kw_9TbolWnoLzoTSWGIBUE9L888/getUpdates "HTTP/1.1 200 OK"
2026-02-15 01:29:48,006 - httpx - INFO - HTTP Request: POST https://api.telegram.org/bot8584134262:AAH8bJA3kw_9TbolWnoLzoTSWGIBUE9L888/getUpdates "HTTP/1.1 200 OK"
2026-02-15 01:29:48,007 - telegram.ext.Application - INFO - Application is stopping. This might take a moment.
2026-02-15 01:29:48,007 - apscheduler.scheduler - INFO - Scheduler has been shut down
2026-02-15 01:29:48,007 - telegram.ext.Application - INFO - Application.stop() complete
2026-02-15 01:30:17,784 - __main__ - INFO - Redis client initialized successfully
2026-02-15 01:30:18,386 - __main__ - INFO - Starting Telegram bot...
2026-02-15 01:30:18,935 - httpx - INFO - HTTP Request: POST https://api.telegram.org/bot8584134262:AAH8bJA3kw_9TbolWnoLzoTSWGIBUE9L888/getMe "HTTP/1.1 200 OK"
2026-02-15 01:30:19,050 - httpx - INFO - HTTP Request: POST https://api.telegram.org/bot8584134262:AAH8bJA3kw_9TbolWnoLzoTSWGIBUE9L888/deleteWebhook "HTTP/1.1 200 OK"
2026-02-15 01:30:19,052 - apscheduler.scheduler - INFO - Scheduler started
2026-02-15 01:30:19,052 - telegram.ext.Application - INFO - Application started
2026-02-15 01:30:29,992 - httpx - INFO - HTTP Request: POST https://api.telegram.org/bot8584134262:AAH8bJA3kw_9TbolWnoLzoTSWGIBUE9L888/getUpdates "HTTP/1.1 200 OK"
2026-02-15 01:30:36,286 - httpx - INFO - HTTP Request: POST https://api.telegram.org/bot8584134262:AAH8bJA3kw_9TbolWnoLzoTSWGIBUE9L888/getUpdates "HTTP/1.1 200 OK"
2026-02-15 01:30:36,289 - __main__ - INFO - Message sent to queue: 56
2026-02-15 01:30:37,258 - httpx - INFO - HTTP Request: POST https://api.telegram.org/bot8584134262:AAH8bJA3kw_9TbolWnoLzoTSWGIBUE9L888/sendMessage "HTTP/1.1 200 OK"
2026-02-15 01:30:46,939 - httpx - INFO - HTTP Request: POST https://api.telegram.org/bot8584134262:AAH8bJA3kw_9TbolWnoLzoTSWGIBUE9L888/getUpdates "HTTP/1.1 200 OK"
2026-02-15 01:30:57,065 - httpx - INFO - HTTP Request: POST https://api.telegram.org/bot8584134262:AAH8bJA3kw_9TbolWnoLzoTSWGIBUE9L888/getUpdates "HTTP/1.1 200 OK"
2026-02-15 01:31:07,995 - httpx - INFO - HTTP Request: POST https://api.telegram.org/bot8584134262:AAH8bJA3kw_9TbolWnoLzoTSWGIBUE9L888/getUpdates "HTTP/1.1 200 OK"
2026-02-15 01:31:18,120 - httpx - INFO - HTTP Request: POST https://api.telegram.org/bot8584134262:AAH8bJA3kw_9TbolWnoLzoTSWGIBUE9L888/getUpdates "HTTP/1.1 200 OK"
2026-02-15 01:31:28,549 - httpx - INFO - HTTP Request: POST https://api.telegram.org/bot8584134262:AAH8bJA3kw_9TbolWnoLzoTSWGIBUE9L888/getUpdates "HTTP/1.1 200 OK"
2026-02-15 01:31:39,032 - httpx - INFO - HTTP Request: POST https://api.telegram.org/bot8584134262:AAH8bJA3kw_9TbolWnoLzoTSWGIBUE9L888/getUpdates "HTTP/1.1 200 OK"
2026-02-15 01:31:49,571 - httpx - INFO - HTTP Request: POST https://api.telegram.org/bot8584134262:AAH8bJA3kw_9TbolWnoLzoTSWGIBUE9L888/getUpdates "HTTP/1.1 200 OK"
2026-02-15 01:32:00,052 - httpx - INFO - HTTP Request: POST https://api.telegram.org/bot8584134262:AAH8bJA3kw_9TbolWnoLzoTSWGIBUE9L888/getUpdates "HTTP/1.1 200 OK"
2026-02-15 01:32:33,943 - __main__ - INFO - Redis client initialized successfully
2026-02-15 01:32:34,482 - __main__ - INFO - Starting Telegram bot...
2026-02-15 01:32:35,116 - httpx - INFO - HTTP Request: POST https://api.telegram.org/bot8584134262:AAH8bJA3kw_9TbolWnoLzoTSWGIBUE9L888/getMe "HTTP/1.1 200 OK"
2026-02-15 01:32:35,612 - httpx - INFO - HTTP Request: POST https://api.telegram.org/bot8584134262:AAH8bJA3kw_9TbolWnoLzoTSWGIBUE9L888/deleteWebhook "HTTP/1.1 200 OK"
2026-02-15 01:32:35,614 - apscheduler.scheduler - INFO - Scheduler started
2026-02-15 01:32:35,614 - telegram.ext.Application - INFO - Application started
2026-02-15 01:32:46,961 - httpx - INFO - HTTP Request: POST https://api.telegram.org/bot8584134262:AAH8bJA3kw_9TbolWnoLzoTSWGIBUE9L888/getUpdates "HTTP/1.1 200 OK"
2026-02-15 01:32:50,691 - httpx - INFO - HTTP Request: POST https://api.telegram.org/bot8584134262:AAH8bJA3kw_9TbolWnoLzoTSWGIBUE9L888/getUpdates "HTTP/1.1 200 OK"
2026-02-15 01:32:50,694 - __main__ - INFO - Message sent to queue: 58
2026-02-15 01:32:51,622 - httpx - INFO - HTTP Request: POST https://api.telegram.org/bot8584134262:AAH8bJA3kw_9TbolWnoLzoTSWGIBUE9L888/sendMessage "HTTP/1.1 200 OK"
2026-02-15 01:33:00,811 - httpx - INFO - HTTP Request: POST https://api.telegram.org/bot8584134262:AAH8bJA3kw_9TbolWnoLzoTSWGIBUE9L888/getUpdates "HTTP/1.1 200 OK"
2026-02-15 01:33:11,238 - httpx - INFO - HTTP Request: POST https://api.telegram.org/bot8584134262:AAH8bJA3kw_9TbolWnoLzoTSWGIBUE9L888/getUpdates "HTTP/1.1 200 OK"
2026-02-15 01:33:22,162 - httpx - INFO - HTTP Request: POST https://api.telegram.org/bot8584134262:AAH8bJA3kw_9TbolWnoLzoTSWGIBUE9L888/getUpdates "HTTP/1.1 200 OK"
2026-02-15 01:33:25,691 - __main__ - INFO - Bot stopped by user
2026-02-15 08:04:47,035 - __main__ - INFO - Redis client initialized successfully
2026-02-15 08:04:47,714 - __main__ - INFO - Starting Telegram bot...
2026-02-15 08:04:48,521 - httpx - INFO - HTTP Request: POST https://api.telegram.org/bot8584134262:AAH8bJA3kw_9TbolWnoLzoTSWGIBUE9L888/getMe "HTTP/1.1 200 OK"
2026-02-15 08:04:48,650 - httpx - INFO - HTTP Request: POST https://api.telegram.org/bot8584134262:AAH8bJA3kw_9TbolWnoLzoTSWGIBUE9L888/deleteWebhook "HTTP/1.1 200 OK"
2026-02-15 08:04:48,655 - apscheduler.scheduler - INFO - Scheduler started
2026-02-15 08:04:48,655 - telegram.ext.Application - INFO - Application started
2026-02-15 08:04:59,559 - httpx - INFO - HTTP Request: POST https://api.telegram.org/bot8584134262:AAH8bJA3kw_9TbolWnoLzoTSWGIBUE9L888/getUpdates "HTTP/1.1 200 OK"
2026-02-15 08:05:09,685 - httpx - INFO - HTTP Request: POST https://api.telegram.org/bot8584134262:AAH8bJA3kw_9TbolWnoLzoTSWGIBUE9L888/getUpdates "HTTP/1.1 200 OK"
2026-02-15 08:05:20,329 - httpx - INFO - HTTP Request: POST https://api.telegram.org/bot8584134262:AAH8bJA3kw_9TbolWnoLzoTSWGIBUE9L888/getUpdates "HTTP/1.1 200 OK"
2026-02-15 08:05:30,466 - httpx - INFO - HTTP Request: POST https://api.telegram.org/bot8584134262:AAH8bJA3kw_9TbolWnoLzoTSWGIBUE9L888/getUpdates "HTTP/1.1 200 OK"
2026-02-15 08:05:41,360 - httpx - INFO - HTTP Request: POST https://api.telegram.org/bot8584134262:AAH8bJA3kw_9TbolWnoLzoTSWGIBUE9L888/getUpdates "HTTP/1.1 200 OK"
2026-02-15 08:05:51,499 - httpx - INFO - HTTP Request: POST https://api.telegram.org/bot8584134262:AAH8bJA3kw_9TbolWnoLzoTSWGIBUE9L888/getUpdates "HTTP/1.1 200 OK"
2026-02-15 08:06:01,951 - httpx - INFO - HTTP Request: POST https://api.telegram.org/bot8584134262:AAH8bJA3kw_9TbolWnoLzoTSWGIBUE9L888/getUpdates "HTTP/1.1 200 OK"
2026-02-15 08:06:12,494 - httpx - INFO - HTTP Request: POST https://api.telegram.org/bot8584134262:AAH8bJA3kw_9TbolWnoLzoTSWGIBUE9L888/getUpdates "HTTP/1.1 200 OK"
2026-02-15 08:06:23,038 - httpx - INFO - HTTP Request: POST https://api.telegram.org/bot8584134262:AAH8bJA3kw_9TbolWnoLzoTSWGIBUE9L888/getUpdates "HTTP/1.1 200 OK"
2026-02-15 08:06:33,518 - httpx - INFO - HTTP Request: POST https://api.telegram.org/bot8584134262:AAH8bJA3kw_9TbolWnoLzoTSWGIBUE9L888/getUpdates "HTTP/1.1 200 OK"
2026-02-15 08:06:43,884 - httpx - INFO - HTTP Request: POST https://api.telegram.org/bot8584134262:AAH8bJA3kw_9TbolWnoLzoTSWGIBUE9L888/getUpdates "HTTP/1.1 200 OK"
2026-02-15 08:06:54,317 - httpx - INFO - HTTP Request: POST https://api.telegram.org/bot8584134262:AAH8bJA3kw_9TbolWnoLzoTSWGIBUE9L888/getUpdates "HTTP/1.1 200 OK"
2026-02-15 08:07:04,778 - httpx - INFO - HTTP Request: POST https://api.telegram.org/bot8584134262:AAH8bJA3kw_9TbolWnoLzoTSWGIBUE9L888/getUpdates "HTTP/1.1 200 OK"
2026-02-15 08:07:15,168 - httpx - INFO - HTTP Request: POST https://api.telegram.org/bot8584134262:AAH8bJA3kw_9TbolWnoLzoTSWGIBUE9L888/getUpdates "HTTP/1.1 200 OK"
2026-02-15 08:07:25,298 - httpx - INFO - HTTP Request: POST https://api.telegram.org/bot8584134262:AAH8bJA3kw_9TbolWnoLzoTSWGIBUE9L888/getUpdates "HTTP/1.1 200 OK"
2026-02-15 08:07:35,739 - httpx - INFO - HTTP Request: POST https://api.telegram.org/bot8584134262:AAH8bJA3kw_9TbolWnoLzoTSWGIBUE9L888/getUpdates "HTTP/1.1 200 OK"
2026-02-15 08:07:46,220 - httpx - INFO - HTTP Request: POST https://api.telegram.org/bot8584134262:AAH8bJA3kw_9TbolWnoLzoTSWGIBUE9L888/getUpdates "HTTP/1.1 200 OK"
2026-02-15 08:07:56,598 - httpx - INFO - HTTP Request: POST https://api.telegram.org/bot8584134262:AAH8bJA3kw_9TbolWnoLzoTSWGIBUE9L888/getUpdates "HTTP/1.1 200 OK"
2026-02-15 08:08:06,729 - httpx - INFO - HTTP Request: POST https://api.telegram.org/bot8584134262:AAH8bJA3kw_9TbolWnoLzoTSWGIBUE9L888/getUpdates "HTTP/1.1 200 OK"
2026-02-15 08:09:04,916 - __main__ - INFO - Redis client initialized successfully
2026-02-15 08:09:05,439 - __main__ - INFO - Starting Telegram bot...
2026-02-15 08:09:06,014 - httpx - INFO - HTTP Request: POST https://api.telegram.org/bot8584134262:AAH8bJA3kw_9TbolWnoLzoTSWGIBUE9L888/getMe "HTTP/1.1 200 OK"
2026-02-15 08:09:06,126 - httpx - INFO - HTTP Request: POST https://api.telegram.org/bot8584134262:AAH8bJA3kw_9TbolWnoLzoTSWGIBUE9L888/deleteWebhook "HTTP/1.1 200 OK"
2026-02-15 08:09:06,126 - apscheduler.scheduler - INFO - Scheduler started
2026-02-15 08:09:06,126 - telegram.ext.Application - INFO - Application started
2026-02-15 08:09:17,017 - httpx - INFO - HTTP Request: POST https://api.telegram.org/bot8584134262:AAH8bJA3kw_9TbolWnoLzoTSWGIBUE9L888/getUpdates "HTTP/1.1 200 OK"
2026-02-15 08:09:27,133 - httpx - INFO - HTTP Request: POST https://api.telegram.org/bot8584134262:AAH8bJA3kw_9TbolWnoLzoTSWGIBUE9L888/getUpdates "HTTP/1.1 200 OK"
2026-02-15 08:09:37,763 - httpx - INFO - HTTP Request: POST https://api.telegram.org/bot8584134262:AAH8bJA3kw_9TbolWnoLzoTSWGIBUE9L888/getUpdates "HTTP/1.1 200 OK"
2026-02-15 08:09:47,882 - httpx - INFO - HTTP Request: POST https://api.telegram.org/bot8584134262:AAH8bJA3kw_9TbolWnoLzoTSWGIBUE9L888/getUpdates "HTTP/1.1 200 OK"
2026-02-15 08:09:58,752 - httpx - INFO - HTTP Request: POST https://api.telegram.org/bot8584134262:AAH8bJA3kw_9TbolWnoLzoTSWGIBUE9L888/getUpdates "HTTP/1.1 200 OK"
2026-02-15 08:10:08,868 - httpx - INFO - HTTP Request: POST https://api.telegram.org/bot8584134262:AAH8bJA3kw_9TbolWnoLzoTSWGIBUE9L888/getUpdates "HTTP/1.1 200 OK"
2026-02-15 08:10:19,285 - httpx - INFO - HTTP Request: POST https://api.telegram.org/bot8584134262:AAH8bJA3kw_9TbolWnoLzoTSWGIBUE9L888/getUpdates "HTTP/1.1 200 OK"
2026-02-15 08:10:29,760 - httpx - INFO - HTTP Request: POST https://api.telegram.org/bot8584134262:AAH8bJA3kw_9TbolWnoLzoTSWGIBUE9L888/getUpdates "HTTP/1.1 200 OK"
2026-02-15 08:10:40,287 - httpx - INFO - HTTP Request: POST https://api.telegram.org/bot8584134262:AAH8bJA3kw_9TbolWnoLzoTSWGIBUE9L888/getUpdates "HTTP/1.1 200 OK"
2026-02-15 08:10:50,752 - httpx - INFO - HTTP Request: POST https://api.telegram.org/bot8584134262:AAH8bJA3kw_9TbolWnoLzoTSWGIBUE9L888/getUpdates "HTTP/1.1 200 OK"
2026-02-15 08:11:01,108 - httpx - INFO - HTTP Request: POST https://api.telegram.org/bot8584134262:AAH8bJA3kw_9TbolWnoLzoTSWGIBUE9L888/getUpdates "HTTP/1.1 200 OK"
2026-02-15 08:11:11,529 - httpx - INFO - HTTP Request: POST https://api.telegram.org/bot8584134262:AAH8bJA3kw_9TbolWnoLzoTSWGIBUE9L888/getUpdates "HTTP/1.1 200 OK"
2026-02-15 08:11:21,984 - httpx - INFO - HTTP Request: POST https://api.telegram.org/bot8584134262:AAH8bJA3kw_9TbolWnoLzoTSWGIBUE9L888/getUpdates "HTTP/1.1 200 OK"
2026-02-15 08:11:32,348 - httpx - INFO - HTTP Request: POST https://api.telegram.org/bot8584134262:AAH8bJA3kw_9TbolWnoLzoTSWGIBUE9L888/getUpdates "HTTP/1.1 200 OK"
2026-02-15 08:11:42,465 - httpx - INFO - HTTP Request: POST https://api.telegram.org/bot8584134262:AAH8bJA3kw_9TbolWnoLzoTSWGIBUE9L888/getUpdates "HTTP/1.1 200 OK"
2026-02-15 08:11:52,889 - httpx - INFO - HTTP Request: POST https://api.telegram.org/bot8584134262:AAH8bJA3kw_9TbolWnoLzoTSWGIBUE9L888/getUpdates "HTTP/1.1 200 OK"
2026-02-15 08:12:03,331 - httpx - INFO - HTTP Request: POST https://api.telegram.org/bot8584134262:AAH8bJA3kw_9TbolWnoLzoTSWGIBUE9L888/getUpdates "HTTP/1.1 200 OK"
2026-02-15 08:12:13,691 - httpx - INFO - HTTP Request: POST https://api.telegram.org/bot8584134262:AAH8bJA3kw_9TbolWnoLzoTSWGIBUE9L888/getUpdates "HTTP/1.1 200 OK"
2026-02-15 08:12:23,809 - httpx - INFO - HTTP Request: POST https://api.telegram.org/bot8584134262:AAH8bJA3kw_9TbolWnoLzoTSWGIBUE9L888/getUpdates "HTTP/1.1 200 OK"
2026-02-15 08:12:34,497 - httpx - INFO - HTTP Request: POST https://api.telegram.org/bot8584134262:AAH8bJA3kw_9TbolWnoLzoTSWGIBUE9L888/getUpdates "HTTP/1.1 200 OK"
2026-02-15 08:12:44,863 - httpx - INFO - HTTP Request: POST https://api.telegram.org/bot8584134262:AAH8bJA3kw_9TbolWnoLzoTSWGIBUE9L888/getUpdates "HTTP/1.1 200 OK"
2026-02-15 08:33:24,248 - __main__ - INFO - Redis client initialized successfully
2026-02-15 08:33:24,787 - __main__ - INFO - Starting Telegram bot...
2026-02-15 08:33:25,473 - httpx - INFO - HTTP Request: POST https://api.telegram.org/bot8584134262:AAH8bJA3kw_9TbolWnoLzoTSWGIBUE9L888/getMe "HTTP/1.1 200 OK"
2026-02-15 08:33:25,589 - httpx - INFO - HTTP Request: POST https://api.telegram.org/bot8584134262:AAH8bJA3kw_9TbolWnoLzoTSWGIBUE9L888/deleteWebhook "HTTP/1.1 200 OK"
2026-02-15 08:33:25,589 - apscheduler.scheduler - INFO - Scheduler started
2026-02-15 08:33:25,589 - telegram.ext.Application - INFO - Application started
2026-02-15 08:33:36,537 - httpx - INFO - HTTP Request: POST https://api.telegram.org/bot8584134262:AAH8bJA3kw_9TbolWnoLzoTSWGIBUE9L888/getUpdates "HTTP/1.1 200 OK"
2026-02-15 08:33:46,655 - httpx - INFO - HTTP Request: POST https://api.telegram.org/bot8584134262:AAH8bJA3kw_9TbolWnoLzoTSWGIBUE9L888/getUpdates "HTTP/1.1 200 OK"
2026-02-15 08:33:57,296 - httpx - INFO - HTTP Request: POST https://api.telegram.org/bot8584134262:AAH8bJA3kw_9TbolWnoLzoTSWGIBUE9L888/getUpdates "HTTP/1.1 200 OK"
2026-02-15 08:34:07,414 - httpx - INFO - HTTP Request: POST https://api.telegram.org/bot8584134262:AAH8bJA3kw_9TbolWnoLzoTSWGIBUE9L888/getUpdates "HTTP/1.1 200 OK"
2026-02-15 08:34:18,286 - httpx - INFO - HTTP Request: POST https://api.telegram.org/bot8584134262:AAH8bJA3kw_9TbolWnoLzoTSWGIBUE9L888/getUpdates "HTTP/1.1 200 OK"
2026-02-15 08:34:28,401 - httpx - INFO - HTTP Request: POST https://api.telegram.org/bot8584134262:AAH8bJA3kw_9TbolWnoLzoTSWGIBUE9L888/getUpdates "HTTP/1.1 200 OK"
2026-02-15 08:34:38,822 - httpx - INFO - HTTP Request: POST https://api.telegram.org/bot8584134262:AAH8bJA3kw_9TbolWnoLzoTSWGIBUE9L888/getUpdates "HTTP/1.1 200 OK"
2026-02-15 08:34:49,293 - httpx - INFO - HTTP Request: POST https://api.telegram.org/bot8584134262:AAH8bJA3kw_9TbolWnoLzoTSWGIBUE9L888/getUpdates "HTTP/1.1 200 OK"
2026-02-15 08:34:59,827 - httpx - INFO - HTTP Request: POST https://api.telegram.org/bot8584134262:AAH8bJA3kw_9TbolWnoLzoTSWGIBUE9L888/getUpdates "HTTP/1.1 200 OK"
2026-02-15 08:35:10,286 - httpx - INFO - HTTP Request: POST https://api.telegram.org/bot8584134262:AAH8bJA3kw_9TbolWnoLzoTSWGIBUE9L888/getUpdates "HTTP/1.1 200 OK"
2026-02-15 08:35:20,651 - httpx - INFO - HTTP Request: POST https://api.telegram.org/bot8584134262:AAH8bJA3kw_9TbolWnoLzoTSWGIBUE9L888/getUpdates "HTTP/1.1 200 OK"
2026-02-15 08:35:31,085 - httpx - INFO - HTTP Request: POST https://api.telegram.org/bot8584134262:AAH8bJA3kw_9TbolWnoLzoTSWGIBUE9L888/getUpdates "HTTP/1.1 200 OK"
2026-02-15 08:35:41,550 - httpx - INFO - HTTP Request: POST https://api.telegram.org/bot8584134262:AAH8bJA3kw_9TbolWnoLzoTSWGIBUE9L888/getUpdates "HTTP/1.1 200 OK"
2026-02-15 08:35:51,917 - httpx - INFO - HTTP Request: POST https://api.telegram.org/bot8584134262:AAH8bJA3kw_9TbolWnoLzoTSWGIBUE9L888/getUpdates "HTTP/1.1 200 OK"
2026-02-15 08:36:02,040 - httpx - INFO - HTTP Request: POST https://api.telegram.org/bot8584134262:AAH8bJA3kw_9TbolWnoLzoTSWGIBUE9L888/getUpdates "HTTP/1.1 200 OK"
2026-02-15 08:36:12,475 - httpx - INFO - HTTP Request: POST https://api.telegram.org/bot8584134262:AAH8bJA3kw_9TbolWnoLzoTSWGIBUE9L888/getUpdates "HTTP/1.1 200 OK"
2026-02-15 08:36:22,933 - httpx - INFO - HTTP Request: POST https://api.telegram.org/bot8584134262:AAH8bJA3kw_9TbolWnoLzoTSWGIBUE9L888/getUpdates "HTTP/1.1 200 OK"
2026-02-15 08:36:33,340 - httpx - INFO - HTTP Request: POST https://api.telegram.org/bot8584134262:AAH8bJA3kw_9TbolWnoLzoTSWGIBUE9L888/getUpdates "HTTP/1.1 200 OK"
2026-02-15 08:36:43,456 - httpx - INFO - HTTP Request: POST https://api.telegram.org/bot8584134262:AAH8bJA3kw_9TbolWnoLzoTSWGIBUE9L888/getUpdates "HTTP/1.1 200 OK"
2026-02-15 08:36:54,162 - httpx - INFO - HTTP Request: POST https://api.telegram.org/bot8584134262:AAH8bJA3kw_9TbolWnoLzoTSWGIBUE9L888/getUpdates "HTTP/1.1 200 OK"
2026-02-15 08:37:04,521 - httpx - INFO - HTTP Request: POST https://api.telegram.org/bot8584134262:AAH8bJA3kw_9TbolWnoLzoTSWGIBUE9L888/getUpdates "HTTP/1.1 200 OK"
2026-02-15 08:38:04,758 - __main__ - INFO - Redis client initialized successfully
2026-02-15 08:38:05,503 - __main__ - INFO - Starting Telegram bot...
2026-02-15 08:38:06,194 - httpx - INFO - HTTP Request: POST https://api.telegram.org/bot8584134262:AAH8bJA3kw_9TbolWnoLzoTSWGIBUE9L888/getMe "HTTP/1.1 200 OK"
2026-02-15 08:38:06,308 - httpx - INFO - HTTP Request: POST https://api.telegram.org/bot8584134262:AAH8bJA3kw_9TbolWnoLzoTSWGIBUE9L888/deleteWebhook "HTTP/1.1 200 OK"
2026-02-15 08:38:06,310 - apscheduler.scheduler - INFO - Scheduler started
2026-02-15 08:38:06,310 - telegram.ext.Application - INFO - Application started
2026-02-15 08:38:17,236 - httpx - INFO - HTTP Request: POST https://api.telegram.org/bot8584134262:AAH8bJA3kw_9TbolWnoLzoTSWGIBUE9L888/getUpdates "HTTP/1.1 200 OK"
2026-02-15 08:38:27,357 - httpx - INFO - HTTP Request: POST https://api.telegram.org/bot8584134262:AAH8bJA3kw_9TbolWnoLzoTSWGIBUE9L888/getUpdates "HTTP/1.1 200 OK"
2026-02-15 08:38:38,004 - httpx - INFO - HTTP Request: POST https://api.telegram.org/bot8584134262:AAH8bJA3kw_9TbolWnoLzoTSWGIBUE9L888/getUpdates "HTTP/1.1 200 OK"
2026-02-15 08:38:48,126 - httpx - INFO - HTTP Request: POST https://api.telegram.org/bot8584134262:AAH8bJA3kw_9TbolWnoLzoTSWGIBUE9L888/getUpdates "HTTP/1.1 200 OK"
2026-02-15 08:38:59,032 - httpx - INFO - HTTP Request: POST https://api.telegram.org/bot8584134262:AAH8bJA3kw_9TbolWnoLzoTSWGIBUE9L888/getUpdates "HTTP/1.1 200 OK"
2026-02-15 08:39:09,161 - httpx - INFO - HTTP Request: POST https://api.telegram.org/bot8584134262:AAH8bJA3kw_9TbolWnoLzoTSWGIBUE9L888/getUpdates "HTTP/1.1 200 OK"
2026-02-15 08:39:19,596 - httpx - INFO - HTTP Request: POST https://api.telegram.org/bot8584134262:AAH8bJA3kw_9TbolWnoLzoTSWGIBUE9L888/getUpdates "HTTP/1.1 200 OK"
2026-02-15 08:39:30,070 - httpx - INFO - HTTP Request: POST https://api.telegram.org/bot8584134262:AAH8bJA3kw_9TbolWnoLzoTSWGIBUE9L888/getUpdates "HTTP/1.1 200 OK"
2026-02-15 08:39:40,641 - httpx - INFO - HTTP Request: POST https://api.telegram.org/bot8584134262:AAH8bJA3kw_9TbolWnoLzoTSWGIBUE9L888/getUpdates "HTTP/1.1 200 OK"
2026-02-15 08:43:40,447 - __main__ - INFO - Redis client initialized successfully
2026-02-15 08:43:41,335 - __main__ - INFO - Starting Telegram bot...
2026-02-15 08:43:42,158 - httpx - INFO - HTTP Request: POST https://api.telegram.org/bot8584134262:AAH8bJA3kw_9TbolWnoLzoTSWGIBUE9L888/getMe "HTTP/1.1 200 OK"
2026-02-15 08:43:42,285 - httpx - INFO - HTTP Request: POST https://api.telegram.org/bot8584134262:AAH8bJA3kw_9TbolWnoLzoTSWGIBUE9L888/deleteWebhook "HTTP/1.1 200 OK"
2026-02-15 08:43:42,285 - apscheduler.scheduler - INFO - Scheduler started
2026-02-15 08:43:42,285 - telegram.ext.Application - INFO - Application started
2026-02-15 08:43:53,172 - httpx - INFO - HTTP Request: POST https://api.telegram.org/bot8584134262:AAH8bJA3kw_9TbolWnoLzoTSWGIBUE9L888/getUpdates "HTTP/1.1 200 OK"
2026-02-15 08:44:03,611 - httpx - INFO - HTTP Request: POST https://api.telegram.org/bot8584134262:AAH8bJA3kw_9TbolWnoLzoTSWGIBUE9L888/getUpdates "HTTP/1.1 200 OK"
2026-02-15 08:44:14,075 - httpx - INFO - HTTP Request: POST https://api.telegram.org/bot8584134262:AAH8bJA3kw_9TbolWnoLzoTSWGIBUE9L888/getUpdates "HTTP/1.1 200 OK"
2026-02-15 08:44:24,624 - httpx - INFO - HTTP Request: POST https://api.telegram.org/bot8584134262:AAH8bJA3kw_9TbolWnoLzoTSWGIBUE9L888/getUpdates "HTTP/1.1 200 OK"
2026-02-15 08:44:35,297 - httpx - INFO - HTTP Request: POST https://api.telegram.org/bot8584134262:AAH8bJA3kw_9TbolWnoLzoTSWGIBUE9L888/getUpdates "HTTP/1.1 200 OK"
2026-02-15 08:44:45,418 - httpx - INFO - HTTP Request: POST https://api.telegram.org/bot8584134262:AAH8bJA3kw_9TbolWnoLzoTSWGIBUE9L888/getUpdates "HTTP/1.1 200 OK"
2026-02-15 08:44:55,845 - httpx - INFO - HTTP Request: POST https://api.telegram.org/bot8584134262:AAH8bJA3kw_9TbolWnoLzoTSWGIBUE9L888/getUpdates "HTTP/1.1 200 OK"
2026-02-15 08:45:06,305 - httpx - INFO - HTTP Request: POST https://api.telegram.org/bot8584134262:AAH8bJA3kw_9TbolWnoLzoTSWGIBUE9L888/getUpdates "HTTP/1.1 200 OK"
2026-02-15 08:45:16,668 - httpx - INFO - HTTP Request: POST https://api.telegram.org/bot8584134262:AAH8bJA3kw_9TbolWnoLzoTSWGIBUE9L888/getUpdates "HTTP/1.1 200 OK"
2026-02-15 08:45:27,550 - httpx - INFO - HTTP Request: POST https://api.telegram.org/bot8584134262:AAH8bJA3kw_9TbolWnoLzoTSWGIBUE9L888/getUpdates "HTTP/1.1 200 OK"
2026-02-15 08:45:38,091 - httpx - INFO - HTTP Request: POST https://api.telegram.org/bot8584134262:AAH8bJA3kw_9TbolWnoLzoTSWGIBUE9L888/getUpdates "HTTP/1.1 200 OK"
2026-02-15 08:45:48,206 - httpx - INFO - HTTP Request: POST https://api.telegram.org/bot8584134262:AAH8bJA3kw_9TbolWnoLzoTSWGIBUE9L888/getUpdates "HTTP/1.1 200 OK"
2026-02-15 08:45:59,078 - httpx - INFO - HTTP Request: POST https://api.telegram.org/bot8584134262:AAH8bJA3kw_9TbolWnoLzoTSWGIBUE9L888/getUpdates "HTTP/1.1 200 OK"
2026-02-15 08:46:09,203 - httpx - INFO - HTTP Request: POST https://api.telegram.org/bot8584134262:AAH8bJA3kw_9TbolWnoLzoTSWGIBUE9L888/getUpdates "HTTP/1.1 200 OK"
2026-02-15 08:46:19,638 - httpx - INFO - HTTP Request: POST https://api.telegram.org/bot8584134262:AAH8bJA3kw_9TbolWnoLzoTSWGIBUE9L888/getUpdates "HTTP/1.1 200 OK"
2026-02-15 08:46:29,758 - httpx - INFO - HTTP Request: POST https://api.telegram.org/bot8584134262:AAH8bJA3kw_9TbolWnoLzoTSWGIBUE9L888/getUpdates "HTTP/1.1 200 OK"
2026-02-15 08:46:40,613 - httpx - INFO - HTTP Request: POST https://api.telegram.org/bot8584134262:AAH8bJA3kw_9TbolWnoLzoTSWGIBUE9L888/getUpdates "HTTP/1.1 200 OK"
2026-02-15 08:46:50,729 - httpx - INFO - HTTP Request: POST https://api.telegram.org/bot8584134262:AAH8bJA3kw_9TbolWnoLzoTSWGIBUE9L888/getUpdates "HTTP/1.1 200 OK"
2026-02-15 08:47:01,154 - httpx - INFO - HTTP Request: POST https://api.telegram.org/bot8584134262:AAH8bJA3kw_9TbolWnoLzoTSWGIBUE9L888/getUpdates "HTTP/1.1 200 OK"
2026-02-15 08:47:12,032 - httpx - INFO - HTTP Request: POST https://api.telegram.org/bot8584134262:AAH8bJA3kw_9TbolWnoLzoTSWGIBUE9L888/getUpdates "HTTP/1.1 200 OK"
2026-02-15 08:47:22,148 - httpx - INFO - HTTP Request: POST https://api.telegram.org/bot8584134262:AAH8bJA3kw_9TbolWnoLzoTSWGIBUE9L888/getUpdates "HTTP/1.1 200 OK"
2026-02-15 08:56:21,687 - __main__ - INFO - Redis client initialized successfully
2026-02-15 08:56:22,488 - __main__ - INFO - Starting Telegram bot...
2026-02-15 08:56:23,125 - httpx - INFO - HTTP Request: POST https://api.telegram.org/bot8584134262:AAH8bJA3kw_9TbolWnoLzoTSWGIBUE9L888/getMe "HTTP/1.1 200 OK"
2026-02-15 08:56:23,258 - httpx - INFO - HTTP Request: POST https://api.telegram.org/bot8584134262:AAH8bJA3kw_9TbolWnoLzoTSWGIBUE9L888/deleteWebhook "HTTP/1.1 200 OK"
2026-02-15 08:56:23,261 - apscheduler.scheduler - INFO - Scheduler started
2026-02-15 08:56:23,262 - telegram.ext.Application - INFO - Application started
2026-02-15 08:56:34,207 - httpx - INFO - HTTP Request: POST https://api.telegram.org/bot8584134262:AAH8bJA3kw_9TbolWnoLzoTSWGIBUE9L888/getUpdates "HTTP/1.1 200 OK"
2026-02-15 08:56:44,342 - httpx - INFO - HTTP Request: POST https://api.telegram.org/bot8584134262:AAH8bJA3kw_9TbolWnoLzoTSWGIBUE9L888/getUpdates "HTTP/1.1 200 OK"
2026-02-15 08:56:54,991 - httpx - INFO - HTTP Request: POST https://api.telegram.org/bot8584134262:AAH8bJA3kw_9TbolWnoLzoTSWGIBUE9L888/getUpdates "HTTP/1.1 200 OK"
2026-02-15 08:57:05,117 - httpx - INFO - HTTP Request: POST https://api.telegram.org/bot8584134262:AAH8bJA3kw_9TbolWnoLzoTSWGIBUE9L888/getUpdates "HTTP/1.1 200 OK"
2026-02-15 08:57:16,056 - httpx - INFO - HTTP Request: POST https://api.telegram.org/bot8584134262:AAH8bJA3kw_9TbolWnoLzoTSWGIBUE9L888/getUpdates "HTTP/1.1 200 OK"
2026-02-15 08:57:26,184 - httpx - INFO - HTTP Request: POST https://api.telegram.org/bot8584134262:AAH8bJA3kw_9TbolWnoLzoTSWGIBUE9L888/getUpdates "HTTP/1.1 200 OK"
2026-02-15 08:57:36,620 - httpx - INFO - HTTP Request: POST https://api.telegram.org/bot8584134262:AAH8bJA3kw_9TbolWnoLzoTSWGIBUE9L888/getUpdates "HTTP/1.1 200 OK"
2026-02-15 08:57:47,091 - httpx - INFO - HTTP Request: POST https://api.telegram.org/bot8584134262:AAH8bJA3kw_9TbolWnoLzoTSWGIBUE9L888/getUpdates "HTTP/1.1 200 OK"
2026-02-15 08:57:57,647 - httpx - INFO - HTTP Request: POST https://api.telegram.org/bot8584134262:AAH8bJA3kw_9TbolWnoLzoTSWGIBUE9L888/getUpdates "HTTP/1.1 200 OK"
2026-02-15 08:58:08,119 - httpx - INFO - HTTP Request: POST https://api.telegram.org/bot8584134262:AAH8bJA3kw_9TbolWnoLzoTSWGIBUE9L888/getUpdates "HTTP/1.1 200 OK"
2026-02-15 08:58:18,477 - httpx - INFO - HTTP Request: POST https://api.telegram.org/bot8584134262:AAH8bJA3kw_9TbolWnoLzoTSWGIBUE9L888/getUpdates "HTTP/1.1 200 OK"
2026-02-15 08:58:28,900 - httpx - INFO - HTTP Request: POST https://api.telegram.org/bot8584134262:AAH8bJA3kw_9TbolWnoLzoTSWGIBUE9L888/getUpdates "HTTP/1.1 200 OK"
2026-02-15 08:58:39,379 - httpx - INFO - HTTP Request: POST https://api.telegram.org/bot8584134262:AAH8bJA3kw_9TbolWnoLzoTSWGIBUE9L888/getUpdates "HTTP/1.1 200 OK"
2026-02-15 08:58:49,741 - httpx - INFO - HTTP Request: POST https://api.telegram.org/bot8584134262:AAH8bJA3kw_9TbolWnoLzoTSWGIBUE9L888/getUpdates "HTTP/1.1 200 OK"
2026-02-15 08:58:59,946 - httpx - INFO - HTTP Request: POST https://api.telegram.org/bot8584134262:AAH8bJA3kw_9TbolWnoLzoTSWGIBUE9L888/getUpdates "HTTP/1.1 200 OK"
2026-02-15 08:59:10,375 - httpx - INFO - HTTP Request: POST https://api.telegram.org/bot8584134262:AAH8bJA3kw_9TbolWnoLzoTSWGIBUE9L888/getUpdates "HTTP/1.1 200 OK"
2026-02-15 08:59:20,064 - __main__ - INFO - Redis client initialized successfully
2026-02-15 08:59:20,676 - __main__ - INFO - Starting Telegram bot...
2026-02-15 08:59:21,206 - httpx - INFO - HTTP Request: POST https://api.telegram.org/bot8584134262:AAH8bJA3kw_9TbolWnoLzoTSWGIBUE9L888/getMe "HTTP/1.1 200 OK"
2026-02-15 08:59:21,318 - httpx - INFO - HTTP Request: POST https://api.telegram.org/bot8584134262:AAH8bJA3kw_9TbolWnoLzoTSWGIBUE9L888/deleteWebhook "HTTP/1.1 200 OK"
2026-02-15 08:59:21,320 - apscheduler.scheduler - INFO - Scheduler started
2026-02-15 08:59:21,320 - telegram.ext.Application - INFO - Application started
2026-02-15 08:59:32,213 - httpx - INFO - HTTP Request: POST https://api.telegram.org/bot8584134262:AAH8bJA3kw_9TbolWnoLzoTSWGIBUE9L888/getUpdates "HTTP/1.1 200 OK"
2026-02-15 08:59:42,328 - httpx - INFO - HTTP Request: POST https://api.telegram.org/bot8584134262:AAH8bJA3kw_9TbolWnoLzoTSWGIBUE9L888/getUpdates "HTTP/1.1 200 OK"
2026-02-15 08:59:52,923 - httpx - INFO - HTTP Request: POST https://api.telegram.org/bot8584134262:AAH8bJA3kw_9TbolWnoLzoTSWGIBUE9L888/getUpdates "HTTP/1.1 200 OK"
2026-02-15 09:00:03,057 - httpx - INFO - HTTP Request: POST https://api.telegram.org/bot8584134262:AAH8bJA3kw_9TbolWnoLzoTSWGIBUE9L888/getUpdates "HTTP/1.1 200 OK"
2026-02-15 09:00:13,907 - httpx - INFO - HTTP Request: POST https://api.telegram.org/bot8584134262:AAH8bJA3kw_9TbolWnoLzoTSWGIBUE9L888/getUpdates "HTTP/1.1 200 OK"
2026-02-15 09:00:24,021 - httpx - INFO - HTTP Request: POST https://api.telegram.org/bot8584134262:AAH8bJA3kw_9TbolWnoLzoTSWGIBUE9L888/getUpdates "HTTP/1.1 200 OK"
2026-02-15 09:00:34,440 - httpx - INFO - HTTP Request: POST https://api.telegram.org/bot8584134262:AAH8bJA3kw_9TbolWnoLzoTSWGIBUE9L888/getUpdates "HTTP/1.1 200 OK"
2026-02-15 09:00:44,896 - httpx - INFO - HTTP Request: POST https://api.telegram.org/bot8584134262:AAH8bJA3kw_9TbolWnoLzoTSWGIBUE9L888/getUpdates "HTTP/1.1 200 OK"
2026-02-15 09:00:55,424 - httpx - INFO - HTTP Request: POST https://api.telegram.org/bot8584134262:AAH8bJA3kw_9TbolWnoLzoTSWGIBUE9L888/getUpdates "HTTP/1.1 200 OK"
2026-02-15 09:01:05,854 - httpx - INFO - HTTP Request: POST https://api.telegram.org/bot8584134262:AAH8bJA3kw_9TbolWnoLzoTSWGIBUE9L888/getUpdates "HTTP/1.1 200 OK"
2026-02-15 09:01:16,203 - httpx - INFO - HTTP Request: POST https://api.telegram.org/bot8584134262:AAH8bJA3kw_9TbolWnoLzoTSWGIBUE9L888/getUpdates "HTTP/1.1 200 OK"
2026-02-15 09:01:26,617 - httpx - INFO - HTTP Request: POST https://api.telegram.org/bot8584134262:AAH8bJA3kw_9TbolWnoLzoTSWGIBUE9L888/getUpdates "HTTP/1.1 200 OK"
2026-02-15 09:01:37,052 - httpx - INFO - HTTP Request: POST https://api.telegram.org/bot8584134262:AAH8bJA3kw_9TbolWnoLzoTSWGIBUE9L888/getUpdates "HTTP/1.1 200 OK"
2026-02-15 09:01:47,383 - httpx - INFO - HTTP Request: POST https://api.telegram.org/bot8584134262:AAH8bJA3kw_9TbolWnoLzoTSWGIBUE9L888/getUpdates "HTTP/1.1 200 OK"
2026-02-15 09:01:57,492 - httpx - INFO - HTTP Request: POST https://api.telegram.org/bot8584134262:AAH8bJA3kw_9TbolWnoLzoTSWGIBUE9L888/getUpdates "HTTP/1.1 200 OK"
2026-02-15 09:02:07,900 - httpx - INFO - HTTP Request: POST https://api.telegram.org/bot8584134262:AAH8bJA3kw_9TbolWnoLzoTSWGIBUE9L888/getUpdates "HTTP/1.1 200 OK"
2026-02-15 09:02:18,333 - httpx - INFO - HTTP Request: POST https://api.telegram.org/bot8584134262:AAH8bJA3kw_9TbolWnoLzoTSWGIBUE9L888/getUpdates "HTTP/1.1 200 OK"
2026-02-15 09:02:28,694 - httpx - INFO - HTTP Request: POST https://api.telegram.org/bot8584134262:AAH8bJA3kw_9TbolWnoLzoTSWGIBUE9L888/getUpdates "HTTP/1.1 200 OK"
2026-02-15 09:02:38,802 - httpx - INFO - HTTP Request: POST https://api.telegram.org/bot8584134262:AAH8bJA3kw_9TbolWnoLzoTSWGIBUE9L888/getUpdates "HTTP/1.1 200 OK"
2026-02-15 09:02:49,465 - httpx - INFO - HTTP Request: POST https://api.telegram.org/bot8584134262:AAH8bJA3kw_9TbolWnoLzoTSWGIBUE9L888/getUpdates "HTTP/1.1 200 OK"
2026-02-15 09:02:59,809 - httpx - INFO - HTTP Request: POST https://api.telegram.org/bot8584134262:AAH8bJA3kw_9TbolWnoLzoTSWGIBUE9L888/getUpdates "HTTP/1.1 200 OK"
